#
# There is insufficient memory for the Java Runtime Environment to continue.
# Native memory allocation (malloc) failed to allocate 897744 bytes. Error detail: Chunk::new
# Possible reasons:
#   The system is out of physical RAM or swap space
#   This process is running with CompressedOops enabled, and the Java Heap may be blocking the growth of the native heap
# Possible solutions:
#   Reduce memory load on the system
#   Increase physical memory or swap space
#   Check if swap backing store is full
#   Decrease Java heap size (-Xmx/-Xms)
#   Decrease number of Java threads
#   Decrease Java thread stack sizes (-Xss)
#   Set larger code cache with -XX:ReservedCodeCacheSize=
#   JVM is running with Zero Based Compressed Oops mode in which the Java heap is
#     placed in the first 32GB address space. The Java Heap base address is the
#     maximum limit for the native heap growth. Please use -XX:HeapBaseMinAddress
#     to set the Java Heap base and to place the Java Heap above 32GB virtual address.
# This output file may be truncated or incomplete.
#
#  Out of Memory Error (arena.cpp:162), pid=27528, tid=33668
#
# JRE version: OpenJDK Runtime Environment (24.0.1+9) (build 24.0.1+9-30)
# Java VM: OpenJDK 64-Bit Server VM (24.0.1+9-30, mixed mode, sharing, tiered, compressed oops, compressed class ptrs, g1 gc, windows-amd64)
# No core dump will be written. Minidumps are not enabled by default on client versions of Windows
#

---------------  S U M M A R Y ------------

Command Line: -javaagent:C:\Program Files\JetBrains\IntelliJ IDEA Community Edition 2025.1.1.1\lib\idea_rt.jar=59542 -Dfile.encoding=UTF-8 -Dsun.stdout.encoding=UTF-8 -Dsun.stderr.encoding=UTF-8 com.cartservice.CartServiceApplication

Host: AMD Ryzen 5 PRO 8540U w/ Radeon 740M Graphics  , 12 cores, 15G,  Windows 11 , 64 bit Build 26100 (10.0.26100.4202)
Time: Sun Jun 29 11:38:05 2025 India Standard Time elapsed time: 4827.832615 seconds (0d 1h 20m 27s)

---------------  T H R E A D  ---------------

Current thread (0x000001ea06289010):  JavaThread "C2 CompilerThread0" daemon [_thread_in_native, id=33668, stack(0x00000081e8c00000,0x00000081e8d00000) (1024K)]


Current CompileTask:
C2:4827832 9894   !   4       java.util.concurrent.locks.AbstractQueuedSynchronizer::acquire (448 bytes)

Stack: [0x00000081e8c00000,0x00000081e8d00000]
Native frames: (J=compiled Java code, j=interpreted, Vv=VM code, C=native code)
V  [jvm.dll+0x730739]  (no source info available)
V  [jvm.dll+0x8d9b23]  (no source info available)
V  [jvm.dll+0x8dc00d]  (no source info available)
V  [jvm.dll+0x8dc683]  (no source info available)
V  [jvm.dll+0x2aa086]  (no source info available)
V  [jvm.dll+0xcedef]  (no source info available)
V  [jvm.dll+0xcf04f]  (no source info available)
V  [jvm.dll+0x154d83]  (no source info available)
V  [jvm.dll+0x735f5f]  (no source info available)
V  [jvm.dll+0x26fa1c]  (no source info available)
V  [jvm.dll+0x26ea3f]  (no source info available)
V  [jvm.dll+0x1e9d60]  (no source info available)
V  [jvm.dll+0x27e1fb]  (no source info available)
V  [jvm.dll+0x27c49a]  (no source info available)
V  [jvm.dll+0x42f456]  (no source info available)
V  [jvm.dll+0x87d76b]  (no source info available)
V  [jvm.dll+0x72ee55]  (no source info available)
C  [ucrtbase.dll+0x37b0]  (no source info available)
C  [KERNEL32.DLL+0x2e8d7]  (no source info available)
C  [ntdll.dll+0x3c34c]  (no source info available)

Lock stack of current Java thread (top to bottom):


---------------  P R O C E S S  ---------------

Threads class SMR info:
_java_thread_list=0x000001ea4fc72110, length=38, elements={
0x000001ea062722a0, 0x000001ea06275560, 0x000001ea0627aeb0, 0x000001ea0627b6e0,
0x000001ea0627d220, 0x000001ea06286630, 0x000001ea06289010, 0x000001ea0628a030,
0x000001ea06473ae0, 0x000001ea0686b0a0, 0x000001ea0686c1d0, 0x000001ea06dc9f20,
0x000001ea4c403b70, 0x000001ea4f8241e0, 0x000001ea4f822bf0, 0x000001ea4f823340,
0x000001ea4dfa77a0, 0x000001ea4dfaa380, 0x000001ea4f8224a0, 0x000001ea4e8fc5f0,
0x000001ea4e8fcd40, 0x000001ea4e8fdbe0, 0x000001ea4e8fb000, 0x000001ea4e8fd490,
0x000001ea4e8fb750, 0x000001ea4e8fbea0, 0x000001ea4e8fa8b0, 0x000001ea4e901660,
0x000001ea4e8ff1d0, 0x000001ea4e8ff920, 0x000001ea4e900070, 0x000001ea4e9007c0,
0x000001ea4e8fe330, 0x000001ea4e900f10, 0x000001ea4e8fea80, 0x000001ea4f79a480,
0x000001ea4f799d30, 0x000001ea50044cf0
}

Java Threads: ( => current thread )
  0x000001ea062722a0 JavaThread "Reference Handler"          daemon [_thread_blocked, id=25776, stack(0x00000081e8600000,0x00000081e8700000) (1024K)]
  0x000001ea06275560 JavaThread "Finalizer"                  daemon [_thread_blocked, id=29644, stack(0x00000081e8700000,0x00000081e8800000) (1024K)]
  0x000001ea0627aeb0 JavaThread "Signal Dispatcher"          daemon [_thread_blocked, id=32728, stack(0x00000081e8800000,0x00000081e8900000) (1024K)]
  0x000001ea0627b6e0 JavaThread "Attach Listener"            daemon [_thread_blocked, id=32892, stack(0x00000081e8900000,0x00000081e8a00000) (1024K)]
  0x000001ea0627d220 JavaThread "Service Thread"             daemon [_thread_blocked, id=4404, stack(0x00000081e8a00000,0x00000081e8b00000) (1024K)]
  0x000001ea06286630 JavaThread "Monitor Deflation Thread"   daemon [_thread_blocked, id=25244, stack(0x00000081e8b00000,0x00000081e8c00000) (1024K)]
=>0x000001ea06289010 JavaThread "C2 CompilerThread0"         daemon [_thread_in_native, id=33668, stack(0x00000081e8c00000,0x00000081e8d00000) (1024K)]
  0x000001ea0628a030 JavaThread "C1 CompilerThread0"         daemon [_thread_blocked, id=32944, stack(0x00000081e8d00000,0x00000081e8e00000) (1024K)]
  0x000001ea06473ae0 JavaThread "Common-Cleaner"             daemon [_thread_blocked, id=10300, stack(0x00000081e8e00000,0x00000081e8f00000) (1024K)]
  0x000001ea0686b0a0 JavaThread "Monitor Ctrl-Break"         daemon [_thread_in_native, id=13092, stack(0x00000081e8f00000,0x00000081e9000000) (1024K)]
  0x000001ea0686c1d0 JavaThread "Notification Thread"        daemon [_thread_blocked, id=19692, stack(0x00000081e9000000,0x00000081e9100000) (1024K)]
  0x000001ea06dc9f20 JavaThread "Catalina-utility-1"                [_thread_blocked, id=20376, stack(0x00000081e9700000,0x00000081e9800000) (1024K)]
  0x000001ea4c403b70 JavaThread "Catalina-utility-2"                [_thread_blocked, id=29000, stack(0x00000081e9f00000,0x00000081ea000000) (1024K)]
  0x000001ea4f8241e0 JavaThread "container-0"                       [_thread_blocked, id=28864, stack(0x00000081ea000000,0x00000081ea100000) (1024K)]
  0x000001ea4f822bf0 JavaThread "mysql-cj-abandoned-connection-cleanup" daemon [_thread_blocked, id=34196, stack(0x00000081ea100000,0x00000081ea200000) (1024K)]
  0x000001ea4f823340 JavaThread "HikariPool-1 housekeeper"   daemon [_thread_blocked, id=32400, stack(0x00000081ea300000,0x00000081ea400000) (1024K)]
  0x000001ea4dfa77a0 JavaThread "spectator-gauge-polling-0"  daemon [_thread_blocked, id=4392, stack(0x00000081ea400000,0x00000081ea500000) (1024K)]
  0x000001ea4dfaa380 JavaThread "AsyncResolver-bootstrap-%d" daemon [_thread_blocked, id=14332, stack(0x00000081ea600000,0x00000081ea700000) (1024K)]
  0x000001ea4f8224a0 JavaThread "DiscoveryClient-%d"         daemon [_thread_blocked, id=17280, stack(0x00000081e9600000,0x00000081e9700000) (1024K)]
  0x000001ea4e8fc5f0 JavaThread "DiscoveryClient-%d"         daemon [_thread_blocked, id=17196, stack(0x00000081ea700000,0x00000081ea800000) (1024K)]
  0x000001ea4e8fcd40 JavaThread "DiscoveryClient-InstanceInfoReplicator-%d" daemon [_thread_blocked, id=14948, stack(0x00000081ea800000,0x00000081ea900000) (1024K)]
  0x000001ea4e8fdbe0 JavaThread "http-nio-8082-exec-1"       daemon [_thread_blocked, id=13472, stack(0x00000081ea900000,0x00000081eaa00000) (1024K)]
  0x000001ea4e8fb000 JavaThread "http-nio-8082-exec-2"       daemon [_thread_blocked, id=5180, stack(0x00000081eaa00000,0x00000081eab00000) (1024K)]
  0x000001ea4e8fd490 JavaThread "http-nio-8082-exec-3"       daemon [_thread_blocked, id=9572, stack(0x00000081eab00000,0x00000081eac00000) (1024K)]
  0x000001ea4e8fb750 JavaThread "http-nio-8082-exec-4"       daemon [_thread_blocked, id=17240, stack(0x00000081eac00000,0x00000081ead00000) (1024K)]
  0x000001ea4e8fbea0 JavaThread "http-nio-8082-exec-5"       daemon [_thread_blocked, id=17232, stack(0x00000081ead00000,0x00000081eae00000) (1024K)]
  0x000001ea4e8fa8b0 JavaThread "http-nio-8082-exec-6"       daemon [_thread_blocked, id=6596, stack(0x00000081eae00000,0x00000081eaf00000) (1024K)]
  0x000001ea4e901660 JavaThread "http-nio-8082-exec-7"       daemon [_thread_blocked, id=17220, stack(0x00000081eaf00000,0x00000081eb000000) (1024K)]
  0x000001ea4e8ff1d0 JavaThread "http-nio-8082-exec-8"       daemon [_thread_blocked, id=17256, stack(0x00000081eb000000,0x00000081eb100000) (1024K)]
  0x000001ea4e8ff920 JavaThread "http-nio-8082-exec-9"       daemon [_thread_blocked, id=7872, stack(0x00000081eb100000,0x00000081eb200000) (1024K)]
  0x000001ea4e900070 JavaThread "http-nio-8082-exec-10"      daemon [_thread_blocked, id=5192, stack(0x00000081eb200000,0x00000081eb300000) (1024K)]
  0x000001ea4e9007c0 JavaThread "http-nio-8082-Poller"       daemon [_thread_in_native, id=16520, stack(0x00000081eb300000,0x00000081eb400000) (1024K)]
  0x000001ea4e8fe330 JavaThread "http-nio-8082-Acceptor"     daemon [_thread_in_native, id=7116, stack(0x00000081eb400000,0x00000081eb500000) (1024K)]
  0x000001ea4e900f10 JavaThread "DestroyJavaVM"                     [_thread_blocked, id=6472, stack(0x00000081e7e00000,0x00000081e7f00000) (1024K)]
  0x000001ea4e8fea80 JavaThread "DiscoveryClient-CacheRefreshExecutor-%d" daemon [_thread_blocked, id=26788, stack(0x00000081e7d00000,0x00000081e7e00000) (1024K)]
  0x000001ea4f79a480 JavaThread "DiscoveryClient-HeartbeatExecutor-%d" daemon [_thread_blocked, id=1872, stack(0x00000081e9500000,0x00000081e9600000) (1024K)]
  0x000001ea4f799d30 JavaThread "AsyncResolver-bootstrap-executor-%d" daemon [_thread_blocked, id=19796, stack(0x00000081e7c00000,0x00000081e7d00000) (1024K)]
  0x000001ea50044cf0 JavaThread "C2 CompilerThread1"         daemon [_thread_in_native, id=27088, stack(0x00000081ea200000,0x00000081ea300000) (1024K)]
Total: 38

Other Threads:
  0x000001ea7fac6860 VMThread "VM Thread"                           [id=22176, stack(0x00000081e8500000,0x00000081e8600000) (1024K)]
  0x000001ea7fbebed0 WatcherThread "VM Periodic Task Thread"        [id=25400, stack(0x00000081e8400000,0x00000081e8500000) (1024K)]
  0x000001ea660cda00 WorkerThread "GC Thread#0"                     [id=5800, stack(0x00000081e7f00000,0x00000081e8000000) (1024K)]
  0x000001ea7fac5240 WorkerThread "GC Thread#1"                     [id=2680, stack(0x00000081e9100000,0x00000081e9200000) (1024K)]
  0x000001ea7fac5d50 WorkerThread "GC Thread#2"                     [id=12936, stack(0x00000081e9200000,0x00000081e9300000) (1024K)]
  0x000001ea7fac6100 WorkerThread "GC Thread#3"                     [id=13564, stack(0x00000081e9300000,0x00000081e9400000) (1024K)]
  0x000001ea4c49c9f0 WorkerThread "GC Thread#4"                     [id=2512, stack(0x00000081e9400000,0x00000081e9500000) (1024K)]
  0x000001ea4c49f9e0 WorkerThread "GC Thread#5"                     [id=17768, stack(0x00000081e9800000,0x00000081e9900000) (1024K)]
  0x000001ea4c49f280 WorkerThread "GC Thread#6"                     [id=11968, stack(0x00000081e9900000,0x00000081e9a00000) (1024K)]
  0x000001ea4c49fd90 WorkerThread "GC Thread#7"                     [id=26748, stack(0x00000081e9a00000,0x00000081e9b00000) (1024K)]
  0x000001ea4c4a0140 WorkerThread "GC Thread#8"                     [id=31556, stack(0x00000081e9b00000,0x00000081e9c00000) (1024K)]
  0x000001ea4c49c640 WorkerThread "GC Thread#9"                     [id=29240, stack(0x00000081e9c00000,0x00000081e9d00000) (1024K)]
  0x000001ea660e1c90 ConcurrentGCThread "G1 Main Marker"            [id=23424, stack(0x00000081e8000000,0x00000081e8100000) (1024K)]
  0x000001ea660e6db0 WorkerThread "G1 Conc#0"                       [id=32856, stack(0x00000081e8100000,0x00000081e8200000) (1024K)]
  0x000001ea4c49cda0 WorkerThread "G1 Conc#1"                       [id=28524, stack(0x00000081e9d00000,0x00000081e9e00000) (1024K)]
  0x000001ea4c49eb20 WorkerThread "G1 Conc#2"                       [id=18120, stack(0x00000081e9e00000,0x00000081e9f00000) (1024K)]
  0x000001ea660fe5a0 ConcurrentGCThread "G1 Refine#0"               [id=10692, stack(0x00000081e8200000,0x00000081e8300000) (1024K)]
  0x000001ea7fabc120 ConcurrentGCThread "G1 Service"                [id=2856, stack(0x00000081e8300000,0x00000081e8400000) (1024K)]
Total: 18

Threads with active compile tasks:
C2 CompilerThread0  4833300 9894   !   4       java.util.concurrent.locks.AbstractQueuedSynchronizer::acquire (448 bytes)
C2 CompilerThread1  4833300 9907       4       com.fasterxml.jackson.databind.type.TypeFactory::_fromClass (328 bytes)
Total: 2

VM state: not at safepoint (normal execution)

VM Mutex/Monitor currently owned by a thread: None

Heap address: 0x000000070b800000, size: 3912 MB, Compressed Oops mode: Zero based, Oop shift amount: 3

CDS archive(s) mapped at: [0x000001ea07000000-0x000001ea07d40000-0x000001ea07d40000), size 13893632, SharedBaseAddress: 0x000001ea07000000, ArchiveRelocationMode: 1.
Compressed class space mapped at: 0x000001ea08000000-0x000001ea48000000, reserved size: 1073741824
UseCompressedClassPointers 1, UseCompactObjectHeaders 0
Narrow klass pointer bits 32, Max shift 3
Narrow klass base: 0x000001ea07000000, Narrow klass shift: 0
Encoding Range: [0x000001ea07000000 - 0x000001eb07000000), (4294967296 bytes)
Klass Range:    [0x000001ea07000000 - 0x000001ea48000000), (1090519040 bytes)
Klass ID Range:  [8 - 1090519033) (1090519025)

GC Precious Log:
 CardTable entry size: 512
 Card Set container configuration: InlinePtr #cards 4 size 8 Array Of Cards #cards 16 size 48 Howl #buckets 8 coarsen threshold 3686 Howl Bitmap #cards 512 size 80 coarsen threshold 460 Card regions per heap region 1 cards per card region 4096
 CPUs: 12 total, 12 available
 Memory: 15645M
 Large Page Support: Disabled
 NUMA Support: Disabled
 Compressed Oops: Enabled (Zero based)
 Heap Region Size: 2M
 Heap Min Capacity: 8M
 Heap Initial Capacity: 246M
 Heap Max Capacity: 3912M
 Pre-touch: Disabled
 Parallel Workers: 10
 Concurrent Workers: 3
 Concurrent Refinement Workers: 10
 Periodic GC: Disabled

Heap:
 garbage-first heap   total reserved 4005888K, committed 94208K, used 48703K [0x000000070b800000, 0x0000000800000000)
  region size 2048K, 6 young (12288K), 3 survivors (6144K)
 Metaspace       used 84230K, committed 84928K, reserved 1179648K
  class space    used 9108K, committed 9408K, reserved 1048576K

Heap Regions: E=young(eden), S=young(survivor), O=old, HS=humongous(starts), HC=humongous(continues), CS=collection set, F=free, TAMS=top-at-mark-start, PB=parsable bottom
|   0|0x000000070b800000, 0x000000070ba00000, 0x000000070ba00000|100%| O|  |TAMS 0x000000070b800000| PB 0x000000070b800000| Untracked |  0
|   1|0x000000070ba00000, 0x000000070bc00000, 0x000000070bc00000|100%| O|  |TAMS 0x000000070ba00000| PB 0x000000070ba00000| Untracked |  0
|   2|0x000000070bc00000, 0x000000070be00000, 0x000000070be00000|100%| O|  |TAMS 0x000000070bc00000| PB 0x000000070bc00000| Untracked |  0
|   3|0x000000070be00000, 0x000000070c000000, 0x000000070c000000|100%| O|  |TAMS 0x000000070be00000| PB 0x000000070be00000| Untracked |  0
|   4|0x000000070c000000, 0x000000070c200000, 0x000000070c200000|100%| O|  |TAMS 0x000000070c000000| PB 0x000000070c000000| Untracked |  0
|   5|0x000000070c200000, 0x000000070c400000, 0x000000070c400000|100%| O|  |TAMS 0x000000070c200000| PB 0x000000070c200000| Untracked |  0
|   6|0x000000070c400000, 0x000000070c600000, 0x000000070c600000|100%| O|  |TAMS 0x000000070c400000| PB 0x000000070c400000| Untracked |  0
|   7|0x000000070c600000, 0x000000070c800000, 0x000000070c800000|100%| O|Cm|TAMS 0x000000070c600000| PB 0x000000070c600000| Complete |  0
|   8|0x000000070c800000, 0x000000070ca00000, 0x000000070ca00000|100%| O|  |TAMS 0x000000070c800000| PB 0x000000070c800000| Untracked |  0
|   9|0x000000070ca00000, 0x000000070cc00000, 0x000000070cc00000|100%| O|  |TAMS 0x000000070ca00000| PB 0x000000070ca00000| Untracked |  0
|  10|0x000000070cc00000, 0x000000070ce00000, 0x000000070ce00000|100%| O|  |TAMS 0x000000070cc00000| PB 0x000000070cc00000| Untracked |  0
|  11|0x000000070ce00000, 0x000000070d000000, 0x000000070d000000|100%| O|  |TAMS 0x000000070ce00000| PB 0x000000070ce00000| Untracked |  0
|  12|0x000000070d000000, 0x000000070d200000, 0x000000070d200000|100%| O|  |TAMS 0x000000070d000000| PB 0x000000070d000000| Untracked |  0
|  13|0x000000070d200000, 0x000000070d200000, 0x000000070d400000|  0%| F|  |TAMS 0x000000070d200000| PB 0x000000070d200000| Untracked |  0
|  14|0x000000070d400000, 0x000000070d400000, 0x000000070d600000|  0%| F|  |TAMS 0x000000070d400000| PB 0x000000070d400000| Untracked |  0
|  15|0x000000070d600000, 0x000000070d800000, 0x000000070d800000|100%| O|  |TAMS 0x000000070d600000| PB 0x000000070d600000| Untracked |  0
|  16|0x000000070d800000, 0x000000070d9e7730, 0x000000070da00000| 95%| O|  |TAMS 0x000000070d800000| PB 0x000000070d800000| Untracked |  0
|  17|0x000000070da00000, 0x000000070dba88b0, 0x000000070dc00000| 82%| S|CS|TAMS 0x000000070da00000| PB 0x000000070da00000| Complete |  0
|  18|0x000000070dc00000, 0x000000070de00000, 0x000000070de00000|100%| S|CS|TAMS 0x000000070dc00000| PB 0x000000070dc00000| Complete |  0
|  19|0x000000070de00000, 0x000000070e000000, 0x000000070e000000|100%| S|CS|TAMS 0x000000070de00000| PB 0x000000070de00000| Complete |  0
|  20|0x000000070e000000, 0x000000070e000000, 0x000000070e200000|  0%| F|  |TAMS 0x000000070e000000| PB 0x000000070e000000| Untracked |  0
|  21|0x000000070e200000, 0x000000070e200000, 0x000000070e400000|  0%| F|  |TAMS 0x000000070e200000| PB 0x000000070e200000| Untracked |  0
|  22|0x000000070e400000, 0x000000070e400000, 0x000000070e600000|  0%| F|  |TAMS 0x000000070e400000| PB 0x000000070e400000| Untracked |  0
|  23|0x000000070e600000, 0x000000070e600000, 0x000000070e800000|  0%| F|  |TAMS 0x000000070e600000| PB 0x000000070e600000| Untracked |  0
|  24|0x000000070e800000, 0x000000070e800000, 0x000000070ea00000|  0%| F|  |TAMS 0x000000070e800000| PB 0x000000070e800000| Untracked |  0
|  25|0x000000070ea00000, 0x000000070ea00000, 0x000000070ec00000|  0%| F|  |TAMS 0x000000070ea00000| PB 0x000000070ea00000| Untracked |  0
|  26|0x000000070ec00000, 0x000000070ec00000, 0x000000070ee00000|  0%| F|  |TAMS 0x000000070ec00000| PB 0x000000070ec00000| Untracked |  0
|  27|0x000000070ee00000, 0x000000070ee00000, 0x000000070f000000|  0%| F|  |TAMS 0x000000070ee00000| PB 0x000000070ee00000| Untracked |  0
|  28|0x000000070f000000, 0x000000070f000000, 0x000000070f200000|  0%| F|  |TAMS 0x000000070f000000| PB 0x000000070f000000| Untracked |  0
|  29|0x000000070f200000, 0x000000070f200000, 0x000000070f400000|  0%| F|  |TAMS 0x000000070f200000| PB 0x000000070f200000| Untracked |  0
|  30|0x000000070f400000, 0x000000070f400000, 0x000000070f600000|  0%| F|  |TAMS 0x000000070f400000| PB 0x000000070f400000| Untracked |  0
|  31|0x000000070f600000, 0x000000070f600000, 0x000000070f800000|  0%| F|  |TAMS 0x000000070f600000| PB 0x000000070f600000| Untracked |  0
|  32|0x000000070f800000, 0x000000070f800000, 0x000000070fa00000|  0%| F|  |TAMS 0x000000070f800000| PB 0x000000070f800000| Untracked |  0
|  33|0x000000070fa00000, 0x000000070fa00000, 0x000000070fc00000|  0%| F|  |TAMS 0x000000070fa00000| PB 0x000000070fa00000| Untracked |  0
|  89|0x0000000716a00000, 0x0000000716a00000, 0x0000000716c00000|  0%| F|  |TAMS 0x0000000716a00000| PB 0x0000000716a00000| Untracked |  0
|  90|0x0000000716c00000, 0x0000000716c00000, 0x0000000716e00000|  0%| F|  |TAMS 0x0000000716c00000| PB 0x0000000716c00000| Untracked |  0
|  91|0x0000000716e00000, 0x0000000716e00000, 0x0000000717000000|  0%| F|  |TAMS 0x0000000716e00000| PB 0x0000000716e00000| Untracked |  0
|  92|0x0000000717000000, 0x0000000717000000, 0x0000000717200000|  0%| F|  |TAMS 0x0000000717000000| PB 0x0000000717000000| Untracked |  0
|  93|0x0000000717200000, 0x0000000717200000, 0x0000000717400000|  0%| F|  |TAMS 0x0000000717200000| PB 0x0000000717200000| Untracked |  0
|  94|0x0000000717400000, 0x0000000717537658, 0x0000000717600000| 60%| E|  |TAMS 0x0000000717400000| PB 0x0000000717400000| Complete |  1
| 122|0x000000071ac00000, 0x000000071ae00000, 0x000000071ae00000|100%| E|CS|TAMS 0x000000071ac00000| PB 0x000000071ac00000| Complete |  0
|1951|0x00000007ff600000, 0x00000007ff800000, 0x00000007ff800000|100%| O|  |TAMS 0x00000007ff600000| PB 0x00000007ff600000| Untracked |  0
|1952|0x00000007ff800000, 0x00000007ffa00000, 0x00000007ffa00000|100%| O|  |TAMS 0x00000007ff800000| PB 0x00000007ff800000| Untracked |  0
|1953|0x00000007ffa00000, 0x00000007ffc00000, 0x00000007ffc00000|100%| O|  |TAMS 0x00000007ffa00000| PB 0x00000007ffa00000| Untracked |  0
|1954|0x00000007ffc00000, 0x00000007ffe00000, 0x00000007ffe00000|100%| O|  |TAMS 0x00000007ffc00000| PB 0x00000007ffc00000| Untracked |  0
|1955|0x00000007ffe00000, 0x0000000800000000, 0x0000000800000000|100%| E|CS|TAMS 0x00000007ffe00000| PB 0x00000007ffe00000| Complete |  0

Card table byte_map: [0x000001ea7efb0000,0x000001ea7f760000] _byte_map_base: 0x000001ea7b754000

Marking Bits: (CMBitMap*) 0x000001ea660ce110
 Bits: [0x000001ea00000000, 0x000001ea03d20000)

Polling page: 0x000001ea647a0000

Metaspace:

Usage:
  Non-class:     73.36 MB used.
      Class:      8.90 MB used.
       Both:     82.26 MB used.

Virtual space:
  Non-class space:      128.00 MB reserved,      73.75 MB ( 58%) committed,  2 nodes.
      Class space:        1.00 GB reserved,       9.19 MB ( <1%) committed,  1 nodes.
             Both:        1.12 GB reserved,      82.94 MB (  7%) committed. 

Chunk freelists:
   Non-Class:  6.12 MB
       Class:  6.66 MB
        Both:  12.79 MB

MaxMetaspaceSize: unlimited
CompressedClassSpaceSize: 1.00 GB
Initial GC threshold: 21.00 MB
Current GC threshold: 138.12 MB
CDS: on
 - commit_granule_bytes: 65536.
 - commit_granule_words: 8192.
 - virtual_space_node_default_size: 8388608.
 - enlarge_chunks_in_place: 1.
UseCompressedClassPointers 1, UseCompactObjectHeaders 0
Narrow klass pointer bits 32, Max shift 3
Narrow klass base: 0x000001ea07000000, Narrow klass shift: 0
Encoding Range: [0x000001ea07000000 - 0x000001eb07000000), (4294967296 bytes)
Klass Range:    [0x000001ea07000000 - 0x000001ea48000000), (1090519040 bytes)
Klass ID Range:  [8 - 1090519033) (1090519025)


Internal statistics:

num_allocs_failed_limit: 14.
num_arena_births: 996.
num_arena_deaths: 0.
num_vsnodes_births: 3.
num_vsnodes_deaths: 0.
num_space_committed: 1327.
num_space_uncommitted: 0.
num_chunks_returned_to_freelist: 14.
num_chunks_taken_from_freelist: 3855.
num_chunk_merges: 14.
num_chunk_splits: 2847.
num_chunks_enlarged: 2338.
num_inconsistent_stats: 0.

CodeHeap 'non-profiled nmethods': size=120064Kb used=4739Kb max_used=4863Kb free=115324Kb
 bounds [0x000001ea76620000, 0x000001ea76ae0000, 0x000001ea7db60000]
CodeHeap 'profiled nmethods': size=120000Kb used=15260Kb max_used=15454Kb free=104739Kb
 bounds [0x000001ea6eb60000, 0x000001ea6fa80000, 0x000001ea76090000]
CodeHeap 'non-nmethods': size=5696Kb used=1836Kb max_used=2001Kb free=3859Kb
 bounds [0x000001ea76090000, 0x000001ea76300000, 0x000001ea76620000]
CodeCache: size=245760Kb, used=21835Kb, max_used=22318Kb, free=223922Kb
 total_blobs=9581, nmethods=8789, adapters=696, full_count=0
Compilation: enabled, stopped_count=0, restarted_count=0

Compilation events (20 events):
Event: 4760.212 Thread 0x000001ea0628a030 9886       3       java.util.concurrent.FutureTask::isDone (13 bytes)
Event: 4760.213 Thread 0x000001ea0628a030 nmethod 9886 0x000001ea6f2d4188 code [0x000001ea6f2d42a0, 0x000001ea6f2d43f8]
Event: 4763.704 Thread 0x000001ea06289010 9887       4       org.apache.hc.core5.http.message.BasicListHeaderIterator::next (47 bytes)
Event: 4763.711 Thread 0x000001ea06289010 nmethod 9887 0x000001ea76671608 code [0x000001ea766717a0, 0x000001ea76671e30]
Event: 4763.878 Thread 0x000001ea06289010 9888       4       org.apache.commons.logging.LogAdapter$Slf4jLog::isDebugEnabled (10 bytes)
Event: 4763.881 Thread 0x000001ea06289010 nmethod 9888 0x000001ea76699e88 code [0x000001ea76699fc0, 0x000001ea7669a198]
Event: 4793.708 Thread 0x000001ea0628a030 9889   !   3       org.apache.hc.core5.concurrent.BasicFuture::completed (83 bytes)
Event: 4793.710 Thread 0x000001ea0628a030 nmethod 9889 0x000001ea6ebadc08 code [0x000001ea6ebade60, 0x000001ea6ebaf0d0]
Event: 4793.712 Thread 0x000001ea0628a030 9890   !   3       org.apache.hc.core5.pool.StrictConnPool::release (247 bytes)
Event: 4793.725 Thread 0x000001ea0628a030 nmethod 9890 0x000001ea6eee8e08 code [0x000001ea6eee91e0, 0x000001ea6eeeb5f0]
Event: 4793.881 Thread 0x000001ea0628a030 9891       3       org.apache.hc.client5.http.auth.AuthExchange::<init> (12 bytes)
Event: 4793.882 Thread 0x000001ea0628a030 nmethod 9891 0x000001ea6edd6388 code [0x000001ea6edd64a0, 0x000001ea6edd6678]
Event: 4793.882 Thread 0x000001ea0628a030 9892       3       org.apache.hc.client5.http.impl.auth.AuthCacheKeeper::loadFromCache (95 bytes)
Event: 4793.883 Thread 0x000001ea0628a030 nmethod 9892 0x000001ea6edb3088 code [0x000001ea6edb3240, 0x000001ea6edb3f50]
Event: 4793.885 Thread 0x000001ea0628a030 9893       3       org.springframework.util.ConcurrentLruCache::get (65 bytes)
Event: 4793.896 Thread 0x000001ea0628a030 nmethod 9893 0x000001ea6f2ff908 code [0x000001ea6f2ffae0, 0x000001ea6f300690]
Event: 4823.888 Thread 0x000001ea06289010 9894   !   4       java.util.concurrent.locks.AbstractQueuedSynchronizer::acquire (448 bytes)
Event: 4825.363 Thread 0x000001ea0628a030 9897       3       com.fasterxml.jackson.databind.module.SimpleModule::getTypeId (31 bytes)
Event: 4825.364 Thread 0x000001ea0628a030 nmethod 9897 0x000001ea6ed5ed88 code [0x000001ea6ed5eee0, 0x000001ea6ed5f3b8]
Event: 4825.364 Thread 0x000001ea0628a030 9898       3       java.util.ServiceLoader$ModuleServicesLookupIterator::iteratorFor (190 bytes)

GC Heap History (20 events):
Event: 6.351 GC heap before
{Heap before GC invocations=3 (full 0):
 garbage-first heap   total reserved 4005888K, committed 75776K, used 72872K [0x000000070b800000, 0x0000000800000000)
  region size 2048K, 32 young (65536K), 6 survivors (12288K)
 Metaspace       used 29668K, committed 29952K, reserved 1114112K
  class space    used 3058K, committed 3200K, reserved 1048576K
}
Event: 6.374 GC heap after
{Heap after GC invocations=4 (full 0):
 garbage-first heap   total reserved 4005888K, committed 94208K, used 23627K [0x000000070b800000, 0x0000000800000000)
  region size 2048K, 5 young (10240K), 5 survivors (10240K)
 Metaspace       used 29668K, committed 29952K, reserved 1114112K
  class space    used 3058K, committed 3200K, reserved 1048576K
}
Event: 8.509 GC heap before
{Heap before GC invocations=4 (full 0):
 garbage-first heap   total reserved 4005888K, committed 94208K, used 62539K [0x000000070b800000, 0x0000000800000000)
  region size 2048K, 24 young (49152K), 5 survivors (10240K)
 Metaspace       used 35468K, committed 35840K, reserved 1114112K
  class space    used 3755K, committed 3904K, reserved 1048576K
}
Event: 8.542 GC heap after
{Heap after GC invocations=5 (full 0):
 garbage-first heap   total reserved 4005888K, committed 94208K, used 27328K [0x000000070b800000, 0x0000000800000000)
  region size 2048K, 2 young (4096K), 2 survivors (4096K)
 Metaspace       used 35468K, committed 35840K, reserved 1114112K
  class space    used 3755K, committed 3904K, reserved 1048576K
}
Event: 8.744 GC heap before
{Heap before GC invocations=5 (full 0):
 garbage-first heap   total reserved 4005888K, committed 94208K, used 29376K [0x000000070b800000, 0x0000000800000000)
  region size 2048K, 4 young (8192K), 2 survivors (4096K)
 Metaspace       used 35777K, committed 36096K, reserved 1114112K
  class space    used 3778K, committed 3904K, reserved 1048576K
}
Event: 8.756 GC heap after
{Heap after GC invocations=6 (full 0):
 garbage-first heap   total reserved 4005888K, committed 94208K, used 28237K [0x000000070b800000, 0x0000000800000000)
  region size 2048K, 1 young (2048K), 1 survivors (2048K)
 Metaspace       used 35777K, committed 36096K, reserved 1114112K
  class space    used 3778K, committed 3904K, reserved 1048576K
}
Event: 11.059 GC heap before
{Heap before GC invocations=7 (full 0):
 garbage-first heap   total reserved 4005888K, committed 94208K, used 71245K [0x000000070b800000, 0x0000000800000000)
  region size 2048K, 22 young (45056K), 1 survivors (2048K)
 Metaspace       used 45522K, committed 45952K, reserved 1114112K
  class space    used 4828K, committed 4992K, reserved 1048576K
}
Event: 11.064 GC heap after
{Heap after GC invocations=8 (full 0):
 garbage-first heap   total reserved 4005888K, committed 94208K, used 30322K [0x000000070b800000, 0x0000000800000000)
  region size 2048K, 2 young (4096K), 2 survivors (4096K)
 Metaspace       used 45522K, committed 45952K, reserved 1114112K
  class space    used 4828K, committed 4992K, reserved 1048576K
}
Event: 13.539 GC heap before
{Heap before GC invocations=8 (full 0):
 garbage-first heap   total reserved 4005888K, committed 94208K, used 69234K [0x000000070b800000, 0x0000000800000000)
  region size 2048K, 22 young (45056K), 2 survivors (4096K)
 Metaspace       used 60042K, committed 60416K, reserved 1114112K
  class space    used 6279K, committed 6464K, reserved 1048576K
}
Event: 13.544 GC heap after
{Heap after GC invocations=9 (full 0):
 garbage-first heap   total reserved 4005888K, committed 94208K, used 33327K [0x000000070b800000, 0x0000000800000000)
  region size 2048K, 3 young (6144K), 3 survivors (6144K)
 Metaspace       used 60042K, committed 60416K, reserved 1114112K
  class space    used 6279K, committed 6464K, reserved 1048576K
}
Event: 13.608 GC heap before
{Heap before GC invocations=9 (full 0):
 garbage-first heap   total reserved 4005888K, committed 94208K, used 33327K [0x000000070b800000, 0x0000000800000000)
  region size 2048K, 4 young (8192K), 3 survivors (6144K)
 Metaspace       used 60339K, committed 60736K, reserved 1114112K
  class space    used 6325K, committed 6528K, reserved 1048576K
}
Event: 13.614 GC heap after
{Heap after GC invocations=10 (full 0):
 garbage-first heap   total reserved 4005888K, committed 94208K, used 33454K [0x000000070b800000, 0x0000000800000000)
  region size 2048K, 2 young (4096K), 2 survivors (4096K)
 Metaspace       used 60339K, committed 60736K, reserved 1114112K
  class space    used 6325K, committed 6528K, reserved 1048576K
}
Event: 15.604 GC heap before
{Heap before GC invocations=11 (full 0):
 garbage-first heap   total reserved 4005888K, committed 94208K, used 78510K [0x000000070b800000, 0x0000000800000000)
  region size 2048K, 24 young (49152K), 2 survivors (4096K)
 Metaspace       used 69875K, committed 70336K, reserved 1114112K
  class space    used 7496K, committed 7680K, reserved 1048576K
}
Event: 15.610 GC heap after
{Heap after GC invocations=12 (full 0):
 garbage-first heap   total reserved 4005888K, committed 94208K, used 36415K [0x000000070b800000, 0x0000000800000000)
  region size 2048K, 3 young (6144K), 3 survivors (6144K)
 Metaspace       used 69875K, committed 70336K, reserved 1114112K
  class space    used 7496K, committed 7680K, reserved 1048576K
}
Event: 17.496 GC heap before
{Heap before GC invocations=12 (full 0):
 garbage-first heap   total reserved 4005888K, committed 94208K, used 81471K [0x000000070b800000, 0x0000000800000000)
  region size 2048K, 25 young (51200K), 3 survivors (6144K)
 Metaspace       used 74893K, committed 75456K, reserved 1179648K
  class space    used 8092K, committed 8320K, reserved 1048576K
}
Event: 17.504 GC heap after
{Heap after GC invocations=13 (full 0):
 garbage-first heap   total reserved 4005888K, committed 94208K, used 39513K [0x000000070b800000, 0x0000000800000000)
  region size 2048K, 4 young (8192K), 4 survivors (8192K)
 Metaspace       used 74893K, committed 75456K, reserved 1179648K
  class space    used 8092K, committed 8320K, reserved 1048576K
}
Event: 19.061 GC heap before
{Heap before GC invocations=13 (full 0):
 garbage-first heap   total reserved 4005888K, committed 94208K, used 78425K [0x000000070b800000, 0x0000000800000000)
  region size 2048K, 23 young (47104K), 4 survivors (8192K)
 Metaspace       used 79828K, committed 80512K, reserved 1179648K
  class space    used 8712K, committed 9024K, reserved 1048576K
}
Event: 19.068 GC heap after
{Heap after GC invocations=14 (full 0):
 garbage-first heap   total reserved 4005888K, committed 94208K, used 42247K [0x000000070b800000, 0x0000000800000000)
  region size 2048K, 2 young (4096K), 2 survivors (4096K)
 Metaspace       used 79828K, committed 80512K, reserved 1179648K
  class space    used 8712K, committed 9024K, reserved 1048576K
}
Event: 3863.199 GC heap before
{Heap before GC invocations=14 (full 0):
 garbage-first heap   total reserved 4005888K, committed 94208K, used 83207K [0x000000070b800000, 0x0000000800000000)
  region size 2048K, 22 young (45056K), 2 survivors (4096K)
 Metaspace       used 84155K, committed 84864K, reserved 1179648K
  class space    used 9108K, committed 9408K, reserved 1048576K
}
Event: 3863.246 GC heap after
{Heap after GC invocations=15 (full 0):
 garbage-first heap   total reserved 4005888K, committed 94208K, used 44607K [0x000000070b800000, 0x0000000800000000)
  region size 2048K, 3 young (6144K), 3 survivors (6144K)
 Metaspace       used 84155K, committed 84864K, reserved 1179648K
  class space    used 9108K, committed 9408K, reserved 1048576K
}

Dll operation events (13 events):
Event: 0.063 Loaded shared library C:\Users\smishr\.jdks\openjdk-24.0.1\bin\java.dll
Event: 0.148 Loaded shared library C:\Users\smishr\.jdks\openjdk-24.0.1\bin\jsvml.dll
Event: 0.631 Loaded shared library C:\Users\smishr\.jdks\openjdk-24.0.1\bin\zip.dll
Event: 0.639 Loaded shared library C:\Users\smishr\.jdks\openjdk-24.0.1\bin\instrument.dll
Event: 0.656 Loaded shared library C:\Users\smishr\.jdks\openjdk-24.0.1\bin\net.dll
Event: 0.671 Loaded shared library C:\Users\smishr\.jdks\openjdk-24.0.1\bin\nio.dll
Event: 0.679 Loaded shared library C:\Users\smishr\.jdks\openjdk-24.0.1\bin\zip.dll
Event: 1.043 Loaded shared library C:\Users\smishr\.jdks\openjdk-24.0.1\bin\extnet.dll
Event: 1.108 Loaded shared library C:\Users\smishr\.jdks\openjdk-24.0.1\bin\jimage.dll
Event: 4.447 Loaded shared library C:\Users\smishr\.jdks\openjdk-24.0.1\bin\sunmscapi.dll
Event: 8.449 Loaded shared library C:\Users\smishr\.jdks\openjdk-24.0.1\bin\management.dll
Event: 8.459 Loaded shared library C:\Users\smishr\.jdks\openjdk-24.0.1\bin\management_ext.dll
Event: 10.182 Loaded shared library C:\Users\smishr\.jdks\openjdk-24.0.1\bin\verify.dll

Deoptimization events (20 events):
Event: 3872.295 Thread 0x000001ea4c403b70 Uncommon trap: trap_request=0xffffffd6 fr.pc=0x000001ea76adec00 relative=0x00000000000002e0
Event: 3872.295 Thread 0x000001ea4c403b70 Uncommon trap: reason=array_check action=maybe_recompile pc=0x000001ea76adec00 method=java.util.HashMap.valuesToArray([Ljava/lang/Object;)[Ljava/lang/Object; @ 62 c2
Event: 3872.295 Thread 0x000001ea4c403b70 DEOPT PACKING pc=0x000001ea76adec00 sp=0x00000081e9ffefc0
Event: 3872.295 Thread 0x000001ea4c403b70 DEOPT UNPACKING pc=0x000001ea761b5f02 sp=0x00000081e9ffef38 mode 2
Event: 3872.295 Thread 0x000001ea4c403b70 Uncommon trap: trap_request=0xffffffd6 fr.pc=0x000001ea76adec00 relative=0x00000000000002e0
Event: 3872.295 Thread 0x000001ea4c403b70 Uncommon trap: reason=array_check action=maybe_recompile pc=0x000001ea76adec00 method=java.util.HashMap.valuesToArray([Ljava/lang/Object;)[Ljava/lang/Object; @ 62 c2
Event: 3872.295 Thread 0x000001ea4c403b70 DEOPT PACKING pc=0x000001ea76adec00 sp=0x00000081e9ffeef0
Event: 3872.295 Thread 0x000001ea4c403b70 DEOPT UNPACKING pc=0x000001ea761b5f02 sp=0x00000081e9ffee68 mode 2
Event: 3882.310 Thread 0x000001ea4c403b70 Uncommon trap: trap_request=0xffffffd6 fr.pc=0x000001ea76adec00 relative=0x00000000000002e0
Event: 3882.310 Thread 0x000001ea4c403b70 Uncommon trap: reason=array_check action=maybe_recompile pc=0x000001ea76adec00 method=java.util.HashMap.valuesToArray([Ljava/lang/Object;)[Ljava/lang/Object; @ 62 c2
Event: 3882.310 Thread 0x000001ea4c403b70 DEOPT PACKING pc=0x000001ea76adec00 sp=0x00000081e9fff090
Event: 3882.311 Thread 0x000001ea4c403b70 DEOPT UNPACKING pc=0x000001ea761b5f02 sp=0x00000081e9fff008 mode 2
Event: 3882.311 Thread 0x000001ea4c403b70 Uncommon trap: trap_request=0xffffffd6 fr.pc=0x000001ea76adec00 relative=0x00000000000002e0
Event: 3882.311 Thread 0x000001ea4c403b70 Uncommon trap: reason=array_check action=maybe_recompile pc=0x000001ea76adec00 method=java.util.HashMap.valuesToArray([Ljava/lang/Object;)[Ljava/lang/Object; @ 62 c2
Event: 3882.311 Thread 0x000001ea4c403b70 DEOPT PACKING pc=0x000001ea76adec00 sp=0x00000081e9ffefc0
Event: 3882.311 Thread 0x000001ea4c403b70 DEOPT UNPACKING pc=0x000001ea761b5f02 sp=0x00000081e9ffef38 mode 2
Event: 4433.741 Thread 0x000001ea4e8fea80 Uncommon trap: trap_request=0xffffff4d fr.pc=0x000001ea768d8db0 relative=0x0000000000000f10
Event: 4433.741 Thread 0x000001ea4e8fea80 Uncommon trap: reason=unstable_if action=reinterpret pc=0x000001ea768d8db0 method=com.fasterxml.jackson.core.json.UTF8StreamJsonParser._skipColon()I @ 10 c2
Event: 4433.741 Thread 0x000001ea4e8fea80 DEOPT PACKING pc=0x000001ea768d8db0 sp=0x00000081e7dfd430
Event: 4433.741 Thread 0x000001ea4e8fea80 DEOPT UNPACKING pc=0x000001ea761b5f02 sp=0x00000081e7dfd358 mode 2

Classes loaded (20 events):
Event: 19.691 Loading class java/nio/channels/Pipe$SinkChannel done
Event: 19.691 Loading class sun/nio/ch/SinkChannelImpl done
Event: 19.701 Loading class java/util/TreeMap$ValueSpliterator
Event: 19.701 Loading class java/util/TreeMap$TreeMapSpliterator
Event: 19.701 Loading class java/util/TreeMap$TreeMapSpliterator done
Event: 19.701 Loading class java/util/TreeMap$ValueSpliterator done
Event: 19.750 Loading class java/util/IdentityHashMap$KeySpliterator
Event: 19.750 Loading class java/util/IdentityHashMap$IdentityHashMapSpliterator
Event: 19.750 Loading class java/util/IdentityHashMap$IdentityHashMapSpliterator done
Event: 19.750 Loading class java/util/IdentityHashMap$KeySpliterator done
Event: 28.616 Loading class java/util/concurrent/ConcurrentLinkedQueue$Itr
Event: 28.617 Loading class java/util/concurrent/ConcurrentLinkedQueue$Itr done
Event: 1768.977 Loading class sun/security/ssl/Alert
Event: 1769.010 Loading class sun/security/ssl/Alert done
Event: 1769.023 Loading class sun/security/ssl/Alert$AlertConsumer
Event: 1769.033 Loading class sun/security/ssl/Alert$AlertConsumer done
Event: 1769.033 Loading class sun/security/ssl/Alert$Level
Event: 1769.035 Loading class sun/security/ssl/Alert$Level done
Event: 1769.043 Loading class sun/net/ConnectionResetException
Event: 1769.045 Loading class sun/net/ConnectionResetException done

Classes unloaded (0 events):
No events

Classes redefined (0 events):
No events

Internal exceptions (20 events):
Event: 17.984 Thread 0x000001ea660669f0 Implicit null exception at 0x000001ea767b59e8 to 0x000001ea767b5c90
Event: 18.374 Thread 0x000001ea660669f0 Exception <a 'java/lang/IncompatibleClassChangeError'{0x000000070f933f90}: Found class java.lang.Object, but interface was expected> (0x000000070f933f90) 
thrown [s\open\src\hotspot\share\interpreter\linkResolver.cpp, line 872]
Event: 18.602 Thread 0x000001ea660669f0 Exception <a 'java/lang/NoSuchMethodError'{0x000000070f284b40}: 'double java.lang.invoke.DirectMethodHandle$Holder.invokeVirtual(java.lang.Object, java.lang.Object)'> (0x000000070f284b40) 
thrown [s\open\src\hotspot\share\interpreter\linkResolver.cpp, line 805]
Event: 18.770 Thread 0x000001ea660669f0 Exception <a 'java/lang/NoSuchMethodError'{0x000000070edf57f0}: 'java.lang.Object java.lang.invoke.DirectMethodHandle$Holder.invokeStatic(java.lang.Object, java.lang.Object, java.lang.Object, java.lang.Object, int, java.lang.Object, java.lang.Object)'> (0x000000070edf57f0) 
thrown [s\open\src\hotspot\share\interpreter\linkResolver.cpp, line 805]
Event: 18.867 Thread 0x000001ea660669f0 Exception <a 'java/lang/NoSuchMethodError'{0x000000070eb531c0}: 'int java.lang.invoke.DirectMethodHandle$Holder.invokeStatic(java.lang.Object, int, int, int, int)'> (0x000000070eb531c0) 
thrown [s\open\src\hotspot\share\interpreter\linkResolver.cpp, line 805]
Event: 19.474 Thread 0x000001ea660669f0 Exception <a 'java/lang/NoSuchMethodError'{0x0000000717313748}: 'java.lang.Object java.lang.invoke.DirectMethodHandle$Holder.invokeStatic(java.lang.Object, int, int)'> (0x0000000717313748) 
thrown [s\open\src\hotspot\share\interpreter\linkResolver.cpp, line 805]
Event: 19.549 Thread 0x000001ea660669f0 Exception <a 'java/lang/NoSuchMethodError'{0x000000071703e1c0}: 'long java.lang.invoke.DirectMethodHandle$Holder.invokeStatic(java.lang.Object, java.lang.Object, int)'> (0x000000071703e1c0) 
thrown [s\open\src\hotspot\share\interpreter\linkResolver.cpp, line 805]
Event: 19.550 Thread 0x000001ea660669f0 Exception <a 'java/lang/NoSuchMethodError'{0x000000071704ec38}: 'long java.lang.invoke.DelegatingMethodHandle$Holder.reinvoke_L(java.lang.Object, java.lang.Object, int)'> (0x000000071704ec38) 
thrown [s\open\src\hotspot\share\interpreter\linkResolver.cpp, line 805]
Event: 19.552 Thread 0x000001ea660669f0 Exception <a 'java/lang/NoSuchMethodError'{0x0000000717067728}: 'java.lang.Object java.lang.invoke.DelegatingMethodHandle$Holder.reinvoke_L(java.lang.Object, int, int, long, java.lang.Object, long, long, long)'> (0x0000000717067728) 
thrown [s\open\src\hotspot\share\interpreter\linkResolver.cpp, line 805]
Event: 19.557 Thread 0x000001ea660669f0 Exception <a 'java/lang/NoSuchMethodError'{0x00000007170b3af0}: 'java.lang.Object java.lang.invoke.DelegatingMethodHandle$Holder.reinvoke_L(java.lang.Object, java.lang.Object, java.lang.Object, java.lang.Object, java.lang.Object, java.lang.Object, java.lang.Object, java.lang.Object, java.lang.Object, java.lang.Object, java.lang.Object, java.lang.Object, java.lang.Object, java.lang.Object, int, java.lang.Object, java.lang.Object, java.lang.Object, java.lang.Object, java.lang.Object, java.lang.Object, java.l
Event: 19.564 Thread 0x000001ea660669f0 Exception <a 'java/lang/NoSuchMethodError'{0x000000071712c460}: 'java.lang.Object java.lang.invoke.DirectMethodHandle$Holder.invokeStatic(java.lang.Object, java.lang.Object, java.lang.Object, java.lang.Object, java.lang.Object, java.lang.Object, java.lang.Object, java.lang.Object, java.lang.Object, java.lang.Object, java.lang.Object, java.lang.Object, java.lang.Object)'> (0x000000071712c460) 
thrown [s\open\src\hotspot\share\interpreter\linkResolver.cpp, line 805]
Event: 19.567 Thread 0x000001ea660669f0 Exception <a 'java/lang/NoSuchMethodError'{0x0000000717157990}: 'java.lang.Object java.lang.invoke.DirectMethodHandle$Holder.invokeStatic(java.lang.Object, java.lang.Object, java.lang.Object, java.lang.Object, java.lang.Object, java.lang.Object, java.lang.Object, java.lang.Object, java.lang.Object, java.lang.Object, java.lang.Object, java.lang.Object, java.lang.Object, java.lang.Object)'> (0x0000000717157990) 
thrown [s\open\src\hotspot\share\interpreter\linkResolver.cpp, line 805]
Event: 19.569 Thread 0x000001ea660669f0 Exception <a 'java/lang/NoSuchMethodError'{0x000000071717d4c0}: 'java.lang.Object java.lang.invoke.DelegatingMethodHandle$Holder.reinvoke_L(java.lang.Object, java.lang.Object, java.lang.Object, java.lang.Object, java.lang.Object, java.lang.Object, java.lang.Object, java.lang.Object, java.lang.Object, java.lang.Object, java.lang.Object, java.lang.Object, java.lang.Object, java.lang.Object, java.lang.Object, java.lang.Object, java.lang.Object, java.lang.Object, java.lang.Object, java.lang.Object, java.lang.O
Event: 19.720 Thread 0x000001ea4e8fcd40 Exception <a 'java/lang/NoSuchMethodError'{0x000000070fa0cda8}: 'long java.lang.invoke.DelegatingMethodHandle$Holder.reinvoke_L(java.lang.Object, java.lang.Object)'> (0x000000070fa0cda8) 
thrown [s\open\src\hotspot\share\interpreter\linkResolver.cpp, line 805]
Event: 1769.036 Thread 0x000001ea4f798740 Exception <a 'java/io/IOException'{0x000000070f5593d8}> (0x000000070f5593d8) 
thrown [s\open\src\hotspot\share\prims\jni.cpp, line 518]
Event: 1769.043 Thread 0x000001ea4f798740 Exception <a 'java/io/IOException'{0x000000070f55a960}> (0x000000070f55a960) 
thrown [s\open\src\hotspot\share\prims\jni.cpp, line 518]
Event: 3534.539 Thread 0x000001ea4f798e90 Exception <a 'java/io/IOException'{0x000000070ebf1280}> (0x000000070ebf1280) 
thrown [s\open\src\hotspot\share\prims\jni.cpp, line 518]
Event: 3572.407 Thread 0x000001ea4f798e90 Exception <a 'java/io/IOException'{0x000000070e9d9f88}> (0x000000070e9d9f88) 
thrown [s\open\src\hotspot\share\prims\jni.cpp, line 518]
Event: 3572.408 Thread 0x000001ea4f798e90 Exception <a 'java/io/IOException'{0x000000070e9dabf0}> (0x000000070e9dabf0) 
thrown [s\open\src\hotspot\share\prims\jni.cpp, line 518]
Event: 3589.908 Thread 0x000001ea4dfaaad0 Exception <a 'java/net/SocketException'{0x000000070e7a0160}: Connection reset by peer: shutdown> (0x000000070e7a0160) 
thrown [s\open\src\hotspot\share\prims\jni.cpp, line 536]

VM Operations (20 events):
Event: 19.061 Executing VM operation: G1CollectForAllocation (G1 Evacuation Pause)
Event: 19.068 Executing VM operation: G1CollectForAllocation (G1 Evacuation Pause) done
Event: 19.099 Executing VM operation: HandshakeAllThreads (Deoptimize)
Event: 19.099 Executing VM operation: HandshakeAllThreads (Deoptimize) done
Event: 19.311 Executing VM operation: HandshakeAllThreads (Deoptimize)
Event: 19.311 Executing VM operation: HandshakeAllThreads (Deoptimize) done
Event: 19.623 Executing VM operation: HandshakeAllThreads (Deoptimize)
Event: 19.623 Executing VM operation: HandshakeAllThreads (Deoptimize) done
Event: 19.625 Executing VM operation: HandshakeAllThreads (Deoptimize)
Event: 19.625 Executing VM operation: HandshakeAllThreads (Deoptimize) done
Event: 60.211 Executing VM operation: HandshakeAllThreads (HandshakeForDeflation)
Event: 60.211 Executing VM operation: HandshakeAllThreads (HandshakeForDeflation) done
Event: 60.211 Executing VM operation: RendezvousGCThreads
Event: 60.211 Executing VM operation: RendezvousGCThreads done
Event: 3863.197 Executing VM operation: G1CollectForAllocation (G1 Evacuation Pause)
Event: 3863.246 Executing VM operation: G1CollectForAllocation (G1 Evacuation Pause) done
Event: 3863.373 Executing VM operation: G1PauseRemark
Event: 3863.423 Executing VM operation: G1PauseRemark done
Event: 3863.433 Executing VM operation: G1PauseCleanup
Event: 3863.433 Executing VM operation: G1PauseCleanup done

Memory protections (0 events):
No events

Nmethod flushes (20 events):
Event: 3863.402 Thread 0x000001ea7fac6860 flushing  nmethod 0x000001ea6edc2988
Event: 3863.402 Thread 0x000001ea7fac6860 flushing  nmethod 0x000001ea6edf1908
Event: 3863.402 Thread 0x000001ea7fac6860 flushing  nmethod 0x000001ea6edf5a88
Event: 3863.402 Thread 0x000001ea7fac6860 flushing  nmethod 0x000001ea6edf6908
Event: 3863.402 Thread 0x000001ea7fac6860 flushing  nmethod 0x000001ea6ee4e388
Event: 3863.402 Thread 0x000001ea7fac6860 flushing  nmethod 0x000001ea6ee4f208
Event: 3863.402 Thread 0x000001ea7fac6860 flushing  nmethod 0x000001ea6ee4f708
Event: 3863.402 Thread 0x000001ea7fac6860 flushing  nmethod 0x000001ea6ee50908
Event: 3863.402 Thread 0x000001ea7fac6860 flushing  nmethod 0x000001ea6eefc588
Event: 3863.402 Thread 0x000001ea7fac6860 flushing  nmethod 0x000001ea6eefe808
Event: 3863.402 Thread 0x000001ea7fac6860 flushing  nmethod 0x000001ea6eeff308
Event: 3863.403 Thread 0x000001ea7fac6860 flushing  nmethod 0x000001ea6ef00008
Event: 3863.403 Thread 0x000001ea7fac6860 flushing  nmethod 0x000001ea6efd7e88
Event: 3863.403 Thread 0x000001ea7fac6860 flushing  nmethod 0x000001ea6f081b08
Event: 3863.403 Thread 0x000001ea7fac6860 flushing  nmethod 0x000001ea6f15ed08
Event: 3863.403 Thread 0x000001ea7fac6860 flushing  nmethod 0x000001ea6f251e88
Event: 3863.403 Thread 0x000001ea7fac6860 flushing  nmethod 0x000001ea6f257b88
Event: 3863.403 Thread 0x000001ea7fac6860 flushing  nmethod 0x000001ea6f37bb88
Event: 3863.403 Thread 0x000001ea7fac6860 flushing  nmethod 0x000001ea6f37c608
Event: 3863.403 Thread 0x000001ea7fac6860 flushing  nmethod 0x000001ea6f454888

Events (20 events):
Event: 3534.526 Thread 0x000001ea4f823340 Thread added: 0x000001ea4f798e90
Event: 3534.541 Thread 0x000001ea4f798e90 Thread added: 0x000001ea4dfaaad0
Event: 3540.280 Thread 0x000001ea4f798e90 Thread exited: 0x000001ea4f798e90
Event: 3540.345 Thread 0x000001ea4dfaaad0 Thread exited: 0x000001ea4dfaaad0
Event: 3542.905 Thread 0x000001ea4f823340 Thread added: 0x000001ea4dfaaad0
Event: 3542.911 Thread 0x000001ea4dfaaad0 Thread added: 0x000001ea4f798e90
Event: 3552.492 Thread 0x000001ea4dfaaad0 Thread exited: 0x000001ea4dfaaad0
Event: 3552.571 Thread 0x000001ea4f798e90 Thread exited: 0x000001ea4f798e90
Event: 3563.003 Thread 0x000001ea4f823340 Thread added: 0x000001ea4f798e90
Event: 3563.009 Thread 0x000001ea4f798e90 Thread added: 0x000001ea4dfaaad0
Event: 3577.420 Thread 0x000001ea4f798e90 Thread exited: 0x000001ea4f798e90
Event: 3577.490 Thread 0x000001ea4dfaaad0 Thread exited: 0x000001ea4dfaaad0
Event: 3589.895 Thread 0x000001ea4f823340 Thread added: 0x000001ea4dfaaad0
Event: 3589.910 Thread 0x000001ea4dfaaad0 Thread added: 0x000001ea4f798e90
Event: 3594.919 Thread 0x000001ea4dfaaad0 Thread exited: 0x000001ea4dfaaad0
Event: 3594.982 Thread 0x000001ea4f798e90 Thread exited: 0x000001ea4f798e90
Event: 3604.675 Thread 0x000001ea4f823340 Thread added: 0x000001ea4f798e90
Event: 3604.679 Thread 0x000001ea4f798e90 Thread added: 0x000001ea4dfaaad0
Event: 3609.693 Thread 0x000001ea4f798e90 Thread exited: 0x000001ea4f798e90
Event: 3609.753 Thread 0x000001ea4dfaaad0 Thread exited: 0x000001ea4dfaaad0


Dynamic libraries:
0x00007ff7457b0000 - 0x00007ff7457be000 	C:\Users\smishr\.jdks\openjdk-24.0.1\bin\java.exe
0x00007ffa32b00000 - 0x00007ffa32d65000 	C:\windows\SYSTEM32\ntdll.dll
0x00007ffa31320000 - 0x00007ffa313e9000 	C:\windows\System32\KERNEL32.DLL
0x00007ffa304b0000 - 0x00007ffa30898000 	C:\windows\System32\KERNELBASE.dll
0x00007ffa2fe80000 - 0x00007ffa2ffcb000 	C:\windows\System32\ucrtbase.dll
0x00007ffa0d540000 - 0x00007ffa0d556000 	C:\Users\smishr\.jdks\openjdk-24.0.1\bin\jli.dll
0x00007ffa19320000 - 0x00007ffa1933b000 	C:\Users\smishr\.jdks\openjdk-24.0.1\bin\VCRUNTIME140.dll
0x00007ffa328f0000 - 0x00007ffa32aba000 	C:\windows\System32\USER32.dll
0x00007ffa2fc50000 - 0x00007ffa2fc77000 	C:\windows\System32\win32u.dll
0x00007ffa1bba0000 - 0x00007ffa1be3a000 	C:\windows\WinSxS\amd64_microsoft.windows.common-controls_6595b64144ccf1df_6.0.26100.4202_none_3e0698d4e335f517\COMCTL32.dll
0x00007ffa30930000 - 0x00007ffa3095b000 	C:\windows\System32\GDI32.dll
0x00007ffa2fc80000 - 0x00007ffa2fdb7000 	C:\windows\System32\gdi32full.dll
0x00007ffa32550000 - 0x00007ffa325f9000 	C:\windows\System32\msvcrt.dll
0x00007ffa30400000 - 0x00007ffa304a3000 	C:\windows\System32\msvcp_win.dll
0x00007ffa313f0000 - 0x00007ffa31420000 	C:\windows\System32\IMM32.DLL
0x000001ea64770000 - 0x000001ea64786000 	C:\windows\System32\umppc19706.dll
0x00007ffa2f920000 - 0x00007ffa2fa73000 	C:\Program Files\Avecto\Privilege Guard Client\PGHook.dll
0x00007ffa31c00000 - 0x00007ffa31cb3000 	C:\windows\System32\ADVAPI32.dll
0x00007ffa30d30000 - 0x00007ffa30dd6000 	C:\windows\System32\sechost.dll
0x00007ffa327d0000 - 0x00007ffa328e5000 	C:\windows\System32\RPCRT4.dll
0x00007ffa1d570000 - 0x00007ffa1d57c000 	C:\Users\smishr\.jdks\openjdk-24.0.1\bin\vcruntime140_1.dll
0x00007ff9f3a20000 - 0x00007ff9f3aae000 	C:\Users\smishr\.jdks\openjdk-24.0.1\bin\msvcp140.dll
0x00007ff9bd4c0000 - 0x00007ff9be262000 	C:\Users\smishr\.jdks\openjdk-24.0.1\bin\server\jvm.dll
0x00007ffa308b0000 - 0x00007ffa30924000 	C:\windows\System32\WS2_32.dll
0x00007ffa2faa0000 - 0x00007ffa2fafe000 	C:\windows\SYSTEM32\POWRPROF.dll
0x00007ffa240d0000 - 0x00007ffa24105000 	C:\windows\SYSTEM32\WINMM.dll
0x00007ffa1e3b0000 - 0x00007ffa1e3bb000 	C:\windows\SYSTEM32\VERSION.dll
0x00007ffa2fa80000 - 0x00007ffa2fa94000 	C:\windows\SYSTEM32\UMPDC.dll
0x00007ffa2e740000 - 0x00007ffa2e75b000 	C:\windows\SYSTEM32\kernel.appcore.dll
0x00007ffa1c830000 - 0x00007ffa1c83a000 	C:\Users\smishr\.jdks\openjdk-24.0.1\bin\jimage.dll
0x00007ffa2cfb0000 - 0x00007ffa2d1f1000 	C:\windows\SYSTEM32\DBGHELP.DLL
0x00007ffa31fe0000 - 0x00007ffa32365000 	C:\windows\System32\combase.dll
0x00007ffa30960000 - 0x00007ffa30a41000 	C:\windows\System32\OLEAUT32.dll
0x00007ffa03210000 - 0x00007ffa03249000 	C:\windows\SYSTEM32\dbgcore.DLL
0x00007ffa30360000 - 0x00007ffa303f9000 	C:\windows\System32\bcryptPrimitives.dll
0x00007ffa099b0000 - 0x00007ffa099bf000 	C:\Users\smishr\.jdks\openjdk-24.0.1\bin\instrument.dll
0x00007ffa05b20000 - 0x00007ffa05b3e000 	C:\Users\smishr\.jdks\openjdk-24.0.1\bin\java.dll
0x00007ffa31ce0000 - 0x00007ffa31e7e000 	C:\windows\System32\ole32.dll
0x00007ffa314b0000 - 0x00007ffa31bf2000 	C:\windows\System32\SHELL32.dll
0x00007ffa301e0000 - 0x00007ffa30354000 	C:\windows\System32\wintypes.dll
0x00007ffa2d3d0000 - 0x00007ffa2dc28000 	C:\windows\SYSTEM32\windows.storage.dll
0x00007ffa31ee0000 - 0x00007ffa31fd1000 	C:\windows\System32\SHCORE.dll
0x00007ffa30a50000 - 0x00007ffa30aba000 	C:\windows\System32\shlwapi.dll
0x00007ffa2fb60000 - 0x00007ffa2fb8f000 	C:\windows\SYSTEM32\profapi.dll
0x00007ff9ebaa0000 - 0x00007ff9ebb77000 	C:\Users\smishr\.jdks\openjdk-24.0.1\bin\jsvml.dll
0x00007ffa05ae0000 - 0x00007ffa05af7000 	C:\Users\smishr\.jdks\openjdk-24.0.1\bin\zip.dll
0x00007ffa072a0000 - 0x00007ffa072b0000 	C:\Users\smishr\.jdks\openjdk-24.0.1\bin\net.dll
0x00007ffa2edc0000 - 0x00007ffa2ee2a000 	C:\windows\system32\mswsock.dll
0x00007ffa05b00000 - 0x00007ffa05b16000 	C:\Users\smishr\.jdks\openjdk-24.0.1\bin\nio.dll
0x00007ffa00280000 - 0x00007ffa00289000 	C:\Users\smishr\.jdks\openjdk-24.0.1\bin\extnet.dll
0x00007ffa2dee0000 - 0x00007ffa2df13000 	C:\windows\SYSTEM32\IPHLPAPI.DLL
0x00007ffa30ac0000 - 0x00007ffa30aca000 	C:\windows\System32\NSI.dll
0x00007ffa2df20000 - 0x00007ffa2e047000 	C:\windows\SYSTEM32\DNSAPI.dll
0x00007ffa219f0000 - 0x00007ffa219fb000 	C:\Windows\System32\rasadhlp.dll
0x00007ffa28e60000 - 0x00007ffa28ee6000 	C:\windows\System32\fwpuclnt.dll
0x00007ffa03ae0000 - 0x00007ffa03aee000 	C:\Users\smishr\.jdks\openjdk-24.0.1\bin\sunmscapi.dll
0x00007ffa30060000 - 0x00007ffa301d7000 	C:\windows\System32\CRYPT32.dll
0x00007ffa2f2f0000 - 0x00007ffa2f320000 	C:\windows\SYSTEM32\ncrypt.dll
0x00007ffa2f2a0000 - 0x00007ffa2f2df000 	C:\windows\SYSTEM32\NTASN1.dll
0x00007ffa2f1a0000 - 0x00007ffa2f1bb000 	C:\windows\SYSTEM32\CRYPTSP.dll
0x00007ffa2e6a0000 - 0x00007ffa2e6da000 	C:\windows\system32\rsaenh.dll
0x00007ffa2ee60000 - 0x00007ffa2ee8b000 	C:\windows\SYSTEM32\USERENV.dll
0x00007ffa2fb30000 - 0x00007ffa2fb56000 	C:\windows\SYSTEM32\bcrypt.dll
0x00007ffa2f000000 - 0x00007ffa2f00c000 	C:\windows\SYSTEM32\CRYPTBASE.dll
0x00007ff9ffdf0000 - 0x00007ff9ffdfa000 	C:\Users\smishr\.jdks\openjdk-24.0.1\bin\management.dll
0x00007ff9fa2f0000 - 0x00007ff9fa2fb000 	C:\Users\smishr\.jdks\openjdk-24.0.1\bin\management_ext.dll
0x00007ffa308a0000 - 0x00007ffa308a8000 	C:\windows\System32\PSAPI.DLL
0x00007ff9f6760000 - 0x00007ff9f6770000 	C:\Users\smishr\.jdks\openjdk-24.0.1\bin\verify.dll
0x00007ff9c0a60000 - 0x00007ff9c0a68000 	C:\windows\system32\wshunix.dll

JVMTI agents:
C:\Program Files\JetBrains\IntelliJ IDEA Community Edition 2025.1.1.1\lib\idea_rt.jar path:C:\Users\smishr\.jdks\openjdk-24.0.1\bin\instrument.dll, loaded, initialized, instrumentlib options:59542

dbghelp: loaded successfully - version: 4.0.5 - missing functions: none
symbol engine: initialized successfully - sym options: 0x614 - pdb path: .;C:\Users\smishr\.jdks\openjdk-24.0.1\bin;C:\windows\SYSTEM32;C:\windows\WinSxS\amd64_microsoft.windows.common-controls_6595b64144ccf1df_6.0.26100.4202_none_3e0698d4e335f517;C:\Program Files\Avecto\Privilege Guard Client;C:\Users\smishr\.jdks\openjdk-24.0.1\bin\server

VM Arguments:
jvm_args: -javaagent:C:\Program Files\JetBrains\IntelliJ IDEA Community Edition 2025.1.1.1\lib\idea_rt.jar=59542 -Dfile.encoding=UTF-8 -Dsun.stdout.encoding=UTF-8 -Dsun.stderr.encoding=UTF-8 
java_command: com.cartservice.CartServiceApplication
java_class_path (initial): C:\Users\smishr\Desktop\Ecomerce\Cart-Service\target\classes;C:\Users\smishr\.m2\repository\org\springframework\boot\spring-boot-starter-data-jpa\3.4.4\spring-boot-starter-data-jpa-3.4.4.jar;C:\Users\smishr\.m2\repository\org\springframework\boot\spring-boot-starter\3.4.4\spring-boot-starter-3.4.4.jar;C:\Users\smishr\.m2\repository\org\springframework\boot\spring-boot\3.4.4\spring-boot-3.4.4.jar;C:\Users\smishr\.m2\repository\org\springframework\boot\spring-boot-autoconfigure\3.4.4\spring-boot-autoconfigure-3.4.4.jar;C:\Users\smishr\.m2\repository\org\springframework\boot\spring-boot-starter-logging\3.4.4\spring-boot-starter-logging-3.4.4.jar;C:\Users\smishr\.m2\repository\ch\qos\logback\logback-classic\1.5.18\logback-classic-1.5.18.jar;C:\Users\smishr\.m2\repository\ch\qos\logback\logback-core\1.5.18\logback-core-1.5.18.jar;C:\Users\smishr\.m2\repository\org\apache\logging\log4j\log4j-to-slf4j\2.24.3\log4j-to-slf4j-2.24.3.jar;C:\Users\smishr\.m2\repository\org\apache\logging\log4j\log4j-api\2.24.3\log4j-api-2.24.3.jar;C:\Users\smishr\.m2\repository\org\slf4j\jul-to-slf4j\2.0.17\jul-to-slf4j-2.0.17.jar;C:\Users\smishr\.m2\repository\jakarta\annotation\jakarta.annotation-api\2.1.1\jakarta.annotation-api-2.1.1.jar;C:\Users\smishr\.m2\repository\org\yaml\snakeyaml\2.3\snakeyaml-2.3.jar;C:\Users\smishr\.m2\repository\org\springframework\boot\spring-boot-starter-jdbc\3.4.4\spring-boot-starter-jdbc-3.4.4.jar;C:\Users\smishr\.m2\repository\com\zaxxer\HikariCP\5.1.0\HikariCP-5.1.0.jar;C:\Users\smishr\.m2\repository\org\springframework\spring-jdbc\6.2.5\spring-jdbc-6.2.5.jar;C:\Users\smishr\.m2\repository\org\hibernate\orm\hibernate-core\6.6.11.Final\hibernate-core-6.6.11.Final.jar;C:\Users\smishr\.m2\repository\jakarta\persistence\jakarta.persistence-api\3.1.0\jakarta.persistence-api-3.1.0.jar;C:\Users\smishr\.m2\repository\jakarta\transaction\jakarta.transaction-api\2.0.1\jakarta.transaction-api-2.0.1.jar;C:\Users\smishr\.m2\repository\org\jboss\logging\jboss-logging\3.6.1.Final\jboss-logging-3.6.1.Final.jar;C:\Users\smishr\.m2\repository\org\hibernate\common\hibernate-commons-annotations\7.0.3.Final\hibernate-commons-annotations-7.0.3.Final.jar;C:\Users\smishr\.m2\repository\io\smallrye\jandex\3.2.0\jandex-3.2.0.jar;C:\Users\smishr\.m2\repository\com\fasterxml\classmate\1.7.0\classmate-1.7.0.jar;C:\Users\smishr\.m2\repository\net\bytebuddy\byte-buddy\1.15.11\byte-buddy-1.15.11.jar;C:\Users\smishr\.m2\repository\org\glassfish\jaxb\jaxb-runtime\4.0.5\jaxb-runtime-4.0.5.jar;C:\Users\smishr\.m2\repository\org\glassfish\jaxb\jaxb-core\4.0.5\jaxb-core-4.0.5.jar;C:\Users\smishr\.m2\repository\org\eclipse\angus\angus-activation\2.0.2\angus-activation-2.0.2.jar;C:\Users\smishr\.m2\repository\org\glassfish\jaxb\txw2\4.0.5\txw2-4.0.5.jar;C:\Users\smishr\.m2\repository\com\sun\istack\istack-commons-runtime\4.1.2\istack-commons-runtime-4.1.2.jar;C:\Users\smishr\.m2\repository\jakarta\inject\jakarta.inject-api\2.0.1\jakarta.inject-api-2.0.1.jar;C:\Users\smishr\.m2\repository\org\antlr\antlr4-runtime\4.13.0\antlr4-runtime-4.13.0.jar;C:\Users\smishr\.m2\repository\org\springframework\data\spring-data-jpa\3.4.4\spring-data-jpa-3.4.4.jar;C:\Users\smishr\.m2\repository\org\springframework\data\spring-data-commons\3.4.4\spring-data-commons-3.4.4.jar;C:\Users\smishr\.m2\repository\org\springframework\spring-orm\6.2.5\spring-orm-6.2.5.jar;C:\Users\smishr\.m2\repository\org\springframework\spring-context\6.2.5\spring-context-6.2.5.jar;C:\Users\smishr\.m2\repository\org\springframework\spring-aop\6.2.5\spring-aop-6.2.5.jar;C:\Users\smishr\.m2\repository\org\springframework\spring-tx\6.2.5\spring-tx-6.2.5.jar;C:\Users\smishr\.m2\repository\org\springframework\spring-beans\6.2.5\spring-beans-6.2.5.jar;C:\Users\smishr\.m2\repository\org\slf4j\slf4j-api\2.0.17\slf4j-api-2.0.17.jar;C:\Users\smishr\.m2\repository\org\springframework\spring-aspects\6.2.5\spring-aspects-6.2.5.jar;C:\Users\smishr\.m2\repository\org\aspectj\aspectjweaver\1.9.23\aspectjweaver-1.9.23.jar;C:\Users\smishr\.m2\repository\org\springframework\boot\spring-boot-starter-web\3.4.4\spring-boot-starter-web-3.4.4.jar;C:\Users\smishr\.m2\repository\org\springframework\boot\spring-boot-starter-json\3.4.4\spring-boot-starter-json-3.4.4.jar;C:\Users\smishr\.m2\repository\com\fasterxml\jackson\core\jackson-databind\2.18.3\jackson-databind-2.18.3.jar;C:\Users\smishr\.m2\repository\com\fasterxml\jackson\datatype\jackson-datatype-jdk8\2.18.3\jackson-datatype-jdk8-2.18.3.jar;C:\Users\smishr\.m2\repository\com\fasterxml\jackson\datatype\jackson-datatype-jsr310\2.18.3\jackson-datatype-jsr310-2.18.3.jar;C:\Users\smishr\.m2\repository\com\fasterxml\jackson\module\jackson-module-parameter-names\2.18.3\jackson-module-parameter-names-2.18.3.jar;C:\Users\smishr\.m2\repository\org\springframework\boot\spring-boot-starter-tomcat\3.4.4\spring-boot-starter-tomcat-3.4.4.jar;C:\Users\smishr\.m2\repository\org\apache\tomcat\embed\tomcat-embed-core\10.1.39\tomcat-embed-core-10.1.39.jar;C:\Users\smishr\.m2\repository\org\apache\tomcat\embed\tomcat-embed-websocket\10.1.39\tomcat-embed-websocket-10.1.39.jar;C:\Users\smishr\.m2\repository\org\springframework\spring-web\6.2.5\spring-web-6.2.5.jar;C:\Users\smishr\.m2\repository\io\micrometer\micrometer-observation\1.14.5\micrometer-observation-1.14.5.jar;C:\Users\smishr\.m2\repository\io\micrometer\micrometer-commons\1.14.5\micrometer-commons-1.14.5.jar;C:\Users\smishr\.m2\repository\org\springframework\spring-webmvc\6.2.5\spring-webmvc-6.2.5.jar;C:\Users\smishr\.m2\repository\org\springframework\spring-expression\6.2.5\spring-expression-6.2.5.jar;C:\Users\smishr\.m2\repository\org\springframework\cloud\spring-cloud-starter-netflix-eureka-client\4.2.1\spring-cloud-starter-netflix-eureka-client-4.2.1.jar;C:\Users\smishr\.m2\repository\org\springframework\cloud\spring-cloud-starter\4.2.1\spring-cloud-starter-4.2.1.jar;C:\Users\smishr\.m2\repository\org\springframework\cloud\spring-cloud-context\4.2.1\spring-cloud-context-4.2.1.jar;C:\Users\smishr\.m2\repository\org\bouncycastle\bcprov-jdk18on\1.78.1\bcprov-jdk18on-1.78.1.jar;C:\Users\smishr\.m2\repository\org\springframework\cloud\spring-cloud-netflix-eureka-client\4.2.1\spring-cloud-netflix-eureka-client-4.2.1.jar;C:\Users\smishr\.m2\repository\org\apache\httpcomponents\client5\httpclient5\5.4.2\httpclient5-5.4.2.jar;C:\Users\smishr\.m2\repository\org\apache\httpcomponents\core5\httpcore5\5.3.3\httpcore5-5.3.3.jar;C:\Users\smishr\.m2\repository\org\apache\httpcomponents\core5\httpcore5-h2\5.3.3\httpcore5-h2-5.3.3.jar;C:\Users\smishr\.m2\repository\com\netflix\eureka\eureka-client\2.0.4\eureka-client-2.0.4.jar;C:\Users\smishr\.m2\repository\com\thoughtworks\xstream\xstream\1.4.20\xstream-1.4.20.jar;C:\Users\smishr\.m2\repository\io\github\x-stream\mxparser\1.2.2\mxparser-1.2.2.jar;C:\Users\smishr\.m2\repository\xmlpull\xmlpull\1.1.3.1\xmlpull-1.1.3.1.jar;C:\Users\smishr\.m2\repository\jakarta\ws\rs\jakarta.ws.rs-api\3.1.0\jakarta.ws.rs-api-3.1.0.jar;C:\Users\smishr\.m2\repository\com\netflix\spectator\spectator-api\1.7.3\spectator-api-1.7.3.jar;C:\Users\smishr\.m2\repository\org\apache\httpcomponents\httpclient\4.5.3\httpclient-4.5.3.jar;C:\Users\smishr\.m2\repository\org\apache\httpcomponents\httpcore\4.4.16\httpcore-4.4.16.jar;C:\Users\smishr\.m2\repository\commons-codec\commons-codec\1.17.2\commons-codec-1.17.2.jar;C:\Users\smishr\.m2\repository\commons-configuration\commons-configuration\1.10\commons-configuration-1.10.jar;C:\Users\smishr\.m2\repository\commons-lang\commons-lang\2.6\commons-lang-2.6.jar;C:\Users\smishr\.m2\repository\com\fasterxml\jackson\core\jackson-annotations\2.18.3\jackson-annotations-2.18.3.jar;C:\Users\smishr\.m2\repository\com\fasterxml\jackson\core\jackson-core\2.18.3\jackson-core-2.18.3.jar;C:\Users\smishr\.m2\repository\com\netflix\netflix-commons\netflix-eventbus\0.3.0\netflix-eventbus-0.3.0.jar;C:\Users\smishr\.m2\repository\com\netflix\netflix-commons\netflix-infix\0.3.0\netflix-infix-0.3.0.jar;C:\Users\smishr\.m2\repository\commons-jxpath\commons-jxpath\1.3\commons-jxpath-1.3.jar;C:\Users\smishr\.m2\repository\joda-time\joda-time\2.3\joda-time-2.3.jar;C:\Users\smishr\.m2\repository\org\antlr\antlr-runtime\3.4\antlr-runtime-3.4.jar;C:\Users\smishr\.m2\repository\org\antlr\stringtemplate\3.2.1\stringtemplate-3.2.1.jar;C:\Users\smishr\.m2\repository\antlr\antlr\2.7.7\antlr-2.7.7.jar;C:\Users\smishr\.m2\repository\com\google\guava\guava\14.0.1\guava-14.0.1.jar;C:\Users\smishr\.m2\repository\com\google\code\gson\gson\2.11.0\gson-2.11.0.jar;C:\Users\smishr\.m2\repository\com\google\errorprone\error_prone_annotations\2.27.0\error_prone_annotations-2.27.0.jar;C:\Users\smishr\.m2\repository\com\netflix\servo\servo-core\0.5.3\servo-core-0.5.3.jar;C:\Users\smishr\.m2\repository\org\apache\commons\commons-math\2.2\commons-math-2.2.jar;C:\Users\smishr\.m2\repository\javax\annotation\javax.annotation-api\1.2\javax.annotation-api-1.2.jar;C:\Users\smishr\.m2\repository\org\codehaus\jettison\jettison\1.5.4\jettison-1.5.4.jar;C:\Users\smishr\.m2\repository\org\springframework\cloud\spring-cloud-starter-loadbalancer\4.2.1\spring-cloud-starter-loadbalancer-4.2.1.jar;C:\Users\smishr\.m2\repository\org\springframework\cloud\spring-cloud-loadbalancer\4.2.1\spring-cloud-loadbalancer-4.2.1.jar;C:\Users\smishr\.m2\repository\io\projectreactor\reactor-core\3.7.4\reactor-core-3.7.4.jar;C:\Users\smishr\.m2\repository\org\reactivestreams\reactive-streams\1.0.4\reactive-streams-1.0.4.jar;C:\Users\smishr\.m2\repository\io\projectreactor\addons\reactor-extra\3.5.2\reactor-extra-3.5.2.jar;C:\Users\smishr\.m2\repository\org\springframework\boot\spring-boot-starter-cache\3.4.4\spring-boot-starter-cache-3.4.4.jar;C:\Users\smishr\.m2\repository\org\springframework\spring-context-support\6.2.5\spring-context-support-6.2.5.jar;C:\Users\smishr\.m2\repository\com\stoyanr\evictor\1.0.0\evictor-1.0.0.jar;C:\Users\smishr\.m2\repository\org\springframework\cloud\spring-cloud-starter-openfeign\4.2.1\spring-cloud-starter-openfeign-4.2.1.jar;C:\Users\smishr\.m2\repository\org\springframework\cloud\spring-cloud-openfeign-core\4.2.1\spring-cloud-openfeign-core-4.2.1.jar;C:\Users\smishr\.m2\repository\io\github\openfeign\feign-form-spring\13.5\feign-form-spring-13.5.jar;C:\Users\smishr\.m2\repository\io\github\openfeign\feign-form\13.5\feign-form-13.5.jar;C:\Users\smishr\.m2\repository\commons-fileupload\commons-fileupload\1.5\commons-fileupload-1.5.jar;C:\Users\smishr\.m2\repository\org\springframework\cloud\spring-cloud-commons\4.2.1\spring-cloud-commons-4.2.1.jar;C:\Users\smishr\.m2\repository\org\springframework\security\spring-security-crypto\6.4.4\spring-security-crypto-6.4.4.jar;C:\Users\smishr\.m2\repository\io\github\openfeign\feign-core\13.5\feign-core-13.5.jar;C:\Users\smishr\.m2\repository\io\github\openfeign\feign-slf4j\13.5\feign-slf4j-13.5.jar;C:\Users\smishr\.m2\repository\org\springdoc\springdoc-openapi-starter-webmvc-ui\2.8.8\springdoc-openapi-starter-webmvc-ui-2.8.8.jar;C:\Users\smishr\.m2\repository\org\springdoc\springdoc-openapi-starter-webmvc-api\2.8.8\springdoc-openapi-starter-webmvc-api-2.8.8.jar;C:\Users\smishr\.m2\repository\org\springdoc\springdoc-openapi-starter-common\2.8.8\springdoc-openapi-starter-common-2.8.8.jar;C:\Users\smishr\.m2\repository\io\swagger\core\v3\swagger-core-jakarta\2.2.30\swagger-core-jakarta-2.2.30.jar;C:\Users\smishr\.m2\repository\org\apache\commons\commons-lang3\3.17.0\commons-lang3-3.17.0.jar;C:\Users\smishr\.m2\repository\io\swagger\core\v3\swagger-annotations-jakarta\2.2.30\swagger-annotations-jakarta-2.2.30.jar;C:\Users\smishr\.m2\repository\io\swagger\core\v3\swagger-models-jakarta\2.2.30\swagger-models-jakarta-2.2.30.jar;C:\Users\smishr\.m2\repository\com\fasterxml\jackson\dataformat\jackson-dataformat-yaml\2.18.3\jackson-dataformat-yaml-2.18.3.jar;C:\Users\smishr\.m2\repository\org\webjars\swagger-ui\5.21.0\swagger-ui-5.21.0.jar;C:\Users\smishr\.m2\repository\org\webjars\webjars-locator-lite\1.0.1\webjars-locator-lite-1.0.1.jar;C:\Users\smishr\.m2\repository\org\jspecify\jspecify\1.0.0\jspecify-1.0.0.jar;C:\Users\smishr\.m2\repository\org\springframework\boot\spring-boot-starter-validation\3.4.4\spring-boot-starter-validation-3.4.4.jar;C:\Users\smishr\.m2\repository\org\apache\tomcat\embed\tomcat-embed-el\10.1.39\tomcat-embed-el-10.1.39.jar;C:\Users\smishr\.m2\repository\org\hibernate\validator\hibernate-validator\8.0.2.Final\hibernate-validator-8.0.2.Final.jar;C:\Users\smishr\.m2\repository\jakarta\validation\jakarta.validation-api\3.0.2\jakarta.validation-api-3.0.2.jar;C:\Users\smishr\.m2\repository\com\mysql\mysql-connector-j\9.1.0\mysql-connector-j-9.1.0.jar;C:\Users\smishr\.m2\repository\org\projectlombok\lombok\1.18.38\lombok-1.18.38.jar;C:\Users\smishr\.m2\repository\jakarta\xml\bind\jakarta.xml.bind-api\4.0.2\jakarta.xml.bind-api-4.0.2.jar;C:\Users\smishr\.m2\repository\jakarta\activation\jakarta.activation-api\2.1.3\jakarta.activation-api-2.1.3.jar;C:\Users\smishr\.m2\repository\org\springframework\spring-core\6.2.5\spring-core-6.2.5.jar;C:\Users\smishr\.m2\repository\org\springframework\spring-jcl\6.2.5\spring-jcl-6.2.5.jar
Launcher Type: SUN_STANDARD

[Global flags]
     intx CICompilerCount                          = 4                                         {product} {ergonomic}
     uint ConcGCThreads                            = 3                                         {product} {ergonomic}
     uint G1ConcRefinementThreads                  = 10                                        {product} {ergonomic}
   size_t G1HeapRegionSize                         = 2097152                                   {product} {ergonomic}
   size_t InitialHeapSize                          = 257949696                                 {product} {ergonomic}
   size_t MarkStackSize                            = 4194304                                   {product} {ergonomic}
   size_t MarkStackSizeMax                         = 536870912                                 {product} {ergonomic}
   size_t MaxHeapSize                              = 4102029312                                {product} {ergonomic}
   size_t MaxNewSize                               = 2459959296                                {product} {ergonomic}
   size_t MinHeapDeltaBytes                        = 2097152                                   {product} {ergonomic}
   size_t MinHeapSize                              = 8388608                                   {product} {ergonomic}
    uintx NonNMethodCodeHeapSize                   = 5832704                                {pd product} {ergonomic}
    uintx NonProfiledCodeHeapSize                  = 122945536                              {pd product} {ergonomic}
    uintx ProfiledCodeHeapSize                     = 122880000                              {pd product} {ergonomic}
    uintx ReservedCodeCacheSize                    = 251658240                              {pd product} {ergonomic}
     bool SegmentedCodeCache                       = true                                      {product} {ergonomic}
   size_t SoftMaxHeapSize                          = 4102029312                             {manageable} {ergonomic}
     bool UseCompressedOops                        = true                           {product lp64_product} {ergonomic}
     bool UseG1GC                                  = true                                      {product} {ergonomic}
     bool UseLargePagesIndividualAllocation        = false                                  {pd product} {ergonomic}

Logging:
Log output configuration:
 #0: stdout all=warning uptime,level,tags foldmultilines=false
 #1: stderr all=off uptime,level,tags foldmultilines=false

Environment Variables:
PATH=C:\Python313\Scripts\;C:\Python313\;C:\Program Files\Eclipse Adoptium\jdk-21.0.4.7-hotspot\bin;C:\windows\system32;C:\windows;C:\windows\System32\Wbem;C:\windows\System32\WindowsPowerShell\v1.0\;C:\windows\System32\OpenSSH\;C:\Program Files\WindowsPowerShell\Scripts;C:\Program Files\Git\cmd;C:\Program Files\ServiceNow\agent-client-collector\bin;C:\Program Files\ServiceNow\agent-client-collector\embedded\bin;C:\Program Files\Microsoft VS Code\bin;C:\ProgramData\chocolatey\bin;C:\Program Files\nodejs\;C:\Users\smishr\AppData\Local\Microsoft\WindowsApps;;C:\Program Files\JetBrains\IntelliJ IDEA Community Edition 2025.1.1.1\bin;
USERNAME=smishr
OS=Windows_NT
PROCESSOR_IDENTIFIER=AMD64 Family 25 Model 124 Stepping 0, AuthenticAMD
TMP=C:\Users\smishr\AppData\Local\Temp
TEMP=C:\Users\smishr\AppData\Local\Temp




Periodic native trim disabled

---------------  S Y S T E M  ---------------

OS:
 Windows 11 , 64 bit Build 26100 (10.0.26100.4202)
OS uptime: 2 days 19:42 hours
Hyper-V role detected

CPU: total 12 (initial active 12) (12 cores per cpu, 2 threads per core) family 25 model 124 stepping 0 microcode 0xa70c005, cx8, cmov, fxsr, ht, mmx, 3dnowpref, sse, sse2, sse3, ssse3, sse4a, sse4.1, sse4.2, popcnt, lzcnt, tsc, tscinvbit, avx, avx2, aes, erms, clmul, bmi1, bmi2, adx, avx512f, avx512dq, avx512cd, avx512bw, avx512vl, sha, fma, vzeroupper, avx512_vpopcntdq, avx512_vpclmulqdq, avx512_vaes, avx512_vnni, clflush, clflushopt, avx512_vbmi2, avx512_vbmi, hv, rdtscp, rdpid, fsrm, gfni, avx512_bitalg, f16c, cet_ss, avx512_ifma
Processor Information for the first 12 processors :
  Max Mhz: 3201, Current Mhz: 2489, Mhz Limit: 3201

Memory: 4k page, system-wide physical 15645M (1226M free)
TotalPageFile size 62749M (AvailPageFile size 0M)
current process WorkingSet (physical memory assigned to process): 86M, peak: 339M
current process commit charge ("private bytes"): 333M, peak: 395M

vm_info: OpenJDK 64-Bit Server VM (24.0.1+9-30) for windows-amd64 JRE (24.0.1+9-30), built on 2025-03-05T07:23:45Z with MS VC++ 17.6 (VS2022)

END.
