#
# There is insufficient memory for the Java Runtime Environment to continue.
# Native memory allocation (malloc) failed to allocate 3547664 bytes. Error detail: Chunk::new
# Possible reasons:
#   The system is out of physical RAM or swap space
#   This process is running with CompressedOops enabled, and the Java Heap may be blocking the growth of the native heap
# Possible solutions:
#   Reduce memory load on the system
#   Increase physical memory or swap space
#   Check if swap backing store is full
#   Decrease Java heap size (-Xmx/-Xms)
#   Decrease number of Java threads
#   Decrease Java thread stack sizes (-Xss)
#   Set larger code cache with -XX:ReservedCodeCacheSize=
#   JVM is running with Zero Based Compressed Oops mode in which the Java heap is
#     placed in the first 32GB address space. The Java Heap base address is the
#     maximum limit for the native heap growth. Please use -XX:HeapBaseMinAddress
#     to set the Java Heap base and to place the Java Heap above 32GB virtual address.
# This output file may be truncated or incomplete.
#
#  Out of Memory Error (arena.cpp:162), pid=29332, tid=26764
#
# JRE version: OpenJDK Runtime Environment (24.0.1+9) (build 24.0.1+9-30)
# Java VM: OpenJDK 64-Bit Server VM (24.0.1+9-30, mixed mode, sharing, tiered, compressed oops, compressed class ptrs, g1 gc, windows-amd64)
# No core dump will be written. Minidumps are not enabled by default on client versions of Windows
#

---------------  S U M M A R Y ------------

Command Line: -javaagent:C:\Program Files\JetBrains\IntelliJ IDEA Community Edition 2025.1.1.1\lib\idea_rt.jar=57184 -Dfile.encoding=UTF-8 -Dsun.stdout.encoding=UTF-8 -Dsun.stderr.encoding=UTF-8 com.order.orderservice.OrderServiceApplication

Host: AMD Ryzen 5 PRO 8540U w/ Radeon 740M Graphics  , 12 cores, 15G,  Windows 11 , 64 bit Build 26100 (10.0.26100.4202)
Time: Tue Jun 24 16:35:23 2025 India Standard Time elapsed time: 24066.756295 seconds (0d 6h 41m 6s)

---------------  T H R E A D  ---------------

Current thread (0x000001e2a90083c0):  JavaThread "C2 CompilerThread0" daemon [_thread_in_native, id=26764, stack(0x0000001d84c00000,0x0000001d84d00000) (1024K)]


Current CompileTask:
C2:24066756 14146       4       com.fasterxml.jackson.databind.introspect.POJOPropertyBuilder::findReferenceType (53 bytes)

Stack: [0x0000001d84c00000,0x0000001d84d00000]
Native frames: (J=compiled Java code, j=interpreted, Vv=VM code, C=native code)
V  [jvm.dll+0x730739]  (no source info available)
V  [jvm.dll+0x8d9b23]  (no source info available)
V  [jvm.dll+0x8dc00d]  (no source info available)
V  [jvm.dll+0x8dc683]  (no source info available)
V  [jvm.dll+0x2aa086]  (no source info available)
V  [jvm.dll+0xcedef]  (no source info available)
V  [jvm.dll+0xcf04f]  (no source info available)
V  [jvm.dll+0x154d83]  (no source info available)
V  [jvm.dll+0x735f5f]  (no source info available)
V  [jvm.dll+0x26fa1c]  (no source info available)
V  [jvm.dll+0x26ea3f]  (no source info available)
V  [jvm.dll+0x1e9d60]  (no source info available)
V  [jvm.dll+0x27e1fb]  (no source info available)
V  [jvm.dll+0x27c49a]  (no source info available)
V  [jvm.dll+0x42f456]  (no source info available)
V  [jvm.dll+0x87d76b]  (no source info available)
V  [jvm.dll+0x72ee55]  (no source info available)
C  [ucrtbase.dll+0x37b0]  (no source info available)
C  [KERNEL32.DLL+0x2e8d7]  (no source info available)
C  [ntdll.dll+0x3c34c]  (no source info available)

Lock stack of current Java thread (top to bottom):


---------------  P R O C E S S  ---------------

Threads class SMR info:
_java_thread_list=0x000001e2aa9fca80, length=38, elements={
0x000001e2637445f0, 0x000001e263744d30, 0x000001e2637473c0, 0x000001e26374c5a0,
0x000001e26374de60, 0x000001e263752d10, 0x000001e2a90083c0, 0x000001e263759950,
0x000001e2a91eb110, 0x000001e2a96cc1b0, 0x000001e2a971d8a0, 0x000001e2a9b8ed10,
0x000001e2ac007c20, 0x000001e2ac009210, 0x000001e2ac008370, 0x000001e2ae6efc10,
0x000001e2ae6f1200, 0x000001e2ae6f1950, 0x000001e2ae6f20a0, 0x000001e2ae6f27f0,
0x000001e2abc1b570, 0x000001e2abc1e150, 0x000001e2abc1d2b0, 0x000001e2abc1e8a0,
0x000001e2abc1cb60, 0x000001e2abc1eff0, 0x000001e2abc1bcc0, 0x000001e2abc1da00,
0x000001e2abc1f740, 0x000001e2abc1c410, 0x000001e2abc22a70, 0x000001e2abc22320,
0x000001e2abc1fe90, 0x000001e2abc21bd0, 0x000001e2abc205e0, 0x000001e2ac006d80,
0x000001e2a910dc60, 0x000001e2a910e3b0
}

Java Threads: ( => current thread )
  0x000001e2637445f0 JavaThread "Reference Handler"          daemon [_thread_blocked, id=30172, stack(0x0000001d84600000,0x0000001d84700000) (1024K)]
  0x000001e263744d30 JavaThread "Finalizer"                  daemon [_thread_blocked, id=23652, stack(0x0000001d84700000,0x0000001d84800000) (1024K)]
  0x000001e2637473c0 JavaThread "Signal Dispatcher"          daemon [_thread_blocked, id=28316, stack(0x0000001d84800000,0x0000001d84900000) (1024K)]
  0x000001e26374c5a0 JavaThread "Attach Listener"            daemon [_thread_blocked, id=25960, stack(0x0000001d84900000,0x0000001d84a00000) (1024K)]
  0x000001e26374de60 JavaThread "Service Thread"             daemon [_thread_blocked, id=30204, stack(0x0000001d84a00000,0x0000001d84b00000) (1024K)]
  0x000001e263752d10 JavaThread "Monitor Deflation Thread"   daemon [_thread_blocked, id=22536, stack(0x0000001d84b00000,0x0000001d84c00000) (1024K)]
=>0x000001e2a90083c0 JavaThread "C2 CompilerThread0"         daemon [_thread_in_native, id=26764, stack(0x0000001d84c00000,0x0000001d84d00000) (1024K)]
  0x000001e263759950 JavaThread "C1 CompilerThread0"         daemon [_thread_blocked, id=26140, stack(0x0000001d84d00000,0x0000001d84e00000) (1024K)]
  0x000001e2a91eb110 JavaThread "Common-Cleaner"             daemon [_thread_blocked, id=29032, stack(0x0000001d84f00000,0x0000001d85000000) (1024K)]
  0x000001e2a96cc1b0 JavaThread "Notification Thread"        daemon [_thread_blocked, id=24152, stack(0x0000001d85000000,0x0000001d85100000) (1024K)]
  0x000001e2a971d8a0 JavaThread "Catalina-utility-1"                [_thread_blocked, id=24920, stack(0x0000001d85e00000,0x0000001d85f00000) (1024K)]
  0x000001e2a9b8ed10 JavaThread "Catalina-utility-2"                [_thread_blocked, id=27872, stack(0x0000001d85f00000,0x0000001d86000000) (1024K)]
  0x000001e2ac007c20 JavaThread "container-0"                       [_thread_blocked, id=9040, stack(0x0000001d86000000,0x0000001d86100000) (1024K)]
  0x000001e2ac009210 JavaThread "mysql-cj-abandoned-connection-cleanup" daemon [_thread_blocked, id=25796, stack(0x0000001d86100000,0x0000001d86200000) (1024K)]
  0x000001e2ac008370 JavaThread "HikariPool-1 housekeeper"   daemon [_thread_blocked, id=3388, stack(0x0000001d86300000,0x0000001d86400000) (1024K)]
  0x000001e2ae6efc10 JavaThread "spectator-gauge-polling-0"  daemon [_thread_blocked, id=25500, stack(0x0000001d86500000,0x0000001d86600000) (1024K)]
  0x000001e2ae6f1200 JavaThread "AsyncResolver-bootstrap-%d" daemon [_thread_blocked, id=20216, stack(0x0000001d86600000,0x0000001d86700000) (1024K)]
  0x000001e2ae6f1950 JavaThread "DiscoveryClient-%d"         daemon [_thread_blocked, id=23936, stack(0x0000001d85500000,0x0000001d85600000) (1024K)]
  0x000001e2ae6f20a0 JavaThread "DiscoveryClient-%d"         daemon [_thread_blocked, id=13960, stack(0x0000001d86400000,0x0000001d86500000) (1024K)]
  0x000001e2ae6f27f0 JavaThread "DiscoveryClient-InstanceInfoReplicator-%d" daemon [_thread_blocked, id=7172, stack(0x0000001d86700000,0x0000001d86800000) (1024K)]
  0x000001e2abc1b570 JavaThread "http-nio-8086-exec-1"       daemon [_thread_blocked, id=26520, stack(0x0000001d86900000,0x0000001d86a00000) (1024K)]
  0x000001e2abc1e150 JavaThread "http-nio-8086-exec-2"       daemon [_thread_blocked, id=22140, stack(0x0000001d86a00000,0x0000001d86b00000) (1024K)]
  0x000001e2abc1d2b0 JavaThread "http-nio-8086-exec-3"       daemon [_thread_blocked, id=7252, stack(0x0000001d86b00000,0x0000001d86c00000) (1024K)]
  0x000001e2abc1e8a0 JavaThread "http-nio-8086-exec-4"       daemon [_thread_blocked, id=24068, stack(0x0000001d86c00000,0x0000001d86d00000) (1024K)]
  0x000001e2abc1cb60 JavaThread "http-nio-8086-exec-5"       daemon [_thread_blocked, id=13260, stack(0x0000001d86d00000,0x0000001d86e00000) (1024K)]
  0x000001e2abc1eff0 JavaThread "http-nio-8086-exec-6"       daemon [_thread_blocked, id=23088, stack(0x0000001d86e00000,0x0000001d86f00000) (1024K)]
  0x000001e2abc1bcc0 JavaThread "http-nio-8086-exec-7"       daemon [_thread_blocked, id=28192, stack(0x0000001d86f00000,0x0000001d87000000) (1024K)]
  0x000001e2abc1da00 JavaThread "http-nio-8086-exec-8"       daemon [_thread_blocked, id=7496, stack(0x0000001d87000000,0x0000001d87100000) (1024K)]
  0x000001e2abc1f740 JavaThread "http-nio-8086-exec-9"       daemon [_thread_blocked, id=28072, stack(0x0000001d87100000,0x0000001d87200000) (1024K)]
  0x000001e2abc1c410 JavaThread "http-nio-8086-exec-10"      daemon [_thread_blocked, id=25608, stack(0x0000001d87200000,0x0000001d87300000) (1024K)]
  0x000001e2abc22a70 JavaThread "http-nio-8086-Poller"       daemon [_thread_in_native, id=5144, stack(0x0000001d87300000,0x0000001d87400000) (1024K)]
  0x000001e2abc22320 JavaThread "http-nio-8086-Acceptor"     daemon [_thread_in_native, id=23748, stack(0x0000001d87400000,0x0000001d87500000) (1024K)]
  0x000001e2abc1fe90 JavaThread "DestroyJavaVM"                     [_thread_blocked, id=25920, stack(0x0000001d83e00000,0x0000001d83f00000) (1024K)]
  0x000001e2abc21bd0 JavaThread "DiscoveryClient-HeartbeatExecutor-%d" daemon [_thread_blocked, id=20696, stack(0x0000001d83d00000,0x0000001d83e00000) (1024K)]
  0x000001e2abc205e0 JavaThread "DiscoveryClient-CacheRefreshExecutor-%d" daemon [_thread_blocked, id=28888, stack(0x0000001d86800000,0x0000001d86900000) (1024K)]
  0x000001e2ac006d80 JavaThread "AsyncResolver-bootstrap-executor-%d" daemon [_thread_blocked, id=26124, stack(0x0000001d83c00000,0x0000001d83d00000) (1024K)]
  0x000001e2a910dc60 JavaThread "boundedElastic-evictor-1"   daemon [_thread_blocked, id=21160, stack(0x0000001d85600000,0x0000001d85700000) (1024K)]
  0x000001e2a910e3b0 JavaThread "pool-4-thread-1"            daemon [_thread_blocked, id=30240, stack(0x0000001d86200000,0x0000001d86300000) (1024K)]
Total: 38

Other Threads:
  0x000001e263732a50 VMThread "VM Thread"                           [id=30208, stack(0x0000001d84500000,0x0000001d84600000) (1024K)]
  0x000001e263722f20 WatcherThread "VM Periodic Task Thread"        [id=30148, stack(0x0000001d84400000,0x0000001d84500000) (1024K)]
  0x000001e24450d8c0 WorkerThread "GC Thread#0"                     [id=1512, stack(0x0000001d83f00000,0x0000001d84000000) (1024K)]
  0x000001e2aa1f2720 WorkerThread "GC Thread#1"                     [id=29456, stack(0x0000001d85100000,0x0000001d85200000) (1024K)]
  0x000001e2aa1f2ee0 WorkerThread "GC Thread#2"                     [id=24156, stack(0x0000001d85200000,0x0000001d85300000) (1024K)]
  0x000001e2aa1f46c0 WorkerThread "GC Thread#3"                     [id=12032, stack(0x0000001d85300000,0x0000001d85400000) (1024K)]
  0x000001e2aa1f6a80 WorkerThread "GC Thread#4"                     [id=27740, stack(0x0000001d85400000,0x0000001d85500000) (1024K)]
  0x000001e2aa69fee0 WorkerThread "GC Thread#5"                     [id=24020, stack(0x0000001d85700000,0x0000001d85800000) (1024K)]
  0x000001e2aa69fb30 WorkerThread "GC Thread#6"                     [id=8884, stack(0x0000001d85800000,0x0000001d85900000) (1024K)]
  0x000001e2aa6a09f0 WorkerThread "GC Thread#7"                     [id=26000, stack(0x0000001d85900000,0x0000001d85a00000) (1024K)]
  0x000001e2aa69f780 WorkerThread "GC Thread#8"                     [id=28420, stack(0x0000001d85a00000,0x0000001d85b00000) (1024K)]
  0x000001e2aa6a0290 WorkerThread "GC Thread#9"                     [id=19600, stack(0x0000001d85b00000,0x0000001d85c00000) (1024K)]
  0x000001e244521ab0 ConcurrentGCThread "G1 Main Marker"            [id=27848, stack(0x0000001d84000000,0x0000001d84100000) (1024K)]
  0x000001e244524020 WorkerThread "G1 Conc#0"                       [id=11320, stack(0x0000001d84100000,0x0000001d84200000) (1024K)]
  0x000001e2aa6a0640 WorkerThread "G1 Conc#1"                       [id=15628, stack(0x0000001d85c00000,0x0000001d85d00000) (1024K)]
  0x000001e2aa5a35f0 WorkerThread "G1 Conc#2"                       [id=27000, stack(0x0000001d85d00000,0x0000001d85e00000) (1024K)]
  0x000001e2635eaaf0 ConcurrentGCThread "G1 Refine#0"               [id=29920, stack(0x0000001d84200000,0x0000001d84300000) (1024K)]
  0x000001e2635eb320 ConcurrentGCThread "G1 Service"                [id=25596, stack(0x0000001d84300000,0x0000001d84400000) (1024K)]
Total: 18

Threads with active compile tasks:
C2 CompilerThread0  24066960 14146       4       com.fasterxml.jackson.databind.introspect.POJOPropertyBuilder::findReferenceType (53 bytes)
Total: 1

VM state: not at safepoint (normal execution)

VM Mutex/Monitor currently owned by a thread: None

Heap address: 0x000000070b800000, size: 3912 MB, Compressed Oops mode: Zero based, Oop shift amount: 3

CDS archive(s) mapped at: [0x000001e264000000-0x000001e264d40000-0x000001e264d40000), size 13893632, SharedBaseAddress: 0x000001e264000000, ArchiveRelocationMode: 1.
Compressed class space mapped at: 0x000001e265000000-0x000001e2a5000000, reserved size: 1073741824
UseCompressedClassPointers 1, UseCompactObjectHeaders 0
Narrow klass pointer bits 32, Max shift 3
Narrow klass base: 0x000001e264000000, Narrow klass shift: 0
Encoding Range: [0x000001e264000000 - 0x000001e364000000), (4294967296 bytes)
Klass Range:    [0x000001e264000000 - 0x000001e2a5000000), (1090519040 bytes)
Klass ID Range:  [8 - 1090519033) (1090519025)

GC Precious Log:
 CardTable entry size: 512
 Card Set container configuration: InlinePtr #cards 4 size 8 Array Of Cards #cards 16 size 48 Howl #buckets 8 coarsen threshold 3686 Howl Bitmap #cards 512 size 80 coarsen threshold 460 Card regions per heap region 1 cards per card region 4096
 CPUs: 12 total, 12 available
 Memory: 15645M
 Large Page Support: Disabled
 NUMA Support: Disabled
 Compressed Oops: Enabled (Zero based)
 Heap Region Size: 2M
 Heap Min Capacity: 8M
 Heap Initial Capacity: 246M
 Heap Max Capacity: 3912M
 Pre-touch: Disabled
 Parallel Workers: 10
 Concurrent Workers: 3
 Concurrent Refinement Workers: 10
 Periodic GC: Disabled

Heap:
 garbage-first heap   total reserved 4005888K, committed 94208K, used 57541K [0x000000070b800000, 0x0000000800000000)
  region size 2048K, 9 young (18432K), 2 survivors (4096K)
 Metaspace       used 94736K, committed 95424K, reserved 1179648K
  class space    used 10179K, committed 10496K, reserved 1048576K

Heap Regions: E=young(eden), S=young(survivor), O=old, HS=humongous(starts), HC=humongous(continues), CS=collection set, F=free, TAMS=top-at-mark-start, PB=parsable bottom
|   0|0x000000070b800000, 0x000000070ba00000, 0x000000070ba00000|100%| O|  |TAMS 0x000000070b800000| PB 0x000000070b800000| Untracked |  0
|   1|0x000000070ba00000, 0x000000070bc00000, 0x000000070bc00000|100%| O|  |TAMS 0x000000070ba00000| PB 0x000000070ba00000| Untracked |  0
|   2|0x000000070bc00000, 0x000000070be00000, 0x000000070be00000|100%| O|  |TAMS 0x000000070bc00000| PB 0x000000070bc00000| Untracked |  0
|   3|0x000000070be00000, 0x000000070be00000, 0x000000070c000000|  0%| F|  |TAMS 0x000000070be00000| PB 0x000000070be00000| Untracked |  0
|   4|0x000000070c000000, 0x000000070c200000, 0x000000070c200000|100%| O|  |TAMS 0x000000070c000000| PB 0x000000070c000000| Untracked |  0
|   5|0x000000070c200000, 0x000000070c400000, 0x000000070c400000|100%| O|  |TAMS 0x000000070c200000| PB 0x000000070c200000| Untracked |  0
|   6|0x000000070c400000, 0x000000070c600000, 0x000000070c600000|100%| O|  |TAMS 0x000000070c400000| PB 0x000000070c400000| Untracked |  0
|   7|0x000000070c600000, 0x000000070c800000, 0x000000070c800000|100%| O|  |TAMS 0x000000070c600000| PB 0x000000070c600000| Untracked |  0
|   8|0x000000070c800000, 0x000000070ca00000, 0x000000070ca00000|100%| O|  |TAMS 0x000000070c800000| PB 0x000000070c800000| Untracked |  0
|   9|0x000000070ca00000, 0x000000070cc00000, 0x000000070cc00000|100%| O|  |TAMS 0x000000070ca00000| PB 0x000000070ca00000| Untracked |  0
|  10|0x000000070cc00000, 0x000000070ce00000, 0x000000070ce00000|100%| O|  |TAMS 0x000000070cc00000| PB 0x000000070cc00000| Untracked |  0
|  11|0x000000070ce00000, 0x000000070d000000, 0x000000070d000000|100%| O|  |TAMS 0x000000070ce00000| PB 0x000000070ce00000| Untracked |  0
|  12|0x000000070d000000, 0x000000070d000000, 0x000000070d200000|  0%| F|  |TAMS 0x000000070d000000| PB 0x000000070d000000| Untracked |  0
|  13|0x000000070d200000, 0x000000070d400000, 0x000000070d400000|100%| O|  |TAMS 0x000000070d200000| PB 0x000000070d200000| Untracked |  0
|  14|0x000000070d400000, 0x000000070d600000, 0x000000070d600000|100%| O|  |TAMS 0x000000070d400000| PB 0x000000070d400000| Untracked |  0
|  15|0x000000070d600000, 0x000000070d7e8ac0, 0x000000070d800000| 95%| O|  |TAMS 0x000000070d600000| PB 0x000000070d600000| Untracked |  0
|  16|0x000000070d800000, 0x000000070da00000, 0x000000070da00000|100%| O|  |TAMS 0x000000070d800000| PB 0x000000070d800000| Untracked |  0
|  17|0x000000070da00000, 0x000000070dc00000, 0x000000070dc00000|100%| O|  |TAMS 0x000000070da00000| PB 0x000000070da00000| Untracked |  0
|  18|0x000000070dc00000, 0x000000070de00000, 0x000000070de00000|100%| O|  |TAMS 0x000000070dc00000| PB 0x000000070dc00000| Untracked |  0
|  19|0x000000070de00000, 0x000000070de00000, 0x000000070e000000|  0%| F|  |TAMS 0x000000070de00000| PB 0x000000070de00000| Untracked |  0
|  20|0x000000070e000000, 0x000000070e000000, 0x000000070e200000|  0%| F|  |TAMS 0x000000070e000000| PB 0x000000070e000000| Untracked |  0
|  21|0x000000070e200000, 0x000000070e248960, 0x000000070e400000| 14%| S|CS|TAMS 0x000000070e200000| PB 0x000000070e200000| Complete |  0
|  22|0x000000070e400000, 0x000000070e600000, 0x000000070e600000|100%| S|CS|TAMS 0x000000070e400000| PB 0x000000070e400000| Complete |  0
|  23|0x000000070e600000, 0x000000070e800000, 0x000000070e800000|100%| O|  |TAMS 0x000000070e600000| PB 0x000000070e600000| Untracked |  0
|  24|0x000000070e800000, 0x000000070e800000, 0x000000070ea00000|  0%| F|  |TAMS 0x000000070e800000| PB 0x000000070e800000| Untracked |  0
|  25|0x000000070ea00000, 0x000000070ea00000, 0x000000070ec00000|  0%| F|  |TAMS 0x000000070ea00000| PB 0x000000070ea00000| Untracked |  0
|  26|0x000000070ec00000, 0x000000070ec00000, 0x000000070ee00000|  0%| F|  |TAMS 0x000000070ec00000| PB 0x000000070ec00000| Untracked |  0
|  27|0x000000070ee00000, 0x000000070ee00000, 0x000000070f000000|  0%| F|  |TAMS 0x000000070ee00000| PB 0x000000070ee00000| Untracked |  0
|  28|0x000000070f000000, 0x000000070f000000, 0x000000070f200000|  0%| F|  |TAMS 0x000000070f000000| PB 0x000000070f000000| Untracked |  0
|  29|0x000000070f200000, 0x000000070f200000, 0x000000070f400000|  0%| F|  |TAMS 0x000000070f200000| PB 0x000000070f200000| Untracked |  0
|  30|0x000000070f400000, 0x000000070f400000, 0x000000070f600000|  0%| F|  |TAMS 0x000000070f400000| PB 0x000000070f400000| Untracked |  0
|  31|0x000000070f600000, 0x000000070f600000, 0x000000070f800000|  0%| F|  |TAMS 0x000000070f600000| PB 0x000000070f600000| Untracked |  0
|  32|0x000000070f800000, 0x000000070f800000, 0x000000070fa00000|  0%| F|  |TAMS 0x000000070f800000| PB 0x000000070f800000| Untracked |  0
|  33|0x000000070fa00000, 0x000000070fa00000, 0x000000070fc00000|  0%| F|  |TAMS 0x000000070fa00000| PB 0x000000070fa00000| Untracked |  0
|  88|0x0000000716800000, 0x0000000716800000, 0x0000000716a00000|  0%| F|  |TAMS 0x0000000716800000| PB 0x0000000716800000| Untracked |  0
|  89|0x0000000716a00000, 0x0000000716a00000, 0x0000000716c00000|  0%| F|  |TAMS 0x0000000716a00000| PB 0x0000000716a00000| Untracked |  0
|  90|0x0000000716c00000, 0x0000000716da3018, 0x0000000716e00000| 81%| E|  |TAMS 0x0000000716c00000| PB 0x0000000716c00000| Complete |  0
|  91|0x0000000716e00000, 0x0000000717000000, 0x0000000717000000|100%| E|CS|TAMS 0x0000000716e00000| PB 0x0000000716e00000| Complete |  0
|  92|0x0000000717000000, 0x0000000717200000, 0x0000000717200000|100%| E|CS|TAMS 0x0000000717000000| PB 0x0000000717000000| Complete |  0
|  93|0x0000000717200000, 0x0000000717400000, 0x0000000717400000|100%| E|CS|TAMS 0x0000000717200000| PB 0x0000000717200000| Complete |  0
| 122|0x000000071ac00000, 0x000000071ae00000, 0x000000071ae00000|100%| E|CS|TAMS 0x000000071ac00000| PB 0x000000071ac00000| Complete |  0
|1951|0x00000007ff600000, 0x00000007ff800000, 0x00000007ff800000|100%| O|  |TAMS 0x00000007ff600000| PB 0x00000007ff600000| Untracked |  0
|1952|0x00000007ff800000, 0x00000007ffa00000, 0x00000007ffa00000|100%| O|  |TAMS 0x00000007ff800000| PB 0x00000007ff800000| Untracked |  0
|1953|0x00000007ffa00000, 0x00000007ffc00000, 0x00000007ffc00000|100%| E|CS|TAMS 0x00000007ffa00000| PB 0x00000007ffa00000| Complete |  0
|1954|0x00000007ffc00000, 0x00000007ffe00000, 0x00000007ffe00000|100%| O|  |TAMS 0x00000007ffc00000| PB 0x00000007ffc00000| Untracked |  0
|1955|0x00000007ffe00000, 0x0000000800000000, 0x0000000800000000|100%| E|CS|TAMS 0x00000007ffe00000| PB 0x00000007ffe00000| Complete |  0

Card table byte_map: [0x000001e25cb30000,0x000001e25d2e0000] _byte_map_base: 0x000001e2592d4000

Marking Bits: (CMBitMap*) 0x000001e24450dfd0
 Bits: [0x000001e25d2e0000, 0x000001e261000000)

Polling page: 0x000001e242210000

Metaspace:

Usage:
  Non-class:     82.57 MB used.
      Class:      9.94 MB used.
       Both:     92.52 MB used.

Virtual space:
  Non-class space:      128.00 MB reserved,      82.94 MB ( 65%) committed,  2 nodes.
      Class space:        1.00 GB reserved,      10.25 MB (  1%) committed,  1 nodes.
             Both:        1.12 GB reserved,      93.19 MB (  8%) committed. 

Chunk freelists:
   Non-Class:  12.20 MB
       Class:  5.72 MB
        Both:  17.92 MB

MaxMetaspaceSize: unlimited
CompressedClassSpaceSize: 1.00 GB
Initial GC threshold: 21.00 MB
Current GC threshold: 153.25 MB
CDS: on
 - commit_granule_bytes: 65536.
 - commit_granule_words: 8192.
 - virtual_space_node_default_size: 8388608.
 - enlarge_chunks_in_place: 1.
UseCompressedClassPointers 1, UseCompactObjectHeaders 0
Narrow klass pointer bits 32, Max shift 3
Narrow klass base: 0x000001e264000000, Narrow klass shift: 0
Encoding Range: [0x000001e264000000 - 0x000001e364000000), (4294967296 bytes)
Klass Range:    [0x000001e264000000 - 0x000001e2a5000000), (1090519040 bytes)
Klass ID Range:  [8 - 1090519033) (1090519025)


Internal statistics:

num_allocs_failed_limit: 14.
num_arena_births: 1242.
num_arena_deaths: 302.
num_vsnodes_births: 3.
num_vsnodes_deaths: 0.
num_space_committed: 1491.
num_space_uncommitted: 0.
num_chunks_returned_to_freelist: 322.
num_chunks_taken_from_freelist: 4671.
num_chunk_merges: 91.
num_chunk_splits: 3244.
num_chunks_enlarged: 2632.
num_inconsistent_stats: 0.

CodeHeap 'non-profiled nmethods': size=120064Kb used=6253Kb max_used=6253Kb free=113810Kb
 bounds [0x000001e2547e0000, 0x000001e254e00000, 0x000001e25bd20000]
CodeHeap 'profiled nmethods': size=120000Kb used=21198Kb max_used=21198Kb free=98801Kb
 bounds [0x000001e24cd20000, 0x000001e24e1e0000, 0x000001e254250000]
CodeHeap 'non-nmethods': size=5696Kb used=1877Kb max_used=1995Kb free=3819Kb
 bounds [0x000001e254250000, 0x000001e2544c0000, 0x000001e2547e0000]
CodeCache: size=245760Kb, used=29328Kb, max_used=29446Kb, free=216430Kb
 total_blobs=12621, nmethods=11797, adapters=727, full_count=0
Compilation: enabled, stopped_count=0, restarted_count=0

Compilation events (20 events):
Event: 24063.704 Thread 0x000001e2a90083c0 nmethod 14138 0x000001e254dfad08 code [0x000001e254dfae00, 0x000001e254dfae80]
Event: 24063.704 Thread 0x000001e2a90083c0 14139       4       com.fasterxml.jackson.databind.introspect.POJOPropertyBuilder::anyIgnorals (50 bytes)
Event: 24063.706 Thread 0x000001e2a90083c0 nmethod 14139 0x000001e254dfb008 code [0x000001e254dfb120, 0x000001e254dfb2d0]
Event: 24063.709 Thread 0x000001e263759950 14140       3       com.fasterxml.jackson.databind.introspect.POJOPropertiesCollector::_collectIgnorals (39 bytes)
Event: 24063.709 Thread 0x000001e263759950 nmethod 14140 0x000001e24e1cf608 code [0x000001e24e1cf780, 0x000001e24e1cff50]
Event: 24063.710 Thread 0x000001e263759950 14141       3       java.time.Instant::ofEpochMilli (27 bytes)
Event: 24065.711 Thread 0x000001e263759950 nmethod 14141 0x000001e254dfb308 code [0x000001e254dfb460, 0x000001e254dfb6d8]
Event: 24065.711 Thread 0x000001e263759950 14143       3       java.time.chrono.IsoChronology::zonedDateTime (7 bytes)
Event: 24065.711 Thread 0x000001e2a90083c0 14146       4       com.fasterxml.jackson.databind.introspect.POJOPropertyBuilder::findReferenceType (53 bytes)
Event: 24065.712 Thread 0x000001e263759950 nmethod 14143 0x000001e24e1d0008 code [0x000001e24e1d0180, 0x000001e24e1d07f8]
Event: 24065.712 Thread 0x000001e263759950 14144       3       java.time.ZonedDateTime::ofInstant (27 bytes)
Event: 24065.712 Thread 0x000001e263759950 nmethod 14144 0x000001e24e1d0888 code [0x000001e24e1d09e0, 0x000001e24e1d0ef0]
Event: 24065.712 Thread 0x000001e263759950 14145       3       java.time.ZoneRegion::getOffset (12 bytes)
Event: 24065.713 Thread 0x000001e263759950 nmethod 14145 0x000001e24e1d0f88 code [0x000001e24e1d1120, 0x000001e24e1d1730]
Event: 24065.713 Thread 0x000001e263759950 14147       3       com.fasterxml.jackson.databind.introspect.JacksonAnnotationIntrospector::isIgnorableType (29 bytes)
Event: 24065.713 Thread 0x000001e263759950 nmethod 14147 0x000001e24e1d1788 code [0x000001e24e1d1900, 0x000001e24e1d1f08]
Event: 24065.722 Thread 0x000001e263759950 14148   !   3       ch.qos.logback.classic.spi.PackagingDataCalculator::bestEffortLoadClass (63 bytes)
Event: 24065.724 Thread 0x000001e263759950 nmethod 14148 0x000001e24e1d1f88 code [0x000001e24e1d21a0, 0x000001e24e1d2ef8]
Event: 24065.724 Thread 0x000001e263759950 14149   !   3       ch.qos.logback.classic.spi.PackagingDataCalculator::getCodeLocation (65 bytes)
Event: 24065.725 Thread 0x000001e263759950 nmethod 14149 0x000001e24e1d2f88 code [0x000001e24e1d3120, 0x000001e24e1d39e0]

GC Heap History (20 events):
Event: 18.056 GC heap before
{Heap before GC invocations=9 (full 0):
 garbage-first heap   total reserved 4005888K, committed 94208K, used 33044K [0x000000070b800000, 0x0000000800000000)
  region size 2048K, 4 young (8192K), 3 survivors (6144K)
 Metaspace       used 60707K, committed 61120K, reserved 1114112K
  class space    used 6394K, committed 6592K, reserved 1048576K
}
Event: 18.064 GC heap after
{Heap after GC invocations=10 (full 0):
 garbage-first heap   total reserved 4005888K, committed 94208K, used 33675K [0x000000070b800000, 0x0000000800000000)
  region size 2048K, 2 young (4096K), 2 survivors (4096K)
 Metaspace       used 60707K, committed 61120K, reserved 1114112K
  class space    used 6394K, committed 6592K, reserved 1048576K
}
Event: 21.734 GC heap before
{Heap before GC invocations=11 (full 0):
 garbage-first heap   total reserved 4005888K, committed 94208K, used 78731K [0x000000070b800000, 0x0000000800000000)
  region size 2048K, 24 young (49152K), 2 survivors (4096K)
 Metaspace       used 68252K, committed 68800K, reserved 1114112K
  class space    used 7386K, committed 7616K, reserved 1048576K
}
Event: 21.743 GC heap after
{Heap after GC invocations=12 (full 0):
 garbage-first heap   total reserved 4005888K, committed 94208K, used 36414K [0x000000070b800000, 0x0000000800000000)
  region size 2048K, 3 young (6144K), 3 survivors (6144K)
 Metaspace       used 68252K, committed 68800K, reserved 1114112K
  class space    used 7386K, committed 7616K, reserved 1048576K
}
Event: 24.304 GC heap before
{Heap before GC invocations=12 (full 0):
 garbage-first heap   total reserved 4005888K, committed 94208K, used 77374K [0x000000070b800000, 0x0000000800000000)
  region size 2048K, 24 young (49152K), 3 survivors (6144K)
 Metaspace       used 74504K, committed 75136K, reserved 1179648K
  class space    used 8087K, committed 8320K, reserved 1048576K
}
Event: 24.314 GC heap after
{Heap after GC invocations=13 (full 0):
 garbage-first heap   total reserved 4005888K, committed 94208K, used 38784K [0x000000070b800000, 0x0000000800000000)
  region size 2048K, 3 young (6144K), 3 survivors (6144K)
 Metaspace       used 74504K, committed 75136K, reserved 1179648K
  class space    used 8087K, committed 8320K, reserved 1048576K
}
Event: 27.161 GC heap before
{Heap before GC invocations=13 (full 0):
 garbage-first heap   total reserved 4005888K, committed 94208K, used 81792K [0x000000070b800000, 0x0000000800000000)
  region size 2048K, 24 young (49152K), 3 survivors (6144K)
 Metaspace       used 79078K, committed 79808K, reserved 1179648K
  class space    used 8631K, committed 8960K, reserved 1048576K
}
Event: 27.171 GC heap after
{Heap after GC invocations=14 (full 0):
 garbage-first heap   total reserved 4005888K, committed 94208K, used 43734K [0x000000070b800000, 0x0000000800000000)
  region size 2048K, 3 young (6144K), 3 survivors (6144K)
 Metaspace       used 79078K, committed 79808K, reserved 1179648K
  class space    used 8631K, committed 8960K, reserved 1048576K
}
Event: 4090.216 GC heap before
{Heap before GC invocations=14 (full 0):
 garbage-first heap   total reserved 4005888K, committed 94208K, used 80598K [0x000000070b800000, 0x0000000800000000)
  region size 2048K, 21 young (43008K), 3 survivors (6144K)
 Metaspace       used 84499K, committed 85248K, reserved 1179648K
  class space    used 9225K, committed 9536K, reserved 1048576K
}
Event: 4090.279 GC heap after
{Heap after GC invocations=15 (full 0):
 garbage-first heap   total reserved 4005888K, committed 94208K, used 45501K [0x000000070b800000, 0x0000000800000000)
  region size 2048K, 2 young (4096K), 2 survivors (4096K)
 Metaspace       used 84499K, committed 85248K, reserved 1179648K
  class space    used 9225K, committed 9536K, reserved 1048576K
}
Event: 9776.670 GC heap before
{Heap before GC invocations=16 (full 0):
 garbage-first heap   total reserved 4005888K, committed 94208K, used 80317K [0x000000070b800000, 0x0000000800000000)
  region size 2048K, 20 young (40960K), 2 survivors (4096K)
 Metaspace       used 86035K, committed 86592K, reserved 1179648K
  class space    used 9296K, committed 9536K, reserved 1048576K
}
Event: 9776.694 GC heap after
{Heap after GC invocations=17 (full 0):
 garbage-first heap   total reserved 4005888K, committed 94208K, used 47090K [0x000000070b800000, 0x0000000800000000)
  region size 2048K, 3 young (6144K), 3 survivors (6144K)
 Metaspace       used 86035K, committed 86592K, reserved 1179648K
  class space    used 9296K, committed 9536K, reserved 1048576K
}
Event: 10089.742 GC heap before
{Heap before GC invocations=17 (full 0):
 garbage-first heap   total reserved 4005888K, committed 94208K, used 77810K [0x000000070b800000, 0x0000000800000000)
  region size 2048K, 19 young (38912K), 3 survivors (6144K)
 Metaspace       used 91654K, committed 92352K, reserved 1179648K
  class space    used 9996K, committed 10304K, reserved 1048576K
}
Event: 10089.770 GC heap after
{Heap after GC invocations=18 (full 0):
 garbage-first heap   total reserved 4005888K, committed 94208K, used 45051K [0x000000070b800000, 0x0000000800000000)
  region size 2048K, 3 young (6144K), 3 survivors (6144K)
 Metaspace       used 91654K, committed 92352K, reserved 1179648K
  class space    used 9996K, committed 10304K, reserved 1048576K
}
Event: 16497.056 GC heap before
{Heap before GC invocations=18 (full 0):
 garbage-first heap   total reserved 4005888K, committed 94208K, used 77819K [0x000000070b800000, 0x0000000800000000)
  region size 2048K, 20 young (40960K), 3 survivors (6144K)
 Metaspace       used 93403K, committed 94144K, reserved 1179648K
  class space    used 10131K, committed 10432K, reserved 1048576K
}
Event: 16497.112 GC heap after
{Heap after GC invocations=19 (full 0):
 garbage-first heap   total reserved 4005888K, committed 94208K, used 47203K [0x000000070b800000, 0x0000000800000000)
  region size 2048K, 3 young (6144K), 3 survivors (6144K)
 Metaspace       used 93403K, committed 94144K, reserved 1179648K
  class space    used 10131K, committed 10432K, reserved 1048576K
}
Event: 21961.071 GC heap before
{Heap before GC invocations=20 (full 0):
 garbage-first heap   total reserved 4005888K, committed 94208K, used 77923K [0x000000070b800000, 0x0000000800000000)
  region size 2048K, 19 young (38912K), 3 survivors (6144K)
 Metaspace       used 93877K, committed 94592K, reserved 1179648K
  class space    used 10127K, committed 10432K, reserved 1048576K
}
Event: 21961.099 GC heap after
{Heap after GC invocations=21 (full 0):
 garbage-first heap   total reserved 4005888K, committed 94208K, used 48059K [0x000000070b800000, 0x0000000800000000)
  region size 2048K, 2 young (4096K), 2 survivors (4096K)
 Metaspace       used 93877K, committed 94592K, reserved 1179648K
  class space    used 10127K, committed 10432K, reserved 1048576K
}
Event: 23763.454 GC heap before
{Heap before GC invocations=21 (full 0):
 garbage-first heap   total reserved 4005888K, committed 94208K, used 82875K [0x000000070b800000, 0x0000000800000000)
  region size 2048K, 19 young (38912K), 2 survivors (4096K)
 Metaspace       used 94633K, committed 95296K, reserved 1179648K
  class space    used 10177K, committed 10496K, reserved 1048576K
}
Event: 23763.475 GC heap after
{Heap after GC invocations=22 (full 0):
 garbage-first heap   total reserved 4005888K, committed 94208K, used 45253K [0x000000070b800000, 0x0000000800000000)
  region size 2048K, 2 young (4096K), 2 survivors (4096K)
 Metaspace       used 94633K, committed 95296K, reserved 1179648K
  class space    used 10177K, committed 10496K, reserved 1048576K
}

Dll operation events (13 events):
Event: 0.078 Loaded shared library C:\Users\smishr\.jdks\openjdk-24.0.1\bin\java.dll
Event: 0.166 Loaded shared library C:\Users\smishr\.jdks\openjdk-24.0.1\bin\jsvml.dll
Event: 0.726 Loaded shared library C:\Users\smishr\.jdks\openjdk-24.0.1\bin\zip.dll
Event: 0.735 Loaded shared library C:\Users\smishr\.jdks\openjdk-24.0.1\bin\instrument.dll
Event: 0.755 Loaded shared library C:\Users\smishr\.jdks\openjdk-24.0.1\bin\net.dll
Event: 0.770 Loaded shared library C:\Users\smishr\.jdks\openjdk-24.0.1\bin\nio.dll
Event: 0.782 Loaded shared library C:\Users\smishr\.jdks\openjdk-24.0.1\bin\zip.dll
Event: 1.238 Loaded shared library C:\Users\smishr\.jdks\openjdk-24.0.1\bin\extnet.dll
Event: 1.300 Loaded shared library C:\Users\smishr\.jdks\openjdk-24.0.1\bin\jimage.dll
Event: 5.884 Loaded shared library C:\Users\smishr\.jdks\openjdk-24.0.1\bin\sunmscapi.dll
Event: 10.804 Loaded shared library C:\Users\smishr\.jdks\openjdk-24.0.1\bin\management.dll
Event: 10.817 Loaded shared library C:\Users\smishr\.jdks\openjdk-24.0.1\bin\management_ext.dll
Event: 13.218 Loaded shared library C:\Users\smishr\.jdks\openjdk-24.0.1\bin\verify.dll

Deoptimization events (20 events):
Event: 23372.856 Thread 0x000001e2abc21bd0 Uncommon trap: trap_request=0xffffffd6 fr.pc=0x000001e254b6a400 relative=0x0000000000000260
Event: 23372.856 Thread 0x000001e2abc21bd0 Uncommon trap: reason=array_check action=maybe_recompile pc=0x000001e254b6a400 method=java.util.LinkedHashMap.valuesToArray([Ljava/lang/Object;Z)[Ljava/lang/Object; @ 67 c2
Event: 23372.856 Thread 0x000001e2abc21bd0 DEOPT PACKING pc=0x000001e254b6a400 sp=0x0000001d83dfd2b0
Event: 23372.856 Thread 0x000001e2abc21bd0 DEOPT UNPACKING pc=0x000001e254375f02 sp=0x0000001d83dfd220 mode 2
Event: 23372.856 Thread 0x000001e2abc21bd0 Uncommon trap: trap_request=0xffffffd6 fr.pc=0x000001e254b6a400 relative=0x0000000000000260
Event: 23372.856 Thread 0x000001e2abc21bd0 Uncommon trap: reason=array_check action=maybe_recompile pc=0x000001e254b6a400 method=java.util.LinkedHashMap.valuesToArray([Ljava/lang/Object;Z)[Ljava/lang/Object; @ 67 c2
Event: 23372.856 Thread 0x000001e2abc21bd0 DEOPT PACKING pc=0x000001e254b6a400 sp=0x0000001d83dfd220
Event: 23372.856 Thread 0x000001e2abc21bd0 DEOPT UNPACKING pc=0x000001e254375f02 sp=0x0000001d83dfd190 mode 2
Event: 23372.856 Thread 0x000001e2abc21bd0 Uncommon trap: trap_request=0xffffffd6 fr.pc=0x000001e254b6a400 relative=0x0000000000000260
Event: 23372.856 Thread 0x000001e2abc21bd0 Uncommon trap: reason=array_check action=maybe_recompile pc=0x000001e254b6a400 method=java.util.LinkedHashMap.valuesToArray([Ljava/lang/Object;Z)[Ljava/lang/Object; @ 67 c2
Event: 23372.856 Thread 0x000001e2abc21bd0 DEOPT PACKING pc=0x000001e254b6a400 sp=0x0000001d83dfd220
Event: 23372.856 Thread 0x000001e2abc21bd0 DEOPT UNPACKING pc=0x000001e254375f02 sp=0x0000001d83dfd190 mode 2
Event: 23372.857 Thread 0x000001e2abc21bd0 Uncommon trap: trap_request=0xffffffd6 fr.pc=0x000001e254b6a400 relative=0x0000000000000260
Event: 23372.857 Thread 0x000001e2abc21bd0 Uncommon trap: reason=array_check action=maybe_recompile pc=0x000001e254b6a400 method=java.util.LinkedHashMap.valuesToArray([Ljava/lang/Object;Z)[Ljava/lang/Object; @ 67 c2
Event: 23372.857 Thread 0x000001e2abc21bd0 DEOPT PACKING pc=0x000001e254b6a400 sp=0x0000001d83dfd950
Event: 23372.857 Thread 0x000001e2abc21bd0 DEOPT UNPACKING pc=0x000001e254375f02 sp=0x0000001d83dfd8c0 mode 2
Event: 23715.081 Thread 0x000001e2abc1b570 Uncommon trap: trap_request=0xffffffc6 fr.pc=0x000001e254a830c4 relative=0x00000000000004a4
Event: 23715.081 Thread 0x000001e2abc1b570 Uncommon trap: reason=bimorphic_or_optimized_type_check action=maybe_recompile pc=0x000001e254a830c4 method=java.util.regex.Pattern$SliceI.match(Ljava/util/regex/Matcher;ILjava/lang/CharSequence;)Z @ 92 c2
Event: 23715.081 Thread 0x000001e2abc1b570 DEOPT PACKING pc=0x000001e254a830c4 sp=0x0000001d869fcda0
Event: 23715.081 Thread 0x000001e2abc1b570 DEOPT UNPACKING pc=0x000001e254375f02 sp=0x0000001d869fcd28 mode 2

Classes loaded (20 events):
Event: 17641.535 Loading class sun/security/ssl/SSLEngineOutputRecord$HandshakeFragment
Event: 17641.536 Loading class sun/security/ssl/SSLEngineOutputRecord$HandshakeFragment done
Event: 17641.536 Loading class sun/security/ssl/SSLEngineOutputRecord$HandshakeMemo
Event: 17641.536 Loading class sun/security/ssl/SSLEngineOutputRecord$RecordMemo
Event: 17641.536 Loading class sun/security/ssl/SSLEngineOutputRecord$RecordMemo done
Event: 17641.536 Loading class sun/security/ssl/SSLEngineOutputRecord$HandshakeMemo done
Event: 17641.627 Loading class sun/security/ssl/PreSharedKeyExtension$SHPreSharedKeySpec
Event: 17641.628 Loading class sun/security/ssl/PreSharedKeyExtension$SHPreSharedKeySpec done
Event: 22479.343 Loading class java/nio/charset/IllegalCharsetNameException
Event: 22479.345 Loading class java/nio/charset/IllegalCharsetNameException done
Event: 22479.459 Loading class java/util/stream/ReduceOps$7
Event: 22479.462 Loading class java/util/stream/ReduceOps$7 done
Event: 22479.462 Loading class java/util/stream/ReduceOps$6ReducingSink
Event: 22479.463 Loading class java/util/stream/ReduceOps$6ReducingSink done
Event: 23282.163 Loading class sun/net/util/SocketExceptions
Event: 23282.164 Loading class sun/net/util/SocketExceptions done
Event: 23282.732 Loading class java/lang/Throwable$WrappedPrintWriter
Event: 23282.732 Loading class java/lang/Throwable$PrintStreamOrWriter
Event: 23282.732 Loading class java/lang/Throwable$PrintStreamOrWriter done
Event: 23282.732 Loading class java/lang/Throwable$WrappedPrintWriter done

Classes unloaded (20 events):
Event: 16497.379 Thread 0x000001e263732a50 Unloading class 0x000001e265860c00 'java/lang/invoke/LambdaForm$MH+0x000001e265860c00'
Event: 16497.379 Thread 0x000001e263732a50 Unloading class 0x000001e26585f800 'java/lang/invoke/LambdaForm$MH+0x000001e26585f800'
Event: 16497.379 Thread 0x000001e263732a50 Unloading class 0x000001e26585f000 'java/lang/invoke/LambdaForm$MH+0x000001e26585f000'
Event: 16497.379 Thread 0x000001e263732a50 Unloading class 0x000001e26585e800 'java/lang/invoke/LambdaForm$MH+0x000001e26585e800'
Event: 16497.379 Thread 0x000001e263732a50 Unloading class 0x000001e26585e000 'java/lang/invoke/LambdaForm$MH+0x000001e26585e000'
Event: 16497.379 Thread 0x000001e263732a50 Unloading class 0x000001e26585dc00 'java/lang/invoke/LambdaForm$MH+0x000001e26585dc00'
Event: 16497.379 Thread 0x000001e263732a50 Unloading class 0x000001e26585d400 'java/lang/invoke/LambdaForm$MH+0x000001e26585d400'
Event: 16497.379 Thread 0x000001e263732a50 Unloading class 0x000001e26585cc00 'java/lang/invoke/LambdaForm$MH+0x000001e26585cc00'
Event: 16497.379 Thread 0x000001e263732a50 Unloading class 0x000001e26585c800 'java/lang/invoke/LambdaForm$MH+0x000001e26585c800'
Event: 16497.379 Thread 0x000001e263732a50 Unloading class 0x000001e265856000 'java/lang/invoke/LambdaForm$MH+0x000001e265856000'
Event: 16497.379 Thread 0x000001e263732a50 Unloading class 0x000001e265855800 'java/lang/invoke/LambdaForm$MH+0x000001e265855800'
Event: 16497.379 Thread 0x000001e263732a50 Unloading class 0x000001e265855400 'java/lang/invoke/LambdaForm$MH+0x000001e265855400'
Event: 16497.379 Thread 0x000001e263732a50 Unloading class 0x000001e265855000 'java/lang/invoke/LambdaForm$MH+0x000001e265855000'
Event: 16497.379 Thread 0x000001e263732a50 Unloading class 0x000001e265854400 'java/lang/invoke/LambdaForm$MH+0x000001e265854400'
Event: 16497.379 Thread 0x000001e263732a50 Unloading class 0x000001e265854000 'java/lang/invoke/LambdaForm$MH+0x000001e265854000'
Event: 16497.380 Thread 0x000001e263732a50 Unloading class 0x000001e26581d800 'java/lang/invoke/LambdaForm$MH+0x000001e26581d800'
Event: 16497.380 Thread 0x000001e263732a50 Unloading class 0x000001e26581d000 'java/lang/invoke/LambdaForm$MH+0x000001e26581d000'
Event: 16497.380 Thread 0x000001e263732a50 Unloading class 0x000001e26581cc00 'java/lang/invoke/LambdaForm$MH+0x000001e26581cc00'
Event: 16497.380 Thread 0x000001e263732a50 Unloading class 0x000001e26581c800 'java/lang/invoke/LambdaForm$MH+0x000001e26581c800'
Event: 16497.380 Thread 0x000001e263732a50 Unloading class 0x000001e26581c400 'java/lang/invoke/LambdaForm$BMH+0x000001e26581c400'

Classes redefined (0 events):
No events

Internal exceptions (20 events):
Event: 24033.681 Thread 0x000001e2abc21bd0 Exception <a 'java/net/ConnectException'{0x0000000716f8ef18}: Connection refused: getsockopt> (0x0000000716f8ef18) 
thrown [s\open\src\hotspot\share\prims\jni.cpp, line 536]
Event: 24033.682 Thread 0x000001e2abc21bd0 Exception <a 'java/net/ConnectException'{0x0000000716f8fa98}: Connection refused: getsockopt> (0x0000000716f8fa98) 
thrown [s\open\src\hotspot\share\prims\jni.cpp, line 536]
Event: 24033.683 Thread 0x000001e2abc21bd0 Exception <a 'java/io/IOException'{0x0000000716fdabd0}> (0x0000000716fdabd0) 
thrown [s\open\src\hotspot\share\prims\jni.cpp, line 518]
Event: 24033.683 Thread 0x000001e2abc21bd0 Exception <a 'java/io/IOException'{0x0000000716fdc618}> (0x0000000716fdc618) 
thrown [s\open\src\hotspot\share\prims\jni.cpp, line 518]
Event: 24033.684 Thread 0x000001e2abc21bd0 Exception <a 'java/io/IOException'{0x0000000716fe3270}> (0x0000000716fe3270) 
thrown [s\open\src\hotspot\share\prims\jni.cpp, line 518]
Event: 24033.684 Thread 0x000001e2abc205e0 Exception <a 'java/net/ConnectException'{0x0000000716fc1dc8}: Connection refused: getsockopt> (0x0000000716fc1dc8) 
thrown [s\open\src\hotspot\share\prims\jni.cpp, line 536]
Event: 24033.686 Thread 0x000001e2abc205e0 Exception <a 'java/net/ConnectException'{0x0000000716fc2948}: Connection refused: getsockopt> (0x0000000716fc2948) 
thrown [s\open\src\hotspot\share\prims\jni.cpp, line 536]
Event: 24033.687 Thread 0x000001e2abc205e0 Exception <a 'java/io/IOException'{0x0000000716c08948}> (0x0000000716c08948) 
thrown [s\open\src\hotspot\share\prims\jni.cpp, line 518]
Event: 24033.687 Thread 0x000001e2abc205e0 Exception <a 'java/io/IOException'{0x0000000716c0a2f0}> (0x0000000716c0a2f0) 
thrown [s\open\src\hotspot\share\prims\jni.cpp, line 518]
Event: 24033.687 Thread 0x000001e2abc205e0 Exception <a 'java/io/IOException'{0x0000000716c126e0}> (0x0000000716c126e0) 
thrown [s\open\src\hotspot\share\prims\jni.cpp, line 518]
Event: 24063.708 Thread 0x000001e2abc205e0 Exception <a 'java/net/ConnectException'{0x0000000716cb96a0}: Connection refused: getsockopt> (0x0000000716cb96a0) 
thrown [s\open\src\hotspot\share\prims\jni.cpp, line 536]
Event: 24063.709 Thread 0x000001e2abc205e0 Exception <a 'java/net/ConnectException'{0x0000000716cba220}: Connection refused: getsockopt> (0x0000000716cba220) 
thrown [s\open\src\hotspot\share\prims\jni.cpp, line 536]
Event: 24065.711 Thread 0x000001e2abc205e0 Exception <a 'java/io/IOException'{0x0000000716cd6068}> (0x0000000716cd6068) 
thrown [s\open\src\hotspot\share\prims\jni.cpp, line 518]
Event: 24065.712 Thread 0x000001e2abc205e0 Exception <a 'java/io/IOException'{0x0000000716d28298}> (0x0000000716d28298) 
thrown [s\open\src\hotspot\share\prims\jni.cpp, line 518]
Event: 24065.712 Thread 0x000001e2abc205e0 Exception <a 'java/io/IOException'{0x0000000716d30820}> (0x0000000716d30820) 
thrown [s\open\src\hotspot\share\prims\jni.cpp, line 518]
Event: 24065.716 Thread 0x000001e2abc21bd0 Exception <a 'java/net/ConnectException'{0x0000000716d22fd8}: Connection refused: getsockopt> (0x0000000716d22fd8) 
thrown [s\open\src\hotspot\share\prims\jni.cpp, line 536]
Event: 24065.718 Thread 0x000001e2abc21bd0 Exception <a 'java/net/ConnectException'{0x0000000716d23b58}: Connection refused: getsockopt> (0x0000000716d23b58) 
thrown [s\open\src\hotspot\share\prims\jni.cpp, line 536]
Event: 24065.722 Thread 0x000001e2abc21bd0 Exception <a 'java/io/IOException'{0x0000000716d72360}> (0x0000000716d72360) 
thrown [s\open\src\hotspot\share\prims\jni.cpp, line 518]
Event: 24065.722 Thread 0x000001e2abc21bd0 Exception <a 'java/io/IOException'{0x0000000716d73f40}> (0x0000000716d73f40) 
thrown [s\open\src\hotspot\share\prims\jni.cpp, line 518]
Event: 24065.723 Thread 0x000001e2abc21bd0 Exception <a 'java/io/IOException'{0x0000000716d7b078}> (0x0000000716d7b078) 
thrown [s\open\src\hotspot\share\prims\jni.cpp, line 518]

VM Operations (20 events):
Event: 23433.037 Executing VM operation: RendezvousGCThreads
Event: 23433.037 Executing VM operation: RendezvousGCThreads done
Event: 23553.407 Executing VM operation: HandshakeAllThreads (HandshakeForDeflation)
Event: 23553.408 Executing VM operation: HandshakeAllThreads (HandshakeForDeflation) done
Event: 23553.408 Executing VM operation: RendezvousGCThreads
Event: 23553.408 Executing VM operation: RendezvousGCThreads done
Event: 23673.822 Executing VM operation: HandshakeAllThreads (HandshakeForDeflation)
Event: 23673.823 Executing VM operation: HandshakeAllThreads (HandshakeForDeflation) done
Event: 23673.823 Executing VM operation: RendezvousGCThreads
Event: 23673.823 Executing VM operation: RendezvousGCThreads done
Event: 23734.047 Executing VM operation: HandshakeAllThreads (HandshakeForDeflation)
Event: 23734.047 Executing VM operation: HandshakeAllThreads (HandshakeForDeflation) done
Event: 23734.047 Executing VM operation: RendezvousGCThreads
Event: 23734.047 Executing VM operation: RendezvousGCThreads done
Event: 23763.454 Executing VM operation: G1CollectForAllocation (G1 Evacuation Pause)
Event: 23763.475 Executing VM operation: G1CollectForAllocation (G1 Evacuation Pause) done
Event: 23794.238 Executing VM operation: HandshakeAllThreads (HandshakeForDeflation)
Event: 23794.239 Executing VM operation: HandshakeAllThreads (HandshakeForDeflation) done
Event: 23794.239 Executing VM operation: RendezvousGCThreads
Event: 23794.239 Executing VM operation: RendezvousGCThreads done

Memory protections (0 events):
No events

Nmethod flushes (20 events):
Event: 16497.719 Thread 0x000001e263732a50 flushing  nmethod 0x000001e24d566508
Event: 16497.719 Thread 0x000001e263732a50 flushing  nmethod 0x000001e24d568208
Event: 16497.719 Thread 0x000001e263732a50 flushing  nmethod 0x000001e24d56b188
Event: 16497.719 Thread 0x000001e263732a50 flushing  nmethod 0x000001e24d56b688
Event: 16497.719 Thread 0x000001e263732a50 flushing  nmethod 0x000001e24d5b2708
Event: 16497.719 Thread 0x000001e263732a50 flushing  nmethod 0x000001e24d5b9888
Event: 16497.719 Thread 0x000001e263732a50 flushing  nmethod 0x000001e24d5ba808
Event: 16497.719 Thread 0x000001e263732a50 flushing  nmethod 0x000001e24d712588
Event: 16497.719 Thread 0x000001e263732a50 flushing  nmethod 0x000001e24d8a9e08
Event: 16497.720 Thread 0x000001e263732a50 flushing  nmethod 0x000001e24d8ac608
Event: 16497.720 Thread 0x000001e263732a50 flushing  nmethod 0x000001e24da4a608
Event: 16497.720 Thread 0x000001e263732a50 flushing  nmethod 0x000001e24da4a908
Event: 16497.720 Thread 0x000001e263732a50 flushing  nmethod 0x000001e24da4ac08
Event: 16497.720 Thread 0x000001e263732a50 flushing  nmethod 0x000001e24da4af08
Event: 16497.720 Thread 0x000001e263732a50 flushing  nmethod 0x000001e24da4b208
Event: 16497.720 Thread 0x000001e263732a50 flushing  nmethod 0x000001e24da4d188
Event: 16497.720 Thread 0x000001e263732a50 flushing  nmethod 0x000001e24da4e608
Event: 16497.720 Thread 0x000001e263732a50 flushing  nmethod 0x000001e24da51788
Event: 16497.720 Thread 0x000001e263732a50 flushing  nmethod 0x000001e24da51b08
Event: 16497.720 Thread 0x000001e263732a50 flushing  nmethod 0x000001e24da52488

Events (20 events):
Event: 23503.263 Thread 0x000001e2a9110f90 Thread exited: 0x000001e2a9110f90
Event: 23503.311 Thread 0x000001e2a9112580 Thread exited: 0x000001e2a9112580
Event: 23506.389 Thread 0x000001e2ac008370 Thread added: 0x000001e2a9112580
Event: 23506.392 Thread 0x000001e2a9112580 Thread added: 0x000001e2a9110840
Event: 23511.392 Thread 0x000001e2a9112580 Thread exited: 0x000001e2a9112580
Event: 23511.415 Thread 0x000001e2ac008370 Thread added: 0x000001e2a9112580
Event: 23518.621 Thread 0x000001e2a9112580 Thread exited: 0x000001e2a9112580
Event: 23518.672 Thread 0x000001e2a9110840 Thread exited: 0x000001e2a9110840
Event: 23519.260 Thread 0x000001e2ac008370 Thread added: 0x000001e2a9110840
Event: 23519.263 Thread 0x000001e2a9110840 Thread added: 0x000001e2a9112580
Event: 23524.264 Thread 0x000001e2a9110840 Thread exited: 0x000001e2a9110840
Event: 23524.319 Thread 0x000001e2a9112580 Thread exited: 0x000001e2a9112580
Event: 23532.889 Thread 0x000001e2ac008370 Thread added: 0x000001e2a9112580
Event: 23532.892 Thread 0x000001e2a9112580 Thread added: 0x000001e2a9110840
Event: 23537.893 Thread 0x000001e2a9112580 Thread exited: 0x000001e2a9112580
Event: 23537.945 Thread 0x000001e2a9110840 Thread exited: 0x000001e2a9110840
Event: 23714.973 Thread 0x000001e2abc1b570 Thread added: 0x000001e2a9112580
Event: 23715.012 Thread 0x000001e2abc1b570 Thread added: 0x000001e2a9110840
Event: 23785.027 Thread 0x000001e2a9110840 Thread exited: 0x000001e2a9110840
Event: 23817.184 Thread 0x000001e2a9112580 Thread exited: 0x000001e2a9112580


Dynamic libraries:
0x00007ff7df9d0000 - 0x00007ff7df9de000 	C:\Users\smishr\.jdks\openjdk-24.0.1\bin\java.exe
0x00007ffd6a1a0000 - 0x00007ffd6a405000 	C:\windows\SYSTEM32\ntdll.dll
0x00007ffd68a60000 - 0x00007ffd68b29000 	C:\windows\System32\KERNEL32.DLL
0x00007ffd67850000 - 0x00007ffd67c38000 	C:\windows\System32\KERNELBASE.dll
0x00007ffd67640000 - 0x00007ffd6778b000 	C:\windows\System32\ucrtbase.dll
0x00007ffd41e70000 - 0x00007ffd41e8b000 	C:\Users\smishr\.jdks\openjdk-24.0.1\bin\VCRUNTIME140.dll
0x00007ffd43d20000 - 0x00007ffd43d36000 	C:\Users\smishr\.jdks\openjdk-24.0.1\bin\jli.dll
0x00007ffd69f90000 - 0x00007ffd6a15a000 	C:\windows\System32\USER32.dll
0x00007ffd67c40000 - 0x00007ffd67c67000 	C:\windows\System32\win32u.dll
0x00007ffd68950000 - 0x00007ffd6897b000 	C:\windows\System32\GDI32.dll
0x00007ffd67380000 - 0x00007ffd674b7000 	C:\windows\System32\gdi32full.dll
0x00007ffd67c70000 - 0x00007ffd67d13000 	C:\windows\System32\msvcp_win.dll
0x00007ffd52850000 - 0x00007ffd52aea000 	C:\windows\WinSxS\amd64_microsoft.windows.common-controls_6595b64144ccf1df_6.0.26100.4202_none_3e0698d4e335f517\COMCTL32.dll
0x00007ffd69d70000 - 0x00007ffd69e19000 	C:\windows\System32\msvcrt.dll
0x00007ffd68a00000 - 0x00007ffd68a30000 	C:\windows\System32\IMM32.DLL
0x000001e2421e0000 - 0x000001e2421f6000 	C:\windows\System32\umppc19706.dll
0x00007ffd66fc0000 - 0x00007ffd67113000 	C:\Program Files\Avecto\Privilege Guard Client\PGHook.dll
0x00007ffd69140000 - 0x00007ffd691f3000 	C:\windows\System32\ADVAPI32.dll
0x00007ffd68810000 - 0x00007ffd688b6000 	C:\windows\System32\sechost.dll
0x00007ffd68be0000 - 0x00007ffd68cf5000 	C:\windows\System32\RPCRT4.dll
0x00007ffd55b20000 - 0x00007ffd55b2c000 	C:\Users\smishr\.jdks\openjdk-24.0.1\bin\vcruntime140_1.dll
0x00007ffd2fec0000 - 0x00007ffd2ff4e000 	C:\Users\smishr\.jdks\openjdk-24.0.1\bin\msvcp140.dll
0x00007ffcf71f0000 - 0x00007ffcf7f92000 	C:\Users\smishr\.jdks\openjdk-24.0.1\bin\server\jvm.dll
0x00007ffd68790000 - 0x00007ffd68804000 	C:\windows\System32\WS2_32.dll
0x00007ffd67140000 - 0x00007ffd6719e000 	C:\windows\SYSTEM32\POWRPROF.dll
0x00007ffd5bb40000 - 0x00007ffd5bb75000 	C:\windows\SYSTEM32\WINMM.dll
0x00007ffd578e0000 - 0x00007ffd578eb000 	C:\windows\SYSTEM32\VERSION.dll
0x00007ffd67120000 - 0x00007ffd67134000 	C:\windows\SYSTEM32\UMPDC.dll
0x00007ffd65de0000 - 0x00007ffd65dfb000 	C:\windows\SYSTEM32\kernel.appcore.dll
0x00007ffd51040000 - 0x00007ffd5104a000 	C:\Users\smishr\.jdks\openjdk-24.0.1\bin\jimage.dll
0x00007ffd64650000 - 0x00007ffd64891000 	C:\windows\SYSTEM32\DBGHELP.DLL
0x00007ffd683f0000 - 0x00007ffd68775000 	C:\windows\System32\combase.dll
0x00007ffd68ec0000 - 0x00007ffd68fa1000 	C:\windows\System32\OLEAUT32.dll
0x00007ffd41760000 - 0x00007ffd41799000 	C:\windows\SYSTEM32\dbgcore.DLL
0x00007ffd67d20000 - 0x00007ffd67db9000 	C:\windows\System32\bcryptPrimitives.dll
0x00007ffd5a4d0000 - 0x00007ffd5a4df000 	C:\Users\smishr\.jdks\openjdk-24.0.1\bin\instrument.dll
0x00007ffd45700000 - 0x00007ffd4571e000 	C:\Users\smishr\.jdks\openjdk-24.0.1\bin\java.dll
0x00007ffd693e0000 - 0x00007ffd6957e000 	C:\windows\System32\ole32.dll
0x00007ffd69620000 - 0x00007ffd69d62000 	C:\windows\System32\SHELL32.dll
0x00007ffd67dc0000 - 0x00007ffd67f34000 	C:\windows\System32\wintypes.dll
0x00007ffd64a70000 - 0x00007ffd652c8000 	C:\windows\SYSTEM32\windows.storage.dll
0x00007ffd68dc0000 - 0x00007ffd68eb1000 	C:\windows\System32\SHCORE.dll
0x00007ffd68d00000 - 0x00007ffd68d6a000 	C:\windows\System32\shlwapi.dll
0x00007ffd67200000 - 0x00007ffd6722f000 	C:\windows\SYSTEM32\profapi.dll
0x00007ffd22350000 - 0x00007ffd22427000 	C:\Users\smishr\.jdks\openjdk-24.0.1\bin\jsvml.dll
0x00007ffd44ce0000 - 0x00007ffd44cf7000 	C:\Users\smishr\.jdks\openjdk-24.0.1\bin\zip.dll
0x00007ffd4b090000 - 0x00007ffd4b0a0000 	C:\Users\smishr\.jdks\openjdk-24.0.1\bin\net.dll
0x00007ffd66460000 - 0x00007ffd664ca000 	C:\windows\system32\mswsock.dll
0x00007ffd3bf30000 - 0x00007ffd3bf46000 	C:\Users\smishr\.jdks\openjdk-24.0.1\bin\nio.dll
0x00007ffd455e0000 - 0x00007ffd455e9000 	C:\Users\smishr\.jdks\openjdk-24.0.1\bin\extnet.dll
0x00007ffd65690000 - 0x00007ffd656c3000 	C:\windows\SYSTEM32\IPHLPAPI.DLL
0x00007ffd69030000 - 0x00007ffd6903a000 	C:\windows\System32\NSI.dll
0x00007ffd656d0000 - 0x00007ffd657f7000 	C:\windows\SYSTEM32\DNSAPI.dll
0x00007ffd5fe20000 - 0x00007ffd5fe2b000 	C:\Windows\System32\rasadhlp.dll
0x00007ffd5b9d0000 - 0x00007ffd5ba56000 	C:\windows\System32\fwpuclnt.dll
0x00007ffd44020000 - 0x00007ffd4402e000 	C:\Users\smishr\.jdks\openjdk-24.0.1\bin\sunmscapi.dll
0x00007ffd674c0000 - 0x00007ffd67637000 	C:\windows\System32\CRYPT32.dll
0x00007ffd66990000 - 0x00007ffd669c0000 	C:\windows\SYSTEM32\ncrypt.dll
0x00007ffd66940000 - 0x00007ffd6697f000 	C:\windows\SYSTEM32\NTASN1.dll
0x00007ffd66840000 - 0x00007ffd6685b000 	C:\windows\SYSTEM32\CRYPTSP.dll
0x00007ffd65d40000 - 0x00007ffd65d7a000 	C:\windows\system32\rsaenh.dll
0x00007ffd66500000 - 0x00007ffd6652b000 	C:\windows\SYSTEM32\USERENV.dll
0x00007ffd671d0000 - 0x00007ffd671f6000 	C:\windows\SYSTEM32\bcrypt.dll
0x00007ffd666a0000 - 0x00007ffd666ac000 	C:\windows\SYSTEM32\CRYPTBASE.dll
0x00007ffd30d90000 - 0x00007ffd30d9a000 	C:\Users\smishr\.jdks\openjdk-24.0.1\bin\management.dll
0x00007ffd30c80000 - 0x00007ffd30c8b000 	C:\Users\smishr\.jdks\openjdk-24.0.1\bin\management_ext.dll
0x00007ffd68a50000 - 0x00007ffd68a58000 	C:\windows\System32\PSAPI.DLL
0x00007ffd2f690000 - 0x00007ffd2f6a0000 	C:\Users\smishr\.jdks\openjdk-24.0.1\bin\verify.dll
0x00007ffd3b0e0000 - 0x00007ffd3b0e8000 	C:\windows\system32\wshunix.dll
0x00007ffd45f50000 - 0x00007ffd45f68000 	C:\windows\system32\napinsp.dll
0x00007ffd45f70000 - 0x00007ffd45f82000 	C:\windows\System32\winrnr.dll
0x00007ffd45f90000 - 0x00007ffd45fc0000 	C:\windows\system32\nlansp_c.dll
0x00007ffd573a0000 - 0x00007ffd573c0000 	C:\windows\system32\wshbth.dll

JVMTI agents:
C:\Program Files\JetBrains\IntelliJ IDEA Community Edition 2025.1.1.1\lib\idea_rt.jar path:C:\Users\smishr\.jdks\openjdk-24.0.1\bin\instrument.dll, loaded, initialized, instrumentlib options:57184

dbghelp: loaded successfully - version: 4.0.5 - missing functions: none
symbol engine: initialized successfully - sym options: 0x614 - pdb path: .;C:\Users\smishr\.jdks\openjdk-24.0.1\bin;C:\windows\SYSTEM32;C:\windows\WinSxS\amd64_microsoft.windows.common-controls_6595b64144ccf1df_6.0.26100.4202_none_3e0698d4e335f517;C:\Program Files\Avecto\Privilege Guard Client;C:\Users\smishr\.jdks\openjdk-24.0.1\bin\server

VM Arguments:
jvm_args: -javaagent:C:\Program Files\JetBrains\IntelliJ IDEA Community Edition 2025.1.1.1\lib\idea_rt.jar=57184 -Dfile.encoding=UTF-8 -Dsun.stdout.encoding=UTF-8 -Dsun.stderr.encoding=UTF-8 
java_command: com.order.orderservice.OrderServiceApplication
java_class_path (initial): C:\Users\smishr\Desktop\Ecomerce\Order-service\target\classes;C:\Users\smishr\.m2\repository\org\springframework\boot\spring-boot-starter-mail\3.4.4\spring-boot-starter-mail-3.4.4.jar;C:\Users\smishr\.m2\repository\org\springframework\boot\spring-boot-starter\3.4.4\spring-boot-starter-3.4.4.jar;C:\Users\smishr\.m2\repository\org\springframework\boot\spring-boot\3.4.4\spring-boot-3.4.4.jar;C:\Users\smishr\.m2\repository\org\springframework\boot\spring-boot-autoconfigure\3.4.4\spring-boot-autoconfigure-3.4.4.jar;C:\Users\smishr\.m2\repository\org\springframework\boot\spring-boot-starter-logging\3.4.4\spring-boot-starter-logging-3.4.4.jar;C:\Users\smishr\.m2\repository\ch\qos\logback\logback-classic\1.5.18\logback-classic-1.5.18.jar;C:\Users\smishr\.m2\repository\ch\qos\logback\logback-core\1.5.18\logback-core-1.5.18.jar;C:\Users\smishr\.m2\repository\org\apache\logging\log4j\log4j-to-slf4j\2.24.3\log4j-to-slf4j-2.24.3.jar;C:\Users\smishr\.m2\repository\org\apache\logging\log4j\log4j-api\2.24.3\log4j-api-2.24.3.jar;C:\Users\smishr\.m2\repository\org\slf4j\jul-to-slf4j\2.0.17\jul-to-slf4j-2.0.17.jar;C:\Users\smishr\.m2\repository\jakarta\annotation\jakarta.annotation-api\2.1.1\jakarta.annotation-api-2.1.1.jar;C:\Users\smishr\.m2\repository\org\yaml\snakeyaml\2.3\snakeyaml-2.3.jar;C:\Users\smishr\.m2\repository\org\springframework\spring-context-support\6.2.5\spring-context-support-6.2.5.jar;C:\Users\smishr\.m2\repository\org\springframework\spring-beans\6.2.5\spring-beans-6.2.5.jar;C:\Users\smishr\.m2\repository\org\springframework\spring-context\6.2.5\spring-context-6.2.5.jar;C:\Users\smishr\.m2\repository\org\eclipse\angus\jakarta.mail\2.0.3\jakarta.mail-2.0.3.jar;C:\Users\smishr\.m2\repository\jakarta\activation\jakarta.activation-api\2.1.3\jakarta.activation-api-2.1.3.jar;C:\Users\smishr\.m2\repository\org\eclipse\angus\angus-activation\2.0.2\angus-activation-2.0.2.jar;C:\Users\smishr\.m2\repository\org\springdoc\springdoc-openapi-starter-webmvc-ui\2.8.8\springdoc-openapi-starter-webmvc-ui-2.8.8.jar;C:\Users\smishr\.m2\repository\org\springdoc\springdoc-openapi-starter-webmvc-api\2.8.8\springdoc-openapi-starter-webmvc-api-2.8.8.jar;C:\Users\smishr\.m2\repository\org\springdoc\springdoc-openapi-starter-common\2.8.8\springdoc-openapi-starter-common-2.8.8.jar;C:\Users\smishr\.m2\repository\org\springframework\boot\spring-boot-starter-validation\3.4.4\spring-boot-starter-validation-3.4.4.jar;C:\Users\smishr\.m2\repository\org\hibernate\validator\hibernate-validator\8.0.2.Final\hibernate-validator-8.0.2.Final.jar;C:\Users\smishr\.m2\repository\io\swagger\core\v3\swagger-core-jakarta\2.2.30\swagger-core-jakarta-2.2.30.jar;C:\Users\smishr\.m2\repository\org\apache\commons\commons-lang3\3.17.0\commons-lang3-3.17.0.jar;C:\Users\smishr\.m2\repository\io\swagger\core\v3\swagger-annotations-jakarta\2.2.30\swagger-annotations-jakarta-2.2.30.jar;C:\Users\smishr\.m2\repository\io\swagger\core\v3\swagger-models-jakarta\2.2.30\swagger-models-jakarta-2.2.30.jar;C:\Users\smishr\.m2\repository\com\fasterxml\jackson\dataformat\jackson-dataformat-yaml\2.18.3\jackson-dataformat-yaml-2.18.3.jar;C:\Users\smishr\.m2\repository\org\webjars\swagger-ui\5.21.0\swagger-ui-5.21.0.jar;C:\Users\smishr\.m2\repository\org\webjars\webjars-locator-lite\1.0.1\webjars-locator-lite-1.0.1.jar;C:\Users\smishr\.m2\repository\org\jspecify\jspecify\1.0.0\jspecify-1.0.0.jar;C:\Users\smishr\.m2\repository\org\springframework\boot\spring-boot-starter-data-jpa\3.4.4\spring-boot-starter-data-jpa-3.4.4.jar;C:\Users\smishr\.m2\repository\org\springframework\boot\spring-boot-starter-jdbc\3.4.4\spring-boot-starter-jdbc-3.4.4.jar;C:\Users\smishr\.m2\repository\com\zaxxer\HikariCP\5.1.0\HikariCP-5.1.0.jar;C:\Users\smishr\.m2\repository\org\springframework\spring-jdbc\6.2.5\spring-jdbc-6.2.5.jar;C:\Users\smishr\.m2\repository\org\hibernate\orm\hibernate-core\6.6.11.Final\hibernate-core-6.6.11.Final.jar;C:\Users\smishr\.m2\repository\jakarta\persistence\jakarta.persistence-api\3.1.0\jakarta.persistence-api-3.1.0.jar;C:\Users\smishr\.m2\repository\jakarta\transaction\jakarta.transaction-api\2.0.1\jakarta.transaction-api-2.0.1.jar;C:\Users\smishr\.m2\repository\org\jboss\logging\jboss-logging\3.6.1.Final\jboss-logging-3.6.1.Final.jar;C:\Users\smishr\.m2\repository\org\hibernate\common\hibernate-commons-annotations\7.0.3.Final\hibernate-commons-annotations-7.0.3.Final.jar;C:\Users\smishr\.m2\repository\io\smallrye\jandex\3.2.0\jandex-3.2.0.jar;C:\Users\smishr\.m2\repository\com\fasterxml\classmate\1.7.0\classmate-1.7.0.jar;C:\Users\smishr\.m2\repository\net\bytebuddy\byte-buddy\1.15.11\byte-buddy-1.15.11.jar;C:\Users\smishr\.m2\repository\org\glassfish\jaxb\jaxb-runtime\4.0.5\jaxb-runtime-4.0.5.jar;C:\Users\smishr\.m2\repository\org\glassfish\jaxb\jaxb-core\4.0.5\jaxb-core-4.0.5.jar;C:\Users\smishr\.m2\repository\org\glassfish\jaxb\txw2\4.0.5\txw2-4.0.5.jar;C:\Users\smishr\.m2\repository\com\sun\istack\istack-commons-runtime\4.1.2\istack-commons-runtime-4.1.2.jar;C:\Users\smishr\.m2\repository\jakarta\inject\jakarta.inject-api\2.0.1\jakarta.inject-api-2.0.1.jar;C:\Users\smishr\.m2\repository\org\antlr\antlr4-runtime\4.13.0\antlr4-runtime-4.13.0.jar;C:\Users\smishr\.m2\repository\org\springframework\data\spring-data-jpa\3.4.4\spring-data-jpa-3.4.4.jar;C:\Users\smishr\.m2\repository\org\springframework\data\spring-data-commons\3.4.4\spring-data-commons-3.4.4.jar;C:\Users\smishr\.m2\repository\org\springframework\spring-orm\6.2.5\spring-orm-6.2.5.jar;C:\Users\smishr\.m2\repository\org\springframework\spring-aop\6.2.5\spring-aop-6.2.5.jar;C:\Users\smishr\.m2\repository\org\springframework\spring-tx\6.2.5\spring-tx-6.2.5.jar;C:\Users\smishr\.m2\repository\org\slf4j\slf4j-api\2.0.17\slf4j-api-2.0.17.jar;C:\Users\smishr\.m2\repository\org\springframework\spring-aspects\6.2.5\spring-aspects-6.2.5.jar;C:\Users\smishr\.m2\repository\org\aspectj\aspectjweaver\1.9.23\aspectjweaver-1.9.23.jar;C:\Users\smishr\.m2\repository\org\springframework\boot\spring-boot-starter-web\3.4.4\spring-boot-starter-web-3.4.4.jar;C:\Users\smishr\.m2\repository\org\springframework\boot\spring-boot-starter-json\3.4.4\spring-boot-starter-json-3.4.4.jar;C:\Users\smishr\.m2\repository\com\fasterxml\jackson\core\jackson-databind\2.18.3\jackson-databind-2.18.3.jar;C:\Users\smishr\.m2\repository\com\fasterxml\jackson\datatype\jackson-datatype-jdk8\2.18.3\jackson-datatype-jdk8-2.18.3.jar;C:\Users\smishr\.m2\repository\com\fasterxml\jackson\datatype\jackson-datatype-jsr310\2.18.3\jackson-datatype-jsr310-2.18.3.jar;C:\Users\smishr\.m2\repository\com\fasterxml\jackson\module\jackson-module-parameter-names\2.18.3\jackson-module-parameter-names-2.18.3.jar;C:\Users\smishr\.m2\repository\org\springframework\boot\spring-boot-starter-tomcat\3.4.4\spring-boot-starter-tomcat-3.4.4.jar;C:\Users\smishr\.m2\repository\org\apache\tomcat\embed\tomcat-embed-core\10.1.39\tomcat-embed-core-10.1.39.jar;C:\Users\smishr\.m2\repository\org\apache\tomcat\embed\tomcat-embed-el\10.1.39\tomcat-embed-el-10.1.39.jar;C:\Users\smishr\.m2\repository\org\apache\tomcat\embed\tomcat-embed-websocket\10.1.39\tomcat-embed-websocket-10.1.39.jar;C:\Users\smishr\.m2\repository\org\springframework\spring-web\6.2.5\spring-web-6.2.5.jar;C:\Users\smishr\.m2\repository\io\micrometer\micrometer-observation\1.14.5\micrometer-observation-1.14.5.jar;C:\Users\smishr\.m2\repository\io\micrometer\micrometer-commons\1.14.5\micrometer-commons-1.14.5.jar;C:\Users\smishr\.m2\repository\org\springframework\spring-webmvc\6.2.5\spring-webmvc-6.2.5.jar;C:\Users\smishr\.m2\repository\org\springframework\spring-expression\6.2.5\spring-expression-6.2.5.jar;C:\Users\smishr\.m2\repository\org\springframework\cloud\spring-cloud-starter-netflix-eureka-client\4.2.1\spring-cloud-starter-netflix-eureka-client-4.2.1.jar;C:\Users\smishr\.m2\repository\org\springframework\cloud\spring-cloud-starter\4.2.1\spring-cloud-starter-4.2.1.jar;C:\Users\smishr\.m2\repository\org\springframework\cloud\spring-cloud-context\4.2.1\spring-cloud-context-4.2.1.jar;C:\Users\smishr\.m2\repository\org\bouncycastle\bcprov-jdk18on\1.78.1\bcprov-jdk18on-1.78.1.jar;C:\Users\smishr\.m2\repository\org\springframework\cloud\spring-cloud-netflix-eureka-client\4.2.1\spring-cloud-netflix-eureka-client-4.2.1.jar;C:\Users\smishr\.m2\repository\org\apache\httpcomponents\client5\httpclient5\5.4.2\httpclient5-5.4.2.jar;C:\Users\smishr\.m2\repository\org\apache\httpcomponents\core5\httpcore5\5.3.3\httpcore5-5.3.3.jar;C:\Users\smishr\.m2\repository\org\apache\httpcomponents\core5\httpcore5-h2\5.3.3\httpcore5-h2-5.3.3.jar;C:\Users\smishr\.m2\repository\com\netflix\eureka\eureka-client\2.0.4\eureka-client-2.0.4.jar;C:\Users\smishr\.m2\repository\com\thoughtworks\xstream\xstream\1.4.20\xstream-1.4.20.jar;C:\Users\smishr\.m2\repository\io\github\x-stream\mxparser\1.2.2\mxparser-1.2.2.jar;C:\Users\smishr\.m2\repository\xmlpull\xmlpull\1.1.3.1\xmlpull-1.1.3.1.jar;C:\Users\smishr\.m2\repository\jakarta\ws\rs\jakarta.ws.rs-api\3.1.0\jakarta.ws.rs-api-3.1.0.jar;C:\Users\smishr\.m2\repository\com\netflix\spectator\spectator-api\1.7.3\spectator-api-1.7.3.jar;C:\Users\smishr\.m2\repository\org\apache\httpcomponents\httpclient\4.5.3\httpclient-4.5.3.jar;C:\Users\smishr\.m2\repository\org\apache\httpcomponents\httpcore\4.4.16\httpcore-4.4.16.jar;C:\Users\smishr\.m2\repository\commons-codec\commons-codec\1.17.2\commons-codec-1.17.2.jar;C:\Users\smishr\.m2\repository\commons-configuration\commons-configuration\1.10\commons-configuration-1.10.jar;C:\Users\smishr\.m2\repository\commons-lang\commons-lang\2.6\commons-lang-2.6.jar;C:\Users\smishr\.m2\repository\com\fasterxml\jackson\core\jackson-annotations\2.18.3\jackson-annotations-2.18.3.jar;C:\Users\smishr\.m2\repository\com\fasterxml\jackson\core\jackson-core\2.18.3\jackson-core-2.18.3.jar;C:\Users\smishr\.m2\repository\com\netflix\netflix-commons\netflix-eventbus\0.3.0\netflix-eventbus-0.3.0.jar;C:\Users\smishr\.m2\repository\com\netflix\netflix-commons\netflix-infix\0.3.0\netflix-infix-0.3.0.jar;C:\Users\smishr\.m2\repository\commons-jxpath\commons-jxpath\1.3\commons-jxpath-1.3.jar;C:\Users\smishr\.m2\repository\joda-time\joda-time\2.3\joda-time-2.3.jar;C:\Users\smishr\.m2\repository\org\antlr\antlr-runtime\3.4\antlr-runtime-3.4.jar;C:\Users\smishr\.m2\repository\org\antlr\stringtemplate\3.2.1\stringtemplate-3.2.1.jar;C:\Users\smishr\.m2\repository\antlr\antlr\2.7.7\antlr-2.7.7.jar;C:\Users\smishr\.m2\repository\com\google\guava\guava\14.0.1\guava-14.0.1.jar;C:\Users\smishr\.m2\repository\com\google\code\gson\gson\2.11.0\gson-2.11.0.jar;C:\Users\smishr\.m2\repository\com\google\errorprone\error_prone_annotations\2.27.0\error_prone_annotations-2.27.0.jar;C:\Users\smishr\.m2\repository\com\netflix\servo\servo-core\0.5.3\servo-core-0.5.3.jar;C:\Users\smishr\.m2\repository\org\apache\commons\commons-math\2.2\commons-math-2.2.jar;C:\Users\smishr\.m2\repository\javax\annotation\javax.annotation-api\1.2\javax.annotation-api-1.2.jar;C:\Users\smishr\.m2\repository\org\codehaus\jettison\jettison\1.5.4\jettison-1.5.4.jar;C:\Users\smishr\.m2\repository\org\springframework\cloud\spring-cloud-starter-loadbalancer\4.2.1\spring-cloud-starter-loadbalancer-4.2.1.jar;C:\Users\smishr\.m2\repository\org\springframework\cloud\spring-cloud-loadbalancer\4.2.1\spring-cloud-loadbalancer-4.2.1.jar;C:\Users\smishr\.m2\repository\io\projectreactor\reactor-core\3.7.4\reactor-core-3.7.4.jar;C:\Users\smishr\.m2\repository\org\reactivestreams\reactive-streams\1.0.4\reactive-streams-1.0.4.jar;C:\Users\smishr\.m2\repository\io\projectreactor\addons\reactor-extra\3.5.2\reactor-extra-3.5.2.jar;C:\Users\smishr\.m2\repository\org\springframework\boot\spring-boot-starter-cache\3.4.4\spring-boot-starter-cache-3.4.4.jar;C:\Users\smishr\.m2\repository\com\stoyanr\evictor\1.0.0\evictor-1.0.0.jar;C:\Users\smishr\.m2\repository\org\springframework\cloud\spring-cloud-starter-openfeign\4.2.1\spring-cloud-starter-openfeign-4.2.1.jar;C:\Users\smishr\.m2\repository\org\springframework\cloud\spring-cloud-openfeign-core\4.2.1\spring-cloud-openfeign-core-4.2.1.jar;C:\Users\smishr\.m2\repository\io\github\openfeign\feign-form-spring\13.5\feign-form-spring-13.5.jar;C:\Users\smishr\.m2\repository\io\github\openfeign\feign-form\13.5\feign-form-13.5.jar;C:\Users\smishr\.m2\repository\commons-fileupload\commons-fileupload\1.5\commons-fileupload-1.5.jar;C:\Users\smishr\.m2\repository\org\springframework\cloud\spring-cloud-commons\4.2.1\spring-cloud-commons-4.2.1.jar;C:\Users\smishr\.m2\repository\org\springframework\security\spring-security-crypto\6.4.4\spring-security-crypto-6.4.4.jar;C:\Users\smishr\.m2\repository\io\github\openfeign\feign-core\13.5\feign-core-13.5.jar;C:\Users\smishr\.m2\repository\io\github\openfeign\feign-slf4j\13.5\feign-slf4j-13.5.jar;C:\Users\smishr\.m2\repository\jakarta\validation\jakarta.validation-api\3.0.2\jakarta.validation-api-3.0.2.jar;C:\Users\smishr\.m2\repository\com\mysql\mysql-connector-j\9.1.0\mysql-connector-j-9.1.0.jar;C:\Users\smishr\.m2\repository\org\projectlombok\lombok\1.18.38\lombok-1.18.38.jar;C:\Users\smishr\.m2\repository\jakarta\xml\bind\jakarta.xml.bind-api\4.0.2\jakarta.xml.bind-api-4.0.2.jar;C:\Users\smishr\.m2\repository\org\springframework\spring-core\6.2.5\spring-core-6.2.5.jar;C:\Users\smishr\.m2\repository\org\springframework\spring-jcl\6.2.5\spring-jcl-6.2.5.jar
Launcher Type: SUN_STANDARD

[Global flags]
     intx CICompilerCount                          = 4                                         {product} {ergonomic}
     uint ConcGCThreads                            = 3                                         {product} {ergonomic}
     uint G1ConcRefinementThreads                  = 10                                        {product} {ergonomic}
   size_t G1HeapRegionSize                         = 2097152                                   {product} {ergonomic}
   size_t InitialHeapSize                          = 257949696                                 {product} {ergonomic}
   size_t MarkStackSize                            = 4194304                                   {product} {ergonomic}
   size_t MarkStackSizeMax                         = 536870912                                 {product} {ergonomic}
   size_t MaxHeapSize                              = 4102029312                                {product} {ergonomic}
   size_t MaxNewSize                               = 2459959296                                {product} {ergonomic}
   size_t MinHeapDeltaBytes                        = 2097152                                   {product} {ergonomic}
   size_t MinHeapSize                              = 8388608                                   {product} {ergonomic}
    uintx NonNMethodCodeHeapSize                   = 5832704                                {pd product} {ergonomic}
    uintx NonProfiledCodeHeapSize                  = 122945536                              {pd product} {ergonomic}
    uintx ProfiledCodeHeapSize                     = 122880000                              {pd product} {ergonomic}
    uintx ReservedCodeCacheSize                    = 251658240                              {pd product} {ergonomic}
     bool SegmentedCodeCache                       = true                                      {product} {ergonomic}
   size_t SoftMaxHeapSize                          = 4102029312                             {manageable} {ergonomic}
     bool UseCompressedOops                        = true                           {product lp64_product} {ergonomic}
     bool UseG1GC                                  = true                                      {product} {ergonomic}
     bool UseLargePagesIndividualAllocation        = false                                  {pd product} {ergonomic}

Logging:
Log output configuration:
 #0: stdout all=warning uptime,level,tags foldmultilines=false
 #1: stderr all=off uptime,level,tags foldmultilines=false

Environment Variables:
PATH=C:\Python313\Scripts\;C:\Python313\;C:\Program Files\Eclipse Adoptium\jdk-21.0.4.7-hotspot\bin;C:\windows\system32;C:\windows;C:\windows\System32\Wbem;C:\windows\System32\WindowsPowerShell\v1.0\;C:\windows\System32\OpenSSH\;C:\Program Files\WindowsPowerShell\Scripts;C:\Program Files\Git\cmd;C:\Program Files\ServiceNow\agent-client-collector\bin;C:\Program Files\ServiceNow\agent-client-collector\embedded\bin;C:\Program Files\Microsoft VS Code\bin;C:\ProgramData\chocolatey\bin;C:\Program Files\nodejs\;C:\Users\smishr\AppData\Local\Microsoft\WindowsApps;;C:\Program Files\JetBrains\IntelliJ IDEA Community Edition 2025.1.1.1\bin;
USERNAME=smishr
OS=Windows_NT
PROCESSOR_IDENTIFIER=AMD64 Family 25 Model 124 Stepping 0, AuthenticAMD
TMP=C:\Users\smishr\AppData\Local\Temp
TEMP=C:\Users\smishr\AppData\Local\Temp




Periodic native trim disabled

---------------  S Y S T E M  ---------------

OS:
 Windows 11 , 64 bit Build 26100 (10.0.26100.4202)
OS uptime: 1 days 7:21 hours
Hyper-V role detected

CPU: total 12 (initial active 12) (12 cores per cpu, 2 threads per core) family 25 model 124 stepping 0 microcode 0xa70c005, cx8, cmov, fxsr, ht, mmx, 3dnowpref, sse, sse2, sse3, ssse3, sse4a, sse4.1, sse4.2, popcnt, lzcnt, tsc, tscinvbit, avx, avx2, aes, erms, clmul, bmi1, bmi2, adx, avx512f, avx512dq, avx512cd, avx512bw, avx512vl, sha, fma, vzeroupper, avx512_vpopcntdq, avx512_vpclmulqdq, avx512_vaes, avx512_vnni, clflush, clflushopt, avx512_vbmi2, avx512_vbmi, hv, rdtscp, rdpid, fsrm, gfni, avx512_bitalg, f16c, cet_ss, avx512_ifma
Processor Information for the first 12 processors :
  Max Mhz: 3201, Current Mhz: 1981, Mhz Limit: 3201

Memory: 4k page, system-wide physical 15645M (656M free)
TotalPageFile size 62749M (AvailPageFile size 5M)
current process WorkingSet (physical memory assigned to process): 217M, peak: 322M
current process commit charge ("private bytes"): 376M, peak: 389M

vm_info: OpenJDK 64-Bit Server VM (24.0.1+9-30) for windows-amd64 JRE (24.0.1+9-30), built on 2025-03-05T07:23:45Z with MS VC++ 17.6 (VS2022)

END.
