#
# There is insufficient memory for the Java Runtime Environment to continue.
# Native memory allocation (malloc) failed to allocate 3017680 bytes. Error detail: Chunk::new
# Possible reasons:
#   The system is out of physical RAM or swap space
#   This process is running with CompressedOops enabled, and the Java Heap may be blocking the growth of the native heap
# Possible solutions:
#   Reduce memory load on the system
#   Increase physical memory or swap space
#   Check if swap backing store is full
#   Decrease Java heap size (-Xmx/-Xms)
#   Decrease number of Java threads
#   Decrease Java thread stack sizes (-Xss)
#   Set larger code cache with -XX:ReservedCodeCacheSize=
#   JVM is running with Zero Based Compressed Oops mode in which the Java heap is
#     placed in the first 32GB address space. The Java Heap base address is the
#     maximum limit for the native heap growth. Please use -XX:HeapBaseMinAddress
#     to set the Java Heap base and to place the Java Heap above 32GB virtual address.
# This output file may be truncated or incomplete.
#
#  Out of Memory Error (arena.cpp:162), pid=30620, tid=28296
#
# JRE version: OpenJDK Runtime Environment (24.0.1+9) (build 24.0.1+9-30)
# Java VM: OpenJDK 64-Bit Server VM (24.0.1+9-30, mixed mode, sharing, tiered, compressed oops, compressed class ptrs, g1 gc, windows-amd64)
# No core dump will be written. Minidumps are not enabled by default on client versions of Windows
#

---------------  S U M M A R Y ------------

Command Line: -javaagent:C:\Program Files\JetBrains\IntelliJ IDEA Community Edition 2025.1.1.1\lib\idea_rt.jar=57203 -Dfile.encoding=UTF-8 -Dsun.stdout.encoding=UTF-8 -Dsun.stderr.encoding=UTF-8 com.cartservice.CartServiceApplication

Host: AMD Ryzen 5 PRO 8540U w/ Radeon 740M Graphics  , 12 cores, 15G,  Windows 11 , 64 bit Build 26100 (10.0.26100.4202)
Time: Tue Jun 24 16:42:36 2025 India Standard Time elapsed time: 24484.933308 seconds (0d 6h 48m 4s)

---------------  T H R E A D  ---------------

Current thread (0x00000287c503cde0):  JavaThread "C2 CompilerThread0" daemon [_thread_in_native, id=28296, stack(0x0000008d85d00000,0x0000008d85e00000) (1024K)]


Current CompileTask:
C2:24484933 15056   !   4       org.springframework.util.ClassUtils::forName (251 bytes)

Stack: [0x0000008d85d00000,0x0000008d85e00000]
Native frames: (J=compiled Java code, j=interpreted, Vv=VM code, C=native code)
V  [jvm.dll+0x730739]  (no source info available)
V  [jvm.dll+0x8d9b23]  (no source info available)
V  [jvm.dll+0x8dc00d]  (no source info available)
V  [jvm.dll+0x8dc683]  (no source info available)
V  [jvm.dll+0x2aa086]  (no source info available)
V  [jvm.dll+0xcedef]  (no source info available)
V  [jvm.dll+0xcf04f]  (no source info available)
V  [jvm.dll+0x154d83]  (no source info available)
V  [jvm.dll+0x735f5f]  (no source info available)
V  [jvm.dll+0x26fa1c]  (no source info available)
V  [jvm.dll+0x26ea3f]  (no source info available)
V  [jvm.dll+0x1e9d60]  (no source info available)
V  [jvm.dll+0x27e1fb]  (no source info available)
V  [jvm.dll+0x27c49a]  (no source info available)
V  [jvm.dll+0x42f456]  (no source info available)
V  [jvm.dll+0x87d76b]  (no source info available)
V  [jvm.dll+0x72ee55]  (no source info available)
C  [ucrtbase.dll+0x37b0]  (no source info available)
C  [KERNEL32.DLL+0x2e8d7]  (no source info available)
C  [ntdll.dll+0x3c34c]  (no source info available)

Lock stack of current Java thread (top to bottom):


---------------  P R O C E S S  ---------------

Threads class SMR info:
_java_thread_list=0x00000287c9979330, length=38, elements={
0x00000287fc53e480, 0x00000287c50050b0, 0x00000287c500b5d0, 0x00000287c500c470,
0x00000287c500d090, 0x00000287c500f390, 0x00000287c503cde0, 0x00000287c503f170,
0x00000287c52284a0, 0x00000287c521d160, 0x00000287c51de410, 0x00000287c526d6e0,
0x00000287c5838830, 0x00000287ca091ec0, 0x00000287ca0934b0, 0x00000287ca094350,
0x00000287ca0951f0, 0x00000287ca092610, 0x00000287ca121b30, 0x00000287ca123120,
0x00000287ca122280, 0x00000287ca1213e0, 0x00000287ca120540, 0x00000287ca1229d0,
0x00000287ca120c90, 0x00000287ca11fdf0, 0x00000287ca1255b0, 0x00000287ca124710,
0x00000287ca126ba0, 0x00000287ca124e60, 0x00000287ca125d00, 0x00000287ca126450,
0x00000287ca123870, 0x00000287ca1272f0, 0x00000287ca123fc0, 0x00000287c5328ce0,
0x00000287c53259b0, 0x00000287c5329430
}
_to_delete_list=0x00000287c8cfb0e0, length=39, elements={
0x00000287fc53e480, 0x00000287c50050b0, 0x00000287c500b5d0, 0x00000287c500c470,
0x00000287c500d090, 0x00000287c500f390, 0x00000287c503cde0, 0x00000287c503f170,
0x00000287c52284a0, 0x00000287c521d160, 0x00000287c51de410, 0x00000287c526d6e0,
0x00000287c5838830, 0x00000287ca091ec0, 0x00000287ca0934b0, 0x00000287ca094350,
0x00000287ca0951f0, 0x00000287ca092610, 0x00000287ca121b30, 0x00000287ca123120,
0x00000287ca122280, 0x00000287ca1213e0, 0x00000287ca120540, 0x00000287ca1229d0,
0x00000287ca120c90, 0x00000287ca11fdf0, 0x00000287ca1255b0, 0x00000287ca124710,
0x00000287ca126ba0, 0x00000287ca124e60, 0x00000287ca125d00, 0x00000287ca126450,
0x00000287ca123870, 0x00000287ca1272f0, 0x00000287ca123fc0, 0x00000287c5328ce0,
0x00000287c53259b0, 0x00000287c5329430, 0x00000287c53276f0
}

Java Threads: ( => current thread )
  0x00000287fc53e480 JavaThread "Reference Handler"          daemon [_thread_blocked, id=21252, stack(0x0000008d85700000,0x0000008d85800000) (1024K)]
  0x00000287c50050b0 JavaThread "Finalizer"                  daemon [_thread_blocked, id=27296, stack(0x0000008d85800000,0x0000008d85900000) (1024K)]
  0x00000287c500b5d0 JavaThread "Signal Dispatcher"          daemon [_thread_blocked, id=10920, stack(0x0000008d85900000,0x0000008d85a00000) (1024K)]
  0x00000287c500c470 JavaThread "Attach Listener"            daemon [_thread_blocked, id=26288, stack(0x0000008d85a00000,0x0000008d85b00000) (1024K)]
  0x00000287c500d090 JavaThread "Service Thread"             daemon [_thread_blocked, id=21640, stack(0x0000008d85b00000,0x0000008d85c00000) (1024K)]
  0x00000287c500f390 JavaThread "Monitor Deflation Thread"   daemon [_thread_blocked, id=29152, stack(0x0000008d85c00000,0x0000008d85d00000) (1024K)]
=>0x00000287c503cde0 JavaThread "C2 CompilerThread0"         daemon [_thread_in_native, id=28296, stack(0x0000008d85d00000,0x0000008d85e00000) (1024K)]
  0x00000287c503f170 JavaThread "C1 CompilerThread0"         daemon [_thread_blocked, id=13648, stack(0x0000008d85e00000,0x0000008d85f00000) (1024K)]
  0x00000287c52284a0 JavaThread "Common-Cleaner"             daemon [_thread_blocked, id=29436, stack(0x0000008d86000000,0x0000008d86100000) (1024K)]
  0x00000287c521d160 JavaThread "Notification Thread"        daemon [_thread_blocked, id=20496, stack(0x0000008d86100000,0x0000008d86200000) (1024K)]
  0x00000287c51de410 JavaThread "Catalina-utility-1"                [_thread_blocked, id=27888, stack(0x0000008d86f00000,0x0000008d87000000) (1024K)]
  0x00000287c526d6e0 JavaThread "Catalina-utility-2"                [_thread_blocked, id=17652, stack(0x0000008d87000000,0x0000008d87100000) (1024K)]
  0x00000287c5838830 JavaThread "container-0"                       [_thread_blocked, id=29448, stack(0x0000008d87100000,0x0000008d87200000) (1024K)]
  0x00000287ca091ec0 JavaThread "mysql-cj-abandoned-connection-cleanup" daemon [_thread_blocked, id=29044, stack(0x0000008d87200000,0x0000008d87300000) (1024K)]
  0x00000287ca0934b0 JavaThread "HikariPool-1 housekeeper"   daemon [_thread_blocked, id=5024, stack(0x0000008d87400000,0x0000008d87500000) (1024K)]
  0x00000287ca094350 JavaThread "spectator-gauge-polling-0"  daemon [_thread_blocked, id=17660, stack(0x0000008d87600000,0x0000008d87700000) (1024K)]
  0x00000287ca0951f0 JavaThread "AsyncResolver-bootstrap-%d" daemon [_thread_blocked, id=28560, stack(0x0000008d86700000,0x0000008d86800000) (1024K)]
  0x00000287ca092610 JavaThread "DiscoveryClient-%d"         daemon [_thread_blocked, id=9796, stack(0x0000008d87300000,0x0000008d87400000) (1024K)]
  0x00000287ca121b30 JavaThread "DiscoveryClient-%d"         daemon [_thread_blocked, id=20600, stack(0x0000008d87700000,0x0000008d87800000) (1024K)]
  0x00000287ca123120 JavaThread "DiscoveryClient-InstanceInfoReplicator-%d" daemon [_thread_blocked, id=22728, stack(0x0000008d87800000,0x0000008d87900000) (1024K)]
  0x00000287ca122280 JavaThread "http-nio-8082-exec-1"       daemon [_thread_blocked, id=28784, stack(0x0000008d87900000,0x0000008d87a00000) (1024K)]
  0x00000287ca1213e0 JavaThread "http-nio-8082-exec-2"       daemon [_thread_blocked, id=256, stack(0x0000008d87a00000,0x0000008d87b00000) (1024K)]
  0x00000287ca120540 JavaThread "http-nio-8082-exec-3"       daemon [_thread_blocked, id=2168, stack(0x0000008d87b00000,0x0000008d87c00000) (1024K)]
  0x00000287ca1229d0 JavaThread "http-nio-8082-exec-4"       daemon [_thread_blocked, id=26364, stack(0x0000008d87c00000,0x0000008d87d00000) (1024K)]
  0x00000287ca120c90 JavaThread "http-nio-8082-exec-5"       daemon [_thread_blocked, id=13672, stack(0x0000008d87d00000,0x0000008d87e00000) (1024K)]
  0x00000287ca11fdf0 JavaThread "http-nio-8082-exec-6"       daemon [_thread_blocked, id=12068, stack(0x0000008d87e00000,0x0000008d87f00000) (1024K)]
  0x00000287ca1255b0 JavaThread "http-nio-8082-exec-7"       daemon [_thread_blocked, id=23924, stack(0x0000008d87f00000,0x0000008d88000000) (1024K)]
  0x00000287ca124710 JavaThread "http-nio-8082-exec-8"       daemon [_thread_blocked, id=28664, stack(0x0000008d88000000,0x0000008d88100000) (1024K)]
  0x00000287ca126ba0 JavaThread "http-nio-8082-exec-9"       daemon [_thread_blocked, id=3896, stack(0x0000008d88100000,0x0000008d88200000) (1024K)]
  0x00000287ca124e60 JavaThread "http-nio-8082-exec-10"      daemon [_thread_blocked, id=17460, stack(0x0000008d88200000,0x0000008d88300000) (1024K)]
  0x00000287ca125d00 JavaThread "http-nio-8082-Poller"       daemon [_thread_in_native, id=29588, stack(0x0000008d88300000,0x0000008d88400000) (1024K)]
  0x00000287ca126450 JavaThread "http-nio-8082-Acceptor"     daemon [_thread_in_native, id=25864, stack(0x0000008d88400000,0x0000008d88500000) (1024K)]
  0x00000287ca123870 JavaThread "DestroyJavaVM"                     [_thread_blocked, id=21244, stack(0x0000008d84f00000,0x0000008d85000000) (1024K)]
  0x00000287ca1272f0 JavaThread "DiscoveryClient-CacheRefreshExecutor-%d" daemon [_thread_blocked, id=25708, stack(0x0000008d84e00000,0x0000008d84f00000) (1024K)]
  0x00000287ca123fc0 JavaThread "DiscoveryClient-HeartbeatExecutor-%d" daemon [_thread_blocked, id=11092, stack(0x0000008d88500000,0x0000008d88600000) (1024K)]
  0x00000287c5328ce0 JavaThread "AsyncResolver-bootstrap-executor-%d" daemon [_thread_blocked, id=22524, stack(0x0000008d84d00000,0x0000008d84e00000) (1024K)]
  0x00000287c53259b0 JavaThread "boundedElastic-evictor-1"   daemon [_thread_blocked, id=15968, stack(0x0000008d86600000,0x0000008d86700000) (1024K)]
  0x00000287c5329430 JavaThread "pool-4-thread-1"            daemon [_thread_blocked, id=22224, stack(0x0000008d87500000,0x0000008d87600000) (1024K)]
Total: 38

Other Threads:
  0x00000287fc52da20 VMThread "VM Thread"                           [id=27760, stack(0x0000008d85600000,0x0000008d85700000) (1024K)]
  0x00000287fc520fe0 WatcherThread "VM Periodic Task Thread"        [id=23660, stack(0x0000008d85500000,0x0000008d85600000) (1024K)]
  0x00000287dd5ad440 WorkerThread "GC Thread#0"                     [id=13428, stack(0x0000008d85000000,0x0000008d85100000) (1024K)]
  0x00000287c60f5bc0 WorkerThread "GC Thread#1"                     [id=26924, stack(0x0000008d86200000,0x0000008d86300000) (1024K)]
  0x00000287c60f5f70 WorkerThread "GC Thread#2"                     [id=21088, stack(0x0000008d86300000,0x0000008d86400000) (1024K)]
  0x00000287c60fc340 WorkerThread "GC Thread#3"                     [id=27808, stack(0x0000008d86400000,0x0000008d86500000) (1024K)]
  0x00000287c5ffff10 WorkerThread "GC Thread#4"                     [id=10256, stack(0x0000008d86500000,0x0000008d86600000) (1024K)]
  0x00000287c6259420 WorkerThread "GC Thread#5"                     [id=11488, stack(0x0000008d86800000,0x0000008d86900000) (1024K)]
  0x00000287c625a2e0 WorkerThread "GC Thread#6"                     [id=8472, stack(0x0000008d86900000,0x0000008d86a00000) (1024K)]
  0x00000287c771c3a0 WorkerThread "GC Thread#7"                     [id=6204, stack(0x0000008d86a00000,0x0000008d86b00000) (1024K)]
  0x00000287c771c750 WorkerThread "GC Thread#8"                     [id=16632, stack(0x0000008d86b00000,0x0000008d86c00000) (1024K)]
  0x00000287c771cb00 WorkerThread "GC Thread#9"                     [id=20504, stack(0x0000008d86c00000,0x0000008d86d00000) (1024K)]
  0x00000287dd5c16d0 ConcurrentGCThread "G1 Main Marker"            [id=6284, stack(0x0000008d85100000,0x0000008d85200000) (1024K)]
  0x00000287dd5c57e0 WorkerThread "G1 Conc#0"                       [id=24840, stack(0x0000008d85200000,0x0000008d85300000) (1024K)]
  0x00000287c771ceb0 WorkerThread "G1 Conc#1"                       [id=28584, stack(0x0000008d86d00000,0x0000008d86e00000) (1024K)]
  0x00000287c771b130 WorkerThread "G1 Conc#2"                       [id=29896, stack(0x0000008d86e00000,0x0000008d86f00000) (1024K)]
  0x00000287fc3e83f0 ConcurrentGCThread "G1 Refine#0"               [id=17756, stack(0x0000008d85300000,0x0000008d85400000) (1024K)]
  0x00000287fc3e9e20 ConcurrentGCThread "G1 Service"                [id=26044, stack(0x0000008d85400000,0x0000008d85500000) (1024K)]
Total: 18

Threads with active compile tasks:
C2 CompilerThread0  24485178 15056   !   4       org.springframework.util.ClassUtils::forName (251 bytes)
Total: 1

VM state: not at safepoint (normal execution)

VM Mutex/Monitor currently owned by a thread: None

Heap address: 0x000000070b800000, size: 3912 MB, Compressed Oops mode: Zero based, Oop shift amount: 3

CDS archive(s) mapped at: [0x0000028780000000-0x0000028780d40000-0x0000028780d40000), size 13893632, SharedBaseAddress: 0x0000028780000000, ArchiveRelocationMode: 1.
Compressed class space mapped at: 0x0000028781000000-0x00000287c1000000, reserved size: 1073741824
UseCompressedClassPointers 1, UseCompactObjectHeaders 0
Narrow klass pointer bits 32, Max shift 3
Narrow klass base: 0x0000028780000000, Narrow klass shift: 0
Encoding Range: [0x0000028780000000 - 0x0000028880000000), (4294967296 bytes)
Klass Range:    [0x0000028780000000 - 0x00000287c1000000), (1090519040 bytes)
Klass ID Range:  [8 - 1090519033) (1090519025)

GC Precious Log:
 CardTable entry size: 512
 Card Set container configuration: InlinePtr #cards 4 size 8 Array Of Cards #cards 16 size 48 Howl #buckets 8 coarsen threshold 3686 Howl Bitmap #cards 512 size 80 coarsen threshold 460 Card regions per heap region 1 cards per card region 4096
 CPUs: 12 total, 12 available
 Memory: 15645M
 Large Page Support: Disabled
 NUMA Support: Disabled
 Compressed Oops: Enabled (Zero based)
 Heap Region Size: 2M
 Heap Min Capacity: 8M
 Heap Initial Capacity: 246M
 Heap Max Capacity: 3912M
 Pre-touch: Disabled
 Parallel Workers: 10
 Concurrent Workers: 3
 Concurrent Refinement Workers: 10
 Periodic GC: Disabled

Heap:
 garbage-first heap   total reserved 4005888K, committed 86016K, used 53532K [0x000000070b800000, 0x0000000800000000)
  region size 2048K, 8 young (16384K), 1 survivors (2048K)
 Metaspace       used 93357K, committed 94080K, reserved 1179648K
  class space    used 9928K, committed 10304K, reserved 1048576K

Heap Regions: E=young(eden), S=young(survivor), O=old, HS=humongous(starts), HC=humongous(continues), CS=collection set, F=free, TAMS=top-at-mark-start, PB=parsable bottom
|   0|0x000000070b800000, 0x000000070ba00000, 0x000000070ba00000|100%| O|  |TAMS 0x000000070b800000| PB 0x000000070b800000| Untracked |  0
|   1|0x000000070ba00000, 0x000000070bc00000, 0x000000070bc00000|100%| O|  |TAMS 0x000000070ba00000| PB 0x000000070ba00000| Untracked |  0
|   2|0x000000070bc00000, 0x000000070be00000, 0x000000070be00000|100%| O|  |TAMS 0x000000070bc00000| PB 0x000000070bc00000| Untracked |  0
|   3|0x000000070be00000, 0x000000070c000000, 0x000000070c000000|100%| O|  |TAMS 0x000000070be00000| PB 0x000000070be00000| Untracked |  0
|   4|0x000000070c000000, 0x000000070c000000, 0x000000070c200000|  0%| F|  |TAMS 0x000000070c000000| PB 0x000000070c000000| Untracked |  0
|   5|0x000000070c200000, 0x000000070c400000, 0x000000070c400000|100%| O|  |TAMS 0x000000070c200000| PB 0x000000070c200000| Untracked |  0
|   6|0x000000070c400000, 0x000000070c600000, 0x000000070c600000|100%| O|  |TAMS 0x000000070c400000| PB 0x000000070c400000| Untracked |  0
|   7|0x000000070c600000, 0x000000070c800000, 0x000000070c800000|100%| O|  |TAMS 0x000000070c600000| PB 0x000000070c600000| Untracked |  0
|   8|0x000000070c800000, 0x000000070ca00000, 0x000000070ca00000|100%| O|  |TAMS 0x000000070c800000| PB 0x000000070c800000| Untracked |  0
|   9|0x000000070ca00000, 0x000000070cc00000, 0x000000070cc00000|100%| O|  |TAMS 0x000000070ca00000| PB 0x000000070ca00000| Untracked |  0
|  10|0x000000070cc00000, 0x000000070ccad7f0, 0x000000070ce00000| 33%| O|  |TAMS 0x000000070cc00000| PB 0x000000070cc00000| Untracked |  0
|  11|0x000000070ce00000, 0x000000070ce00000, 0x000000070d000000|  0%| F|  |TAMS 0x000000070ce00000| PB 0x000000070ce00000| Untracked |  0
|  12|0x000000070d000000, 0x000000070d200000, 0x000000070d200000|100%| O|  |TAMS 0x000000070d000000| PB 0x000000070d000000| Untracked |  0
|  13|0x000000070d200000, 0x000000070d200000, 0x000000070d400000|  0%| F|  |TAMS 0x000000070d200000| PB 0x000000070d200000| Untracked |  0
|  14|0x000000070d400000, 0x000000070d400000, 0x000000070d600000|  0%| F|  |TAMS 0x000000070d400000| PB 0x000000070d400000| Untracked |  0
|  15|0x000000070d600000, 0x000000070d800000, 0x000000070d800000|100%| O|  |TAMS 0x000000070d600000| PB 0x000000070d600000| Untracked |  0
|  16|0x000000070d800000, 0x000000070da00000, 0x000000070da00000|100%| O|  |TAMS 0x000000070d800000| PB 0x000000070d800000| Untracked |  0
|  17|0x000000070da00000, 0x000000070dc00000, 0x000000070dc00000|100%| O|Cm|TAMS 0x000000070da00000| PB 0x000000070da00000| Complete |  0
|  18|0x000000070dc00000, 0x000000070dd99af0, 0x000000070de00000| 80%| S|CS|TAMS 0x000000070dc00000| PB 0x000000070dc00000| Complete |  0
|  19|0x000000070de00000, 0x000000070e000000, 0x000000070e000000|100%| O|  |TAMS 0x000000070de00000| PB 0x000000070de00000| Untracked |  0
|  20|0x000000070e000000, 0x000000070e200000, 0x000000070e200000|100%| O|  |TAMS 0x000000070e000000| PB 0x000000070e000000| Untracked |  0
|  21|0x000000070e200000, 0x000000070e400000, 0x000000070e400000|100%| O|  |TAMS 0x000000070e200000| PB 0x000000070e200000| Untracked |  0
|  22|0x000000070e400000, 0x000000070e400000, 0x000000070e600000|  0%| F|  |TAMS 0x000000070e400000| PB 0x000000070e400000| Untracked |  0
|  23|0x000000070e600000, 0x000000070e600000, 0x000000070e800000|  0%| F|  |TAMS 0x000000070e600000| PB 0x000000070e600000| Untracked |  0
|  24|0x000000070e800000, 0x000000070e800000, 0x000000070ea00000|  0%| F|  |TAMS 0x000000070e800000| PB 0x000000070e800000| Untracked |  0
|  25|0x000000070ea00000, 0x000000070ea00000, 0x000000070ec00000|  0%| F|  |TAMS 0x000000070ea00000| PB 0x000000070ea00000| Untracked |  0
|  26|0x000000070ec00000, 0x000000070ec00000, 0x000000070ee00000|  0%| F|  |TAMS 0x000000070ec00000| PB 0x000000070ec00000| Untracked |  0
|  27|0x000000070ee00000, 0x000000070ee00000, 0x000000070f000000|  0%| F|  |TAMS 0x000000070ee00000| PB 0x000000070ee00000| Untracked |  0
|  28|0x000000070f000000, 0x000000070f000000, 0x000000070f200000|  0%| F|  |TAMS 0x000000070f000000| PB 0x000000070f000000| Untracked |  0
|  29|0x000000070f200000, 0x000000070f200000, 0x000000070f400000|  0%| F|  |TAMS 0x000000070f200000| PB 0x000000070f200000| Untracked |  0
|  30|0x000000070f400000, 0x000000070f400000, 0x000000070f600000|  0%| F|  |TAMS 0x000000070f400000| PB 0x000000070f400000| Untracked |  0
|  31|0x000000070f600000, 0x000000070f600000, 0x000000070f800000|  0%| F|  |TAMS 0x000000070f600000| PB 0x000000070f600000| Untracked |  0
|  89|0x0000000716a00000, 0x0000000716ac1220, 0x0000000716c00000| 37%| E|  |TAMS 0x0000000716a00000| PB 0x0000000716a00000| Complete |  0
|  90|0x0000000716c00000, 0x0000000716e00000, 0x0000000716e00000|100%| E|CS|TAMS 0x0000000716c00000| PB 0x0000000716c00000| Complete |  0
|  91|0x0000000716e00000, 0x0000000717000000, 0x0000000717000000|100%| E|CS|TAMS 0x0000000716e00000| PB 0x0000000716e00000| Complete |  0
|  92|0x0000000717000000, 0x0000000717200000, 0x0000000717200000|100%| E|CS|TAMS 0x0000000717000000| PB 0x0000000717000000| Complete |  0
|  93|0x0000000717200000, 0x0000000717400000, 0x0000000717400000|100%| E|CS|TAMS 0x0000000717200000| PB 0x0000000717200000| Complete |  0
| 122|0x000000071ac00000, 0x000000071ae00000, 0x000000071ae00000|100%| E|CS|TAMS 0x000000071ac00000| PB 0x000000071ac00000| Complete |  0
|1952|0x00000007ff800000, 0x00000007ffa00000, 0x00000007ffa00000|100%| O|  |TAMS 0x00000007ff800000| PB 0x00000007ff800000| Untracked |  0
|1953|0x00000007ffa00000, 0x00000007ffc00000, 0x00000007ffc00000|100%| O|  |TAMS 0x00000007ffa00000| PB 0x00000007ffa00000| Untracked |  0
|1954|0x00000007ffc00000, 0x00000007ffe00000, 0x00000007ffe00000|100%| O|Cm|TAMS 0x00000007ffc00000| PB 0x00000007ffc00000| Complete |  0
|1955|0x00000007ffe00000, 0x0000000800000000, 0x0000000800000000|100%| E|CS|TAMS 0x00000007ffe00000| PB 0x00000007ffe00000| Complete |  0

Card table byte_map: [0x00000287f5bd0000,0x00000287f6380000] _byte_map_base: 0x00000287f2374000

Marking Bits: (CMBitMap*) 0x00000287dd5adb50
 Bits: [0x00000287f6380000, 0x00000287fa0a0000)

Polling page: 0x00000287dcc60000

Metaspace:

Usage:
  Non-class:     81.47 MB used.
      Class:      9.70 MB used.
       Both:     91.17 MB used.

Virtual space:
  Non-class space:      128.00 MB reserved,      81.81 MB ( 64%) committed,  2 nodes.
      Class space:        1.00 GB reserved,      10.06 MB ( <1%) committed,  1 nodes.
             Both:        1.12 GB reserved,      91.88 MB (  8%) committed. 

Chunk freelists:
   Non-Class:  13.89 MB
       Class:  5.92 MB
        Both:  19.81 MB

MaxMetaspaceSize: unlimited
CompressedClassSpaceSize: 1.00 GB
Initial GC threshold: 21.00 MB
Current GC threshold: 153.12 MB
CDS: on
 - commit_granule_bytes: 65536.
 - commit_granule_words: 8192.
 - virtual_space_node_default_size: 8388608.
 - enlarge_chunks_in_place: 1.
UseCompressedClassPointers 1, UseCompactObjectHeaders 0
Narrow klass pointer bits 32, Max shift 3
Narrow klass base: 0x0000028780000000, Narrow klass shift: 0
Encoding Range: [0x0000028780000000 - 0x0000028880000000), (4294967296 bytes)
Klass Range:    [0x0000028780000000 - 0x00000287c1000000), (1090519040 bytes)
Klass ID Range:  [8 - 1090519033) (1090519025)


Internal statistics:

num_allocs_failed_limit: 9.
num_arena_births: 1246.
num_arena_deaths: 360.
num_vsnodes_births: 3.
num_vsnodes_deaths: 0.
num_space_committed: 1470.
num_space_uncommitted: 0.
num_chunks_returned_to_freelist: 383.
num_chunks_taken_from_freelist: 4621.
num_chunk_merges: 98.
num_chunk_splits: 3213.
num_chunks_enlarged: 2595.
num_inconsistent_stats: 0.

CodeHeap 'non-profiled nmethods': size=120064Kb used=6251Kb max_used=6887Kb free=113812Kb
 bounds [0x00000287ed880000, 0x00000287edf40000, 0x00000287f4dc0000]
CodeHeap 'profiled nmethods': size=120000Kb used=21069Kb max_used=23024Kb free=98930Kb
 bounds [0x00000287e5dc0000, 0x00000287e7440000, 0x00000287ed2f0000]
CodeHeap 'non-nmethods': size=5696Kb used=1873Kb max_used=2018Kb free=3822Kb
 bounds [0x00000287ed2f0000, 0x00000287ed560000, 0x00000287ed880000]
CodeCache: size=245760Kb, used=29193Kb, max_used=31929Kb, free=216564Kb
 total_blobs=12871, nmethods=12052, adapters=722, full_count=0
Compilation: enabled, stopped_count=0, restarted_count=0

Compilation events (20 events):
Event: 24453.876 Thread 0x00000287c503f170 nmethod 15051 0x00000287e5e58608 code [0x00000287e5e587a0, 0x00000287e5e59140]
Event: 24453.878 Thread 0x00000287c503f170 15052       3       com.fasterxml.jackson.databind.introspect.MemberKey::equals (113 bytes)
Event: 24453.879 Thread 0x00000287c503cde0 15053       4       com.fasterxml.jackson.databind.introspect.POJOPropertiesCollector::_addGetterMethod (383 bytes)
Event: 24453.879 Thread 0x00000287c503f170 nmethod 15052 0x00000287e5f35e08 code [0x00000287e5f35f80, 0x00000287e5f366a8]
Event: 24453.879 Thread 0x00000287c503f170 15054   !   3       java.lang.Throwable::setStackTrace (99 bytes)
Event: 24453.881 Thread 0x00000287c503f170 nmethod 15054 0x00000287e5f5e408 code [0x00000287e5f5e620, 0x00000287e5f5f5d8]
Event: 24454.222 Thread 0x00000287c503cde0 nmethod 15053 0x00000287edb9c708 code [0x00000287edb9cf20, 0x00000287edba2b50]
Event: 24454.223 Thread 0x00000287c503cde0 15055       4       java.lang.Long::valueOf (40 bytes)
Event: 24454.226 Thread 0x00000287c503cde0 nmethod 15055 0x00000287ed8a4808 code [0x00000287ed8a4920, 0x00000287ed8a4a70]
Event: 24483.886 Thread 0x00000287c503cde0 15056   !   4       org.springframework.util.ClassUtils::forName (251 bytes)
Event: 24483.906 Thread 0x00000287c503f170 15059       3       java.net.InetAddress::getAllByName0 (166 bytes)
Event: 24483.908 Thread 0x00000287c503f170 nmethod 15059 0x00000287e5e11e08 code [0x00000287e5e120c0, 0x00000287e5e139d8]
Event: 24483.911 Thread 0x00000287c503f170 15060   !   3       sun.nio.ch.NioSocketImpl::create (111 bytes)
Event: 24483.913 Thread 0x00000287c503f170 nmethod 15060 0x00000287e5f67688 code [0x00000287e5f67880, 0x00000287e5f68560]
Event: 24483.913 Thread 0x00000287c503f170 15061   !   3       sun.nio.ch.NioSocketImpl::connect (343 bytes)
Event: 24483.915 Thread 0x00000287c503f170 nmethod 15061 0x00000287e6092208 code [0x00000287e60925a0, 0x00000287e6094778]
Event: 24483.915 Thread 0x00000287c503f170 15062   !   3       sun.nio.ch.NioSocketImpl::beginConnect (151 bytes)
Event: 24483.916 Thread 0x00000287c503f170 nmethod 15062 0x00000287e60a9988 code [0x00000287e60a9b40, 0x00000287e60aa510]
Event: 24483.916 Thread 0x00000287c503f170 15063       3       sun.nio.ch.Net::connect (41 bytes)
Event: 24483.917 Thread 0x00000287c503f170 nmethod 15063 0x00000287e5eb8308 code [0x00000287e5eb8460, 0x00000287e5eb8798]

GC Heap History (20 events):
Event: 23.501 GC heap before
{Heap before GC invocations=12 (full 0):
 garbage-first heap   total reserved 4005888K, committed 86016K, used 73196K [0x000000070b800000, 0x0000000800000000)
  region size 2048K, 20 young (40960K), 2 survivors (4096K)
 Metaspace       used 73251K, committed 73792K, reserved 1179648K
  class space    used 7915K, committed 8128K, reserved 1048576K
}
Event: 23.509 GC heap after
{Heap after GC invocations=13 (full 0):
 garbage-first heap   total reserved 4005888K, committed 86016K, used 38278K [0x000000070b800000, 0x0000000800000000)
  region size 2048K, 3 young (6144K), 3 survivors (6144K)
 Metaspace       used 73251K, committed 73792K, reserved 1179648K
  class space    used 7915K, committed 8128K, reserved 1048576K
}
Event: 25.902 GC heap before
{Heap before GC invocations=13 (full 0):
 garbage-first heap   total reserved 4005888K, committed 86016K, used 73094K [0x000000070b800000, 0x0000000800000000)
  region size 2048K, 20 young (40960K), 3 survivors (6144K)
 Metaspace       used 77345K, committed 78016K, reserved 1179648K
  class space    used 8406K, committed 8640K, reserved 1048576K
}
Event: 25.910 GC heap after
{Heap after GC invocations=14 (full 0):
 garbage-first heap   total reserved 4005888K, committed 86016K, used 41463K [0x000000070b800000, 0x0000000800000000)
  region size 2048K, 3 young (6144K), 3 survivors (6144K)
 Metaspace       used 77345K, committed 78016K, reserved 1179648K
  class space    used 8406K, committed 8640K, reserved 1048576K
}
Event: 27.504 GC heap before
{Heap before GC invocations=14 (full 0):
 garbage-first heap   total reserved 4005888K, committed 86016K, used 72183K [0x000000070b800000, 0x0000000800000000)
  region size 2048K, 18 young (36864K), 3 survivors (6144K)
 Metaspace       used 82604K, committed 83328K, reserved 1179648K
  class space    used 9043K, committed 9344K, reserved 1048576K
}
Event: 27.512 GC heap after
{Heap after GC invocations=15 (full 0):
 garbage-first heap   total reserved 4005888K, committed 86016K, used 44273K [0x000000070b800000, 0x0000000800000000)
  region size 2048K, 2 young (4096K), 2 survivors (4096K)
 Metaspace       used 82604K, committed 83328K, reserved 1179648K
  class space    used 9043K, committed 9344K, reserved 1048576K
}
Event: 5641.210 GC heap before
{Heap before GC invocations=16 (full 0):
 garbage-first heap   total reserved 4005888K, committed 86016K, used 74993K [0x000000070b800000, 0x0000000800000000)
  region size 2048K, 17 young (34816K), 2 survivors (4096K)
 Metaspace       used 85406K, committed 86208K, reserved 1179648K
  class space    used 9285K, committed 9664K, reserved 1048576K
}
Event: 5641.238 GC heap after
{Heap after GC invocations=17 (full 0):
 garbage-first heap   total reserved 4005888K, committed 86016K, used 45509K [0x000000070b800000, 0x0000000800000000)
  region size 2048K, 3 young (6144K), 3 survivors (6144K)
 Metaspace       used 85406K, committed 86208K, reserved 1179648K
  class space    used 9285K, committed 9664K, reserved 1048576K
}
Event: 6185.209 GC heap before
{Heap before GC invocations=17 (full 0):
 garbage-first heap   total reserved 4005888K, committed 86016K, used 70085K [0x000000070b800000, 0x0000000800000000)
  region size 2048K, 16 young (32768K), 3 survivors (6144K)
 Metaspace       used 89654K, committed 90432K, reserved 1179648K
  class space    used 9821K, committed 10176K, reserved 1048576K
}
Event: 6185.237 GC heap after
{Heap after GC invocations=18 (full 0):
 garbage-first heap   total reserved 4005888K, committed 86016K, used 46302K [0x000000070b800000, 0x0000000800000000)
  region size 2048K, 2 young (4096K), 2 survivors (4096K)
 Metaspace       used 89654K, committed 90432K, reserved 1179648K
  class space    used 9821K, committed 10176K, reserved 1048576K
}
Event: 9826.331 GC heap before
{Heap before GC invocations=18 (full 0):
 garbage-first heap   total reserved 4005888K, committed 86016K, used 72926K [0x000000070b800000, 0x0000000800000000)
  region size 2048K, 16 young (32768K), 2 survivors (4096K)
 Metaspace       used 91186K, committed 92032K, reserved 1179648K
  class space    used 9920K, committed 10304K, reserved 1048576K
}
Event: 9826.360 GC heap after
{Heap after GC invocations=19 (full 0):
 garbage-first heap   total reserved 4005888K, committed 86016K, used 47084K [0x000000070b800000, 0x0000000800000000)
  region size 2048K, 2 young (4096K), 2 survivors (4096K)
 Metaspace       used 91186K, committed 92032K, reserved 1179648K
  class space    used 9920K, committed 10304K, reserved 1048576K
}
Event: 15365.228 GC heap before
{Heap before GC invocations=20 (full 0):
 garbage-first heap   total reserved 4005888K, committed 86016K, used 71660K [0x000000070b800000, 0x0000000800000000)
  region size 2048K, 15 young (30720K), 2 survivors (4096K)
 Metaspace       used 91685K, committed 92480K, reserved 1179648K
  class space    used 9890K, committed 10304K, reserved 1048576K
}
Event: 15365.249 GC heap after
{Heap after GC invocations=21 (full 0):
 garbage-first heap   total reserved 4005888K, committed 86016K, used 47747K [0x000000070b800000, 0x0000000800000000)
  region size 2048K, 2 young (4096K), 2 survivors (4096K)
 Metaspace       used 91685K, committed 92480K, reserved 1179648K
  class space    used 9890K, committed 10304K, reserved 1048576K
}
Event: 19945.622 GC heap before
{Heap before GC invocations=21 (full 0):
 garbage-first heap   total reserved 4005888K, committed 86016K, used 72323K [0x000000070b800000, 0x0000000800000000)
  region size 2048K, 15 young (30720K), 2 survivors (4096K)
 Metaspace       used 92114K, committed 92864K, reserved 1179648K
  class space    used 9894K, committed 10304K, reserved 1048576K
}
Event: 19945.696 GC heap after
{Heap after GC invocations=22 (full 0):
 garbage-first heap   total reserved 4005888K, committed 86016K, used 42577K [0x000000070b800000, 0x0000000800000000)
  region size 2048K, 1 young (2048K), 1 survivors (2048K)
 Metaspace       used 92114K, committed 92864K, reserved 1179648K
  class space    used 9894K, committed 10304K, reserved 1048576K
}
Event: 23459.886 GC heap before
{Heap before GC invocations=22 (full 0):
 garbage-first heap   total reserved 4005888K, committed 86016K, used 77393K [0x000000070b800000, 0x0000000800000000)
  region size 2048K, 18 young (36864K), 1 survivors (2048K)
 Metaspace       used 92800K, committed 93568K, reserved 1179648K
  class space    used 9913K, committed 10304K, reserved 1048576K
}
Event: 23459.909 GC heap after
{Heap after GC invocations=23 (full 0):
 garbage-first heap   total reserved 4005888K, committed 86016K, used 41653K [0x000000070b800000, 0x0000000800000000)
  region size 2048K, 1 young (2048K), 1 survivors (2048K)
 Metaspace       used 92800K, committed 93568K, reserved 1179648K
  class space    used 9913K, committed 10304K, reserved 1048576K
}
Event: 24090.617 GC heap before
{Heap before GC invocations=23 (full 0):
 garbage-first heap   total reserved 4005888K, committed 86016K, used 76469K [0x000000070b800000, 0x0000000800000000)
  region size 2048K, 18 young (36864K), 1 survivors (2048K)
 Metaspace       used 93293K, committed 94080K, reserved 1179648K
  class space    used 9919K, committed 10304K, reserved 1048576K
}
Event: 24090.624 GC heap after
{Heap after GC invocations=24 (full 0):
 garbage-first heap   total reserved 4005888K, committed 86016K, used 41244K [0x000000070b800000, 0x0000000800000000)
  region size 2048K, 1 young (2048K), 1 survivors (2048K)
 Metaspace       used 93293K, committed 94080K, reserved 1179648K
  class space    used 9919K, committed 10304K, reserved 1048576K
}

Dll operation events (13 events):
Event: 0.093 Loaded shared library C:\Users\smishr\.jdks\openjdk-24.0.1\bin\java.dll
Event: 0.185 Loaded shared library C:\Users\smishr\.jdks\openjdk-24.0.1\bin\jsvml.dll
Event: 1.016 Loaded shared library C:\Users\smishr\.jdks\openjdk-24.0.1\bin\zip.dll
Event: 1.026 Loaded shared library C:\Users\smishr\.jdks\openjdk-24.0.1\bin\instrument.dll
Event: 1.043 Loaded shared library C:\Users\smishr\.jdks\openjdk-24.0.1\bin\net.dll
Event: 1.060 Loaded shared library C:\Users\smishr\.jdks\openjdk-24.0.1\bin\nio.dll
Event: 1.069 Loaded shared library C:\Users\smishr\.jdks\openjdk-24.0.1\bin\zip.dll
Event: 1.528 Loaded shared library C:\Users\smishr\.jdks\openjdk-24.0.1\bin\extnet.dll
Event: 1.608 Loaded shared library C:\Users\smishr\.jdks\openjdk-24.0.1\bin\jimage.dll
Event: 6.775 Loaded shared library C:\Users\smishr\.jdks\openjdk-24.0.1\bin\sunmscapi.dll
Event: 12.591 Loaded shared library C:\Users\smishr\.jdks\openjdk-24.0.1\bin\management.dll
Event: 12.603 Loaded shared library C:\Users\smishr\.jdks\openjdk-24.0.1\bin\management_ext.dll
Event: 14.997 Loaded shared library C:\Users\smishr\.jdks\openjdk-24.0.1\bin\verify.dll

Deoptimization events (20 events):
Event: 23279.562 Thread 0x00000287ca123fc0 Uncommon trap: trap_request=0xffffff4d fr.pc=0x00000287ede24e54 relative=0x0000000000000054
Event: 23279.562 Thread 0x00000287ca1272f0 Uncommon trap: trap_request=0xffffff4d fr.pc=0x00000287ede24e54 relative=0x0000000000000054
Event: 23279.562 Thread 0x00000287ca1272f0 Uncommon trap: reason=unstable_if action=reinterpret pc=0x00000287ede24e54 method=java.net.Socket.isClosed(I)Z @ 4 c2
Event: 23279.562 Thread 0x00000287ca123fc0 Uncommon trap: reason=unstable_if action=reinterpret pc=0x00000287ede24e54 method=java.net.Socket.isClosed(I)Z @ 4 c2
Event: 23279.562 Thread 0x00000287ca1272f0 DEOPT PACKING pc=0x00000287ede24e54 sp=0x0000008d84efccb0
Event: 23279.562 Thread 0x00000287ca123fc0 DEOPT PACKING pc=0x00000287ede24e54 sp=0x0000008d885fd270
Event: 23279.562 Thread 0x00000287ca123fc0 DEOPT UNPACKING pc=0x00000287ed415f02 sp=0x0000008d885fd1a0 mode 2
Event: 23279.562 Thread 0x00000287ca1272f0 DEOPT UNPACKING pc=0x00000287ed415f02 sp=0x0000008d84efcbe0 mode 2
Event: 23279.586 Thread 0x00000287ca123fc0 Uncommon trap: trap_request=0xffffff66 fr.pc=0x00000287eda47c18 relative=0x00000000000004b8
Event: 23279.586 Thread 0x00000287ca1272f0 Uncommon trap: trap_request=0xffffff66 fr.pc=0x00000287eda47c18 relative=0x00000000000004b8
Event: 23279.586 Thread 0x00000287ca123fc0 Uncommon trap: reason=speculate_class_check action=maybe_recompile pc=0x00000287eda47c18 method=java.lang.String.<init>(Ljava/lang/AbstractStringBuilder;Ljava/lang/Void;)V @ 10 c2
Event: 23279.586 Thread 0x00000287ca1272f0 Uncommon trap: reason=speculate_class_check action=maybe_recompile pc=0x00000287eda47c18 method=java.lang.String.<init>(Ljava/lang/AbstractStringBuilder;Ljava/lang/Void;)V @ 10 c2
Event: 23279.586 Thread 0x00000287ca123fc0 DEOPT PACKING pc=0x00000287eda47c18 sp=0x0000008d885fea80
Event: 23279.586 Thread 0x00000287ca1272f0 DEOPT PACKING pc=0x00000287eda47c18 sp=0x0000008d84efe450
Event: 23279.586 Thread 0x00000287ca1272f0 DEOPT UNPACKING pc=0x00000287ed415f02 sp=0x0000008d84efe420 mode 2
Event: 23279.586 Thread 0x00000287ca123fc0 DEOPT UNPACKING pc=0x00000287ed415f02 sp=0x0000008d885fea50 mode 2
Event: 23286.092 Thread 0x00000287ca094350 Uncommon trap: trap_request=0xffffff4d fr.pc=0x00000287eda8f5a4 relative=0x0000000000000084
Event: 23286.092 Thread 0x00000287ca094350 Uncommon trap: reason=unstable_if action=reinterpret pc=0x00000287eda8f5a4 method=java.util.concurrent.ConcurrentSkipListMap.size()I @ 4 c2
Event: 23286.092 Thread 0x00000287ca094350 DEOPT PACKING pc=0x00000287eda8f5a4 sp=0x0000008d876ff1b0
Event: 23286.092 Thread 0x00000287ca094350 DEOPT UNPACKING pc=0x00000287ed415f02 sp=0x0000008d876ff070 mode 2

Classes loaded (20 events):
Event: 5642.253 Loading class java/util/stream/LongStream
Event: 5642.253 Loading class java/util/stream/LongStream done
Event: 5642.253 Loading class java/util/stream/DoubleStream
Event: 5642.254 Loading class java/util/stream/DoubleStream done
Event: 5676.616 Loading class java/util/concurrent/ConcurrentSkipListMap$SubMap
Event: 5676.617 Loading class java/util/concurrent/ConcurrentSkipListMap$SubMap done
Event: 5676.620 Loading class java/util/concurrent/ConcurrentSkipListMap$Values
Event: 5676.620 Loading class java/util/concurrent/ConcurrentSkipListMap$Values done
Event: 5676.620 Loading class java/util/concurrent/ConcurrentSkipListMap$SubMap$SubMapValueIterator
Event: 5676.621 Loading class java/util/concurrent/ConcurrentSkipListMap$SubMap$SubMapIter
Event: 5676.621 Loading class java/util/concurrent/ConcurrentSkipListMap$SubMap$SubMapIter done
Event: 5676.621 Loading class java/util/concurrent/ConcurrentSkipListMap$SubMap$SubMapValueIterator done
Event: 23279.513 Loading class sun/net/util/SocketExceptions
Event: 23279.525 Loading class sun/net/util/SocketExceptions done
Event: 23279.525 Loading class sun/security/util/SecurityProperties
Event: 23279.527 Loading class sun/security/util/SecurityProperties done
Event: 23279.584 Loading class java/lang/Throwable$WrappedPrintWriter
Event: 23279.584 Loading class java/lang/Throwable$PrintStreamOrWriter
Event: 23279.584 Loading class java/lang/Throwable$PrintStreamOrWriter done
Event: 23279.584 Loading class java/lang/Throwable$WrappedPrintWriter done

Classes unloaded (20 events):
Event: 24090.721 Thread 0x00000287fc52da20 Unloading class 0x0000028781a09400 'java/lang/invoke/LambdaForm$MH+0x0000028781a09400'
Event: 24090.721 Thread 0x00000287fc52da20 Unloading class 0x00000287819fe800 'java/lang/invoke/LambdaForm$MH+0x00000287819fe800'
Event: 24090.721 Thread 0x00000287fc52da20 Unloading class 0x00000287819fdc00 'java/lang/invoke/LambdaForm$MH+0x00000287819fdc00'
Event: 24090.721 Thread 0x00000287fc52da20 Unloading class 0x00000287819fd800 'java/lang/invoke/LambdaForm$BMH+0x00000287819fd800'
Event: 24090.721 Thread 0x00000287fc52da20 Unloading class 0x00000287819fd400 'java/lang/invoke/LambdaForm$DMH+0x00000287819fd400'
Event: 24090.722 Thread 0x00000287fc52da20 Unloading class 0x00000287819fc800 'java/lang/invoke/LambdaForm$MH+0x00000287819fc800'
Event: 24090.722 Thread 0x00000287fc52da20 Unloading class 0x00000287819fc000 'java/lang/invoke/LambdaForm$BMH+0x00000287819fc000'
Event: 24090.722 Thread 0x00000287fc52da20 Unloading class 0x00000287819fc400 'java/lang/invoke/LambdaForm$BMH+0x00000287819fc400'
Event: 24090.722 Thread 0x00000287fc52da20 Unloading class 0x00000287819e8800 'java/lang/invoke/LambdaForm$DMH+0x00000287819e8800'
Event: 24090.722 Thread 0x00000287fc52da20 Unloading class 0x00000287819e8000 'java/lang/invoke/LambdaForm$DMH+0x00000287819e8000'
Event: 24090.722 Thread 0x00000287fc52da20 Unloading class 0x000002878199d400 'java/lang/invoke/LambdaForm$MH+0x000002878199d400'
Event: 24090.722 Thread 0x00000287fc52da20 Unloading class 0x000002878199d000 'java/lang/invoke/LambdaForm$MH+0x000002878199d000'
Event: 24090.722 Thread 0x00000287fc52da20 Unloading class 0x000002878199cc00 'java/lang/invoke/LambdaForm$MH+0x000002878199cc00'
Event: 24090.722 Thread 0x00000287fc52da20 Unloading class 0x000002878199c800 'java/lang/invoke/LambdaForm$DMH+0x000002878199c800'
Event: 24090.722 Thread 0x00000287fc52da20 Unloading class 0x000002878199c400 'java/lang/invoke/LambdaForm$MH+0x000002878199c400'
Event: 24090.722 Thread 0x00000287fc52da20 Unloading class 0x000002878198c000 'java/lang/invoke/LambdaForm$MH+0x000002878198c000'
Event: 24090.722 Thread 0x00000287fc52da20 Unloading class 0x0000028781968c00 'java/lang/invoke/LambdaForm$BMH+0x0000028781968c00'
Event: 24090.722 Thread 0x00000287fc52da20 Unloading class 0x0000028781954400 'java/lang/invoke/LambdaForm$MH+0x0000028781954400'
Event: 24090.722 Thread 0x00000287fc52da20 Unloading class 0x0000028781954000 'java/lang/invoke/LambdaForm$BMH+0x0000028781954000'
Event: 24090.722 Thread 0x00000287fc52da20 Unloading class 0x0000028781361800 'java/lang/invoke/LambdaForm$MH+0x0000028781361800'

Classes redefined (0 events):
No events

Internal exceptions (20 events):
Event: 24453.878 Thread 0x00000287ca1272f0 Exception <a 'java/net/ConnectException'{0x0000000716cc4fb8}: Connection refused: getsockopt> (0x0000000716cc4fb8) 
thrown [s\open\src\hotspot\share\prims\jni.cpp, line 536]
Event: 24453.879 Thread 0x00000287ca1272f0 Exception <a 'java/net/ConnectException'{0x0000000716ccbdf8}: Connection refused: getsockopt> (0x0000000716ccbdf8) 
thrown [s\open\src\hotspot\share\prims\jni.cpp, line 536]
Event: 24453.880 Thread 0x00000287ca1272f0 Exception <a 'java/io/IOException'{0x0000000716ceb310}> (0x0000000716ceb310) 
thrown [s\open\src\hotspot\share\prims\jni.cpp, line 518]
Event: 24453.880 Thread 0x00000287ca1272f0 Exception <a 'java/io/IOException'{0x0000000716ceccb8}> (0x0000000716ceccb8) 
thrown [s\open\src\hotspot\share\prims\jni.cpp, line 518]
Event: 24453.880 Thread 0x00000287ca1272f0 Exception <a 'java/io/IOException'{0x0000000716cf5270}> (0x0000000716cf5270) 
thrown [s\open\src\hotspot\share\prims\jni.cpp, line 518]
Event: 24453.884 Thread 0x00000287ca123fc0 Exception <a 'java/net/ConnectException'{0x0000000716d20ef8}: Connection refused: getsockopt> (0x0000000716d20ef8) 
thrown [s\open\src\hotspot\share\prims\jni.cpp, line 536]
Event: 24453.885 Thread 0x00000287ca123fc0 Exception <a 'java/net/ConnectException'{0x0000000716d21a78}: Connection refused: getsockopt> (0x0000000716d21a78) 
thrown [s\open\src\hotspot\share\prims\jni.cpp, line 536]
Event: 24453.886 Thread 0x00000287ca123fc0 Exception <a 'java/io/IOException'{0x0000000716d40cb0}> (0x0000000716d40cb0) 
thrown [s\open\src\hotspot\share\prims\jni.cpp, line 518]
Event: 24453.886 Thread 0x00000287ca123fc0 Exception <a 'java/io/IOException'{0x0000000716d426f8}> (0x0000000716d426f8) 
thrown [s\open\src\hotspot\share\prims\jni.cpp, line 518]
Event: 24453.887 Thread 0x00000287ca123fc0 Exception <a 'java/io/IOException'{0x0000000716d49350}> (0x0000000716d49350) 
thrown [s\open\src\hotspot\share\prims\jni.cpp, line 518]
Event: 24483.911 Thread 0x00000287ca123fc0 Exception <a 'java/net/ConnectException'{0x0000000716a2b4a0}: Connection refused: getsockopt> (0x0000000716a2b4a0) 
thrown [s\open\src\hotspot\share\prims\jni.cpp, line 536]
Event: 24483.911 Thread 0x00000287ca1272f0 Exception <a 'java/net/ConnectException'{0x0000000716a419f0}: Connection refused: getsockopt> (0x0000000716a419f0) 
thrown [s\open\src\hotspot\share\prims\jni.cpp, line 536]
Event: 24483.923 Thread 0x00000287ca123fc0 Exception <a 'java/net/ConnectException'{0x0000000716a2c020}: Connection refused: getsockopt> (0x0000000716a2c020) 
thrown [s\open\src\hotspot\share\prims\jni.cpp, line 536]
Event: 24483.924 Thread 0x00000287ca123fc0 Exception <a 'java/io/IOException'{0x0000000716a7fa10}> (0x0000000716a7fa10) 
thrown [s\open\src\hotspot\share\prims\jni.cpp, line 518]
Event: 24483.924 Thread 0x00000287ca123fc0 Exception <a 'java/io/IOException'{0x0000000716a815f0}> (0x0000000716a815f0) 
thrown [s\open\src\hotspot\share\prims\jni.cpp, line 518]
Event: 24483.924 Thread 0x00000287ca123fc0 Exception <a 'java/io/IOException'{0x0000000716a880b0}> (0x0000000716a880b0) 
thrown [s\open\src\hotspot\share\prims\jni.cpp, line 518]
Event: 24483.927 Thread 0x00000287ca1272f0 Exception <a 'java/net/ConnectException'{0x0000000716a42570}: Connection refused: getsockopt> (0x0000000716a42570) 
thrown [s\open\src\hotspot\share\prims\jni.cpp, line 536]
Event: 24483.927 Thread 0x00000287ca1272f0 Exception <a 'java/io/IOException'{0x0000000716a8eb40}> (0x0000000716a8eb40) 
thrown [s\open\src\hotspot\share\prims\jni.cpp, line 518]
Event: 24483.928 Thread 0x00000287ca1272f0 Exception <a 'java/io/IOException'{0x0000000716a904e8}> (0x0000000716a904e8) 
thrown [s\open\src\hotspot\share\prims\jni.cpp, line 518]
Event: 24483.928 Thread 0x00000287ca1272f0 Exception <a 'java/io/IOException'{0x0000000716a988c0}> (0x0000000716a988c0) 
thrown [s\open\src\hotspot\share\prims\jni.cpp, line 518]

VM Operations (20 events):
Event: 24079.854 Executing VM operation: RendezvousGCThreads
Event: 24079.854 Executing VM operation: RendezvousGCThreads done
Event: 24090.617 Executing VM operation: G1CollectForAllocation (G1 Evacuation Pause)
Event: 24090.624 Executing VM operation: G1CollectForAllocation (G1 Evacuation Pause) done
Event: 24090.721 Executing VM operation: G1PauseRemark
Event: 24090.802 Executing VM operation: G1PauseRemark done
Event: 24090.820 Executing VM operation: G1PauseCleanup
Event: 24090.820 Executing VM operation: G1PauseCleanup done
Event: 24260.279 Executing VM operation: HandshakeAllThreads (HandshakeForDeflation)
Event: 24260.279 Executing VM operation: HandshakeAllThreads (HandshakeForDeflation) done
Event: 24260.279 Executing VM operation: RendezvousGCThreads
Event: 24260.279 Executing VM operation: RendezvousGCThreads done
Event: 24411.406 Executing VM operation: HandshakeAllThreads (HandshakeForDeflation)
Event: 24411.407 Executing VM operation: HandshakeAllThreads (HandshakeForDeflation) done
Event: 24411.407 Executing VM operation: RendezvousGCThreads
Event: 24411.407 Executing VM operation: RendezvousGCThreads done
Event: 24471.615 Executing VM operation: HandshakeAllThreads (HandshakeForDeflation)
Event: 24471.616 Executing VM operation: HandshakeAllThreads (HandshakeForDeflation) done
Event: 24471.616 Executing VM operation: RendezvousGCThreads
Event: 24471.616 Executing VM operation: RendezvousGCThreads done

Memory protections (0 events):
No events

Nmethod flushes (20 events):
Event: 24090.798 Thread 0x00000287fc52da20 flushing  nmethod 0x00000287e6563f88
Event: 24090.798 Thread 0x00000287fc52da20 flushing  nmethod 0x00000287e6564288
Event: 24090.798 Thread 0x00000287fc52da20 flushing  nmethod 0x00000287e6564588
Event: 24090.798 Thread 0x00000287fc52da20 flushing  nmethod 0x00000287e65cc408
Event: 24090.798 Thread 0x00000287fc52da20 flushing  nmethod 0x00000287e6629888
Event: 24090.798 Thread 0x00000287fc52da20 flushing  nmethod 0x00000287e6632188
Event: 24090.798 Thread 0x00000287fc52da20 flushing  nmethod 0x00000287e6632488
Event: 24090.798 Thread 0x00000287fc52da20 flushing  nmethod 0x00000287e6632888
Event: 24090.798 Thread 0x00000287fc52da20 flushing  nmethod 0x00000287e6632d08
Event: 24090.798 Thread 0x00000287fc52da20 flushing  nmethod 0x00000287e6633008
Event: 24090.798 Thread 0x00000287fc52da20 flushing  nmethod 0x00000287e6635688
Event: 24090.798 Thread 0x00000287fc52da20 flushing  nmethod 0x00000287e673ec88
Event: 24090.798 Thread 0x00000287fc52da20 flushing  nmethod 0x00000287e673fa08
Event: 24090.798 Thread 0x00000287fc52da20 flushing  nmethod 0x00000287e6742d08
Event: 24090.798 Thread 0x00000287fc52da20 flushing  nmethod 0x00000287e6748988
Event: 24090.798 Thread 0x00000287fc52da20 flushing  nmethod 0x00000287e6821308
Event: 24090.798 Thread 0x00000287fc52da20 flushing  nmethod 0x00000287e69acb08
Event: 24090.798 Thread 0x00000287fc52da20 flushing  nmethod 0x00000287e69d3508
Event: 24090.798 Thread 0x00000287fc52da20 flushing  nmethod 0x00000287e69f8788
Event: 24090.798 Thread 0x00000287fc52da20 flushing  nmethod 0x00000287e6d70588

Events (20 events):
Event: 23532.904 Thread 0x00000287ca0934b0 Thread added: 0x00000287c532aa20
Event: 23532.908 Thread 0x00000287c532aa20 Thread added: 0x00000287c53276f0
Event: 23544.200 Thread 0x00000287c532aa20 Thread exited: 0x00000287c532aa20
Event: 23544.255 Thread 0x00000287c53276f0 Thread exited: 0x00000287c53276f0
Event: 23581.159 Thread 0x00000287c532c010 Thread exited: 0x00000287c532c010
Event: 23581.459 Thread 0x00000287c532b8c0 Thread exited: 0x00000287c532b8c0
Event: 23610.105 Thread 0x00000287c503f170 Thread added: 0x00000287c9fe54b0
Event: 23615.151 Thread 0x00000287c9fe54b0 Thread exited: 0x00000287c9fe54b0
Event: 23665.884 Thread 0x00000287ca124e60 Thread added: 0x00000287c532aa20
Event: 23665.918 Thread 0x00000287ca124e60 Thread added: 0x00000287c53276f0
Event: 23673.723 Thread 0x00000287ca120c90 Thread added: 0x00000287c532c760
Event: 23678.728 Thread 0x00000287c532c760 Thread exited: 0x00000287c532c760
Event: 23740.932 Thread 0x00000287c53276f0 Thread exited: 0x00000287c53276f0
Event: 23761.459 Thread 0x00000287c532aa20 Thread exited: 0x00000287c532aa20
Event: 23964.701 Thread 0x00000287ca124e60 Thread added: 0x00000287c53276f0
Event: 23964.741 Thread 0x00000287ca124e60 Thread added: 0x00000287c532b8c0
Event: 24029.750 Thread 0x00000287c532b8c0 Thread exited: 0x00000287c532b8c0
Event: 24061.460 Thread 0x00000287c53276f0 Thread exited: 0x00000287c53276f0
Event: 24416.512 Thread 0x00000287ca122280 Thread added: 0x00000287c53276f0
Event: 24481.459 Thread 0x00000287c53276f0 Thread exited: 0x00000287c53276f0


Dynamic libraries:
0x00007ff7df9d0000 - 0x00007ff7df9de000 	C:\Users\smishr\.jdks\openjdk-24.0.1\bin\java.exe
0x00007ffd6a1a0000 - 0x00007ffd6a405000 	C:\windows\SYSTEM32\ntdll.dll
0x00007ffd68a60000 - 0x00007ffd68b29000 	C:\windows\System32\KERNEL32.DLL
0x00007ffd67850000 - 0x00007ffd67c38000 	C:\windows\System32\KERNELBASE.dll
0x00007ffd67640000 - 0x00007ffd6778b000 	C:\windows\System32\ucrtbase.dll
0x00007ffd41e70000 - 0x00007ffd41e8b000 	C:\Users\smishr\.jdks\openjdk-24.0.1\bin\VCRUNTIME140.dll
0x00007ffd43d20000 - 0x00007ffd43d36000 	C:\Users\smishr\.jdks\openjdk-24.0.1\bin\jli.dll
0x00007ffd69f90000 - 0x00007ffd6a15a000 	C:\windows\System32\USER32.dll
0x00007ffd67c40000 - 0x00007ffd67c67000 	C:\windows\System32\win32u.dll
0x00007ffd52850000 - 0x00007ffd52aea000 	C:\windows\WinSxS\amd64_microsoft.windows.common-controls_6595b64144ccf1df_6.0.26100.4202_none_3e0698d4e335f517\COMCTL32.dll
0x00007ffd69d70000 - 0x00007ffd69e19000 	C:\windows\System32\msvcrt.dll
0x00007ffd68950000 - 0x00007ffd6897b000 	C:\windows\System32\GDI32.dll
0x00007ffd67380000 - 0x00007ffd674b7000 	C:\windows\System32\gdi32full.dll
0x00007ffd67c70000 - 0x00007ffd67d13000 	C:\windows\System32\msvcp_win.dll
0x00007ffd68a00000 - 0x00007ffd68a30000 	C:\windows\System32\IMM32.DLL
0x00000287db370000 - 0x00000287db386000 	C:\windows\System32\umppc19706.dll
0x00007ffd66fc0000 - 0x00007ffd67113000 	C:\Program Files\Avecto\Privilege Guard Client\PGHook.dll
0x00007ffd69140000 - 0x00007ffd691f3000 	C:\windows\System32\ADVAPI32.dll
0x00007ffd68810000 - 0x00007ffd688b6000 	C:\windows\System32\sechost.dll
0x00007ffd68be0000 - 0x00007ffd68cf5000 	C:\windows\System32\RPCRT4.dll
0x00007ffd55b20000 - 0x00007ffd55b2c000 	C:\Users\smishr\.jdks\openjdk-24.0.1\bin\vcruntime140_1.dll
0x00007ffd2fec0000 - 0x00007ffd2ff4e000 	C:\Users\smishr\.jdks\openjdk-24.0.1\bin\msvcp140.dll
0x00007ffcf71f0000 - 0x00007ffcf7f92000 	C:\Users\smishr\.jdks\openjdk-24.0.1\bin\server\jvm.dll
0x00007ffd68790000 - 0x00007ffd68804000 	C:\windows\System32\WS2_32.dll
0x00007ffd67140000 - 0x00007ffd6719e000 	C:\windows\SYSTEM32\POWRPROF.dll
0x00007ffd5bb40000 - 0x00007ffd5bb75000 	C:\windows\SYSTEM32\WINMM.dll
0x00007ffd578e0000 - 0x00007ffd578eb000 	C:\windows\SYSTEM32\VERSION.dll
0x00007ffd67120000 - 0x00007ffd67134000 	C:\windows\SYSTEM32\UMPDC.dll
0x00007ffd65de0000 - 0x00007ffd65dfb000 	C:\windows\SYSTEM32\kernel.appcore.dll
0x00007ffd51040000 - 0x00007ffd5104a000 	C:\Users\smishr\.jdks\openjdk-24.0.1\bin\jimage.dll
0x00007ffd64650000 - 0x00007ffd64891000 	C:\windows\SYSTEM32\DBGHELP.DLL
0x00007ffd683f0000 - 0x00007ffd68775000 	C:\windows\System32\combase.dll
0x00007ffd68ec0000 - 0x00007ffd68fa1000 	C:\windows\System32\OLEAUT32.dll
0x00007ffd41760000 - 0x00007ffd41799000 	C:\windows\SYSTEM32\dbgcore.DLL
0x00007ffd67d20000 - 0x00007ffd67db9000 	C:\windows\System32\bcryptPrimitives.dll
0x00007ffd5a4d0000 - 0x00007ffd5a4df000 	C:\Users\smishr\.jdks\openjdk-24.0.1\bin\instrument.dll
0x00007ffd45700000 - 0x00007ffd4571e000 	C:\Users\smishr\.jdks\openjdk-24.0.1\bin\java.dll
0x00007ffd693e0000 - 0x00007ffd6957e000 	C:\windows\System32\ole32.dll
0x00007ffd69620000 - 0x00007ffd69d62000 	C:\windows\System32\SHELL32.dll
0x00007ffd67dc0000 - 0x00007ffd67f34000 	C:\windows\System32\wintypes.dll
0x00007ffd64a70000 - 0x00007ffd652c8000 	C:\windows\SYSTEM32\windows.storage.dll
0x00007ffd68dc0000 - 0x00007ffd68eb1000 	C:\windows\System32\SHCORE.dll
0x00007ffd68d00000 - 0x00007ffd68d6a000 	C:\windows\System32\shlwapi.dll
0x00007ffd67200000 - 0x00007ffd6722f000 	C:\windows\SYSTEM32\profapi.dll
0x00007ffd22350000 - 0x00007ffd22427000 	C:\Users\smishr\.jdks\openjdk-24.0.1\bin\jsvml.dll
0x00007ffd44ce0000 - 0x00007ffd44cf7000 	C:\Users\smishr\.jdks\openjdk-24.0.1\bin\zip.dll
0x00007ffd4b090000 - 0x00007ffd4b0a0000 	C:\Users\smishr\.jdks\openjdk-24.0.1\bin\net.dll
0x00007ffd66460000 - 0x00007ffd664ca000 	C:\windows\system32\mswsock.dll
0x00007ffd3bf30000 - 0x00007ffd3bf46000 	C:\Users\smishr\.jdks\openjdk-24.0.1\bin\nio.dll
0x00007ffd455e0000 - 0x00007ffd455e9000 	C:\Users\smishr\.jdks\openjdk-24.0.1\bin\extnet.dll
0x00007ffd65690000 - 0x00007ffd656c3000 	C:\windows\SYSTEM32\IPHLPAPI.DLL
0x00007ffd69030000 - 0x00007ffd6903a000 	C:\windows\System32\NSI.dll
0x00007ffd656d0000 - 0x00007ffd657f7000 	C:\windows\SYSTEM32\DNSAPI.dll
0x00007ffd5fe20000 - 0x00007ffd5fe2b000 	C:\Windows\System32\rasadhlp.dll
0x00007ffd5b9d0000 - 0x00007ffd5ba56000 	C:\windows\System32\fwpuclnt.dll
0x00007ffd44020000 - 0x00007ffd4402e000 	C:\Users\smishr\.jdks\openjdk-24.0.1\bin\sunmscapi.dll
0x00007ffd674c0000 - 0x00007ffd67637000 	C:\windows\System32\CRYPT32.dll
0x00007ffd66990000 - 0x00007ffd669c0000 	C:\windows\SYSTEM32\ncrypt.dll
0x00007ffd66940000 - 0x00007ffd6697f000 	C:\windows\SYSTEM32\NTASN1.dll
0x00007ffd66840000 - 0x00007ffd6685b000 	C:\windows\SYSTEM32\CRYPTSP.dll
0x00007ffd65d40000 - 0x00007ffd65d7a000 	C:\windows\system32\rsaenh.dll
0x00007ffd66500000 - 0x00007ffd6652b000 	C:\windows\SYSTEM32\USERENV.dll
0x00007ffd671d0000 - 0x00007ffd671f6000 	C:\windows\SYSTEM32\bcrypt.dll
0x00007ffd666a0000 - 0x00007ffd666ac000 	C:\windows\SYSTEM32\CRYPTBASE.dll
0x00007ffd30d90000 - 0x00007ffd30d9a000 	C:\Users\smishr\.jdks\openjdk-24.0.1\bin\management.dll
0x00007ffd30c80000 - 0x00007ffd30c8b000 	C:\Users\smishr\.jdks\openjdk-24.0.1\bin\management_ext.dll
0x00007ffd68a50000 - 0x00007ffd68a58000 	C:\windows\System32\PSAPI.DLL
0x00007ffd2f690000 - 0x00007ffd2f6a0000 	C:\Users\smishr\.jdks\openjdk-24.0.1\bin\verify.dll
0x00007ffd3b0e0000 - 0x00007ffd3b0e8000 	C:\windows\system32\wshunix.dll

JVMTI agents:
C:\Program Files\JetBrains\IntelliJ IDEA Community Edition 2025.1.1.1\lib\idea_rt.jar path:C:\Users\smishr\.jdks\openjdk-24.0.1\bin\instrument.dll, loaded, initialized, instrumentlib options:57203

dbghelp: loaded successfully - version: 4.0.5 - missing functions: none
symbol engine: initialized successfully - sym options: 0x614 - pdb path: .;C:\Users\smishr\.jdks\openjdk-24.0.1\bin;C:\windows\SYSTEM32;C:\windows\WinSxS\amd64_microsoft.windows.common-controls_6595b64144ccf1df_6.0.26100.4202_none_3e0698d4e335f517;C:\Program Files\Avecto\Privilege Guard Client;C:\Users\smishr\.jdks\openjdk-24.0.1\bin\server

VM Arguments:
jvm_args: -javaagent:C:\Program Files\JetBrains\IntelliJ IDEA Community Edition 2025.1.1.1\lib\idea_rt.jar=57203 -Dfile.encoding=UTF-8 -Dsun.stdout.encoding=UTF-8 -Dsun.stderr.encoding=UTF-8 
java_command: com.cartservice.CartServiceApplication
java_class_path (initial): C:\Users\smishr\Desktop\Ecomerce\Cart-Service\target\classes;C:\Users\smishr\.m2\repository\org\springframework\boot\spring-boot-starter-data-jpa\3.4.4\spring-boot-starter-data-jpa-3.4.4.jar;C:\Users\smishr\.m2\repository\org\springframework\boot\spring-boot-starter\3.4.4\spring-boot-starter-3.4.4.jar;C:\Users\smishr\.m2\repository\org\springframework\boot\spring-boot\3.4.4\spring-boot-3.4.4.jar;C:\Users\smishr\.m2\repository\org\springframework\boot\spring-boot-autoconfigure\3.4.4\spring-boot-autoconfigure-3.4.4.jar;C:\Users\smishr\.m2\repository\org\springframework\boot\spring-boot-starter-logging\3.4.4\spring-boot-starter-logging-3.4.4.jar;C:\Users\smishr\.m2\repository\ch\qos\logback\logback-classic\1.5.18\logback-classic-1.5.18.jar;C:\Users\smishr\.m2\repository\ch\qos\logback\logback-core\1.5.18\logback-core-1.5.18.jar;C:\Users\smishr\.m2\repository\org\apache\logging\log4j\log4j-to-slf4j\2.24.3\log4j-to-slf4j-2.24.3.jar;C:\Users\smishr\.m2\repository\org\apache\logging\log4j\log4j-api\2.24.3\log4j-api-2.24.3.jar;C:\Users\smishr\.m2\repository\org\slf4j\jul-to-slf4j\2.0.17\jul-to-slf4j-2.0.17.jar;C:\Users\smishr\.m2\repository\jakarta\annotation\jakarta.annotation-api\2.1.1\jakarta.annotation-api-2.1.1.jar;C:\Users\smishr\.m2\repository\org\yaml\snakeyaml\2.3\snakeyaml-2.3.jar;C:\Users\smishr\.m2\repository\org\springframework\boot\spring-boot-starter-jdbc\3.4.4\spring-boot-starter-jdbc-3.4.4.jar;C:\Users\smishr\.m2\repository\com\zaxxer\HikariCP\5.1.0\HikariCP-5.1.0.jar;C:\Users\smishr\.m2\repository\org\springframework\spring-jdbc\6.2.5\spring-jdbc-6.2.5.jar;C:\Users\smishr\.m2\repository\org\hibernate\orm\hibernate-core\6.6.11.Final\hibernate-core-6.6.11.Final.jar;C:\Users\smishr\.m2\repository\jakarta\persistence\jakarta.persistence-api\3.1.0\jakarta.persistence-api-3.1.0.jar;C:\Users\smishr\.m2\repository\jakarta\transaction\jakarta.transaction-api\2.0.1\jakarta.transaction-api-2.0.1.jar;C:\Users\smishr\.m2\repository\org\jboss\logging\jboss-logging\3.6.1.Final\jboss-logging-3.6.1.Final.jar;C:\Users\smishr\.m2\repository\org\hibernate\common\hibernate-commons-annotations\7.0.3.Final\hibernate-commons-annotations-7.0.3.Final.jar;C:\Users\smishr\.m2\repository\io\smallrye\jandex\3.2.0\jandex-3.2.0.jar;C:\Users\smishr\.m2\repository\com\fasterxml\classmate\1.7.0\classmate-1.7.0.jar;C:\Users\smishr\.m2\repository\net\bytebuddy\byte-buddy\1.15.11\byte-buddy-1.15.11.jar;C:\Users\smishr\.m2\repository\org\glassfish\jaxb\jaxb-runtime\4.0.5\jaxb-runtime-4.0.5.jar;C:\Users\smishr\.m2\repository\org\glassfish\jaxb\jaxb-core\4.0.5\jaxb-core-4.0.5.jar;C:\Users\smishr\.m2\repository\org\eclipse\angus\angus-activation\2.0.2\angus-activation-2.0.2.jar;C:\Users\smishr\.m2\repository\org\glassfish\jaxb\txw2\4.0.5\txw2-4.0.5.jar;C:\Users\smishr\.m2\repository\com\sun\istack\istack-commons-runtime\4.1.2\istack-commons-runtime-4.1.2.jar;C:\Users\smishr\.m2\repository\jakarta\inject\jakarta.inject-api\2.0.1\jakarta.inject-api-2.0.1.jar;C:\Users\smishr\.m2\repository\org\antlr\antlr4-runtime\4.13.0\antlr4-runtime-4.13.0.jar;C:\Users\smishr\.m2\repository\org\springframework\data\spring-data-jpa\3.4.4\spring-data-jpa-3.4.4.jar;C:\Users\smishr\.m2\repository\org\springframework\data\spring-data-commons\3.4.4\spring-data-commons-3.4.4.jar;C:\Users\smishr\.m2\repository\org\springframework\spring-orm\6.2.5\spring-orm-6.2.5.jar;C:\Users\smishr\.m2\repository\org\springframework\spring-context\6.2.5\spring-context-6.2.5.jar;C:\Users\smishr\.m2\repository\org\springframework\spring-aop\6.2.5\spring-aop-6.2.5.jar;C:\Users\smishr\.m2\repository\org\springframework\spring-tx\6.2.5\spring-tx-6.2.5.jar;C:\Users\smishr\.m2\repository\org\springframework\spring-beans\6.2.5\spring-beans-6.2.5.jar;C:\Users\smishr\.m2\repository\org\slf4j\slf4j-api\2.0.17\slf4j-api-2.0.17.jar;C:\Users\smishr\.m2\repository\org\springframework\spring-aspects\6.2.5\spring-aspects-6.2.5.jar;C:\Users\smishr\.m2\repository\org\aspectj\aspectjweaver\1.9.23\aspectjweaver-1.9.23.jar;C:\Users\smishr\.m2\repository\org\springframework\boot\spring-boot-starter-web\3.4.4\spring-boot-starter-web-3.4.4.jar;C:\Users\smishr\.m2\repository\org\springframework\boot\spring-boot-starter-json\3.4.4\spring-boot-starter-json-3.4.4.jar;C:\Users\smishr\.m2\repository\com\fasterxml\jackson\core\jackson-databind\2.18.3\jackson-databind-2.18.3.jar;C:\Users\smishr\.m2\repository\com\fasterxml\jackson\datatype\jackson-datatype-jdk8\2.18.3\jackson-datatype-jdk8-2.18.3.jar;C:\Users\smishr\.m2\repository\com\fasterxml\jackson\datatype\jackson-datatype-jsr310\2.18.3\jackson-datatype-jsr310-2.18.3.jar;C:\Users\smishr\.m2\repository\com\fasterxml\jackson\module\jackson-module-parameter-names\2.18.3\jackson-module-parameter-names-2.18.3.jar;C:\Users\smishr\.m2\repository\org\springframework\boot\spring-boot-starter-tomcat\3.4.4\spring-boot-starter-tomcat-3.4.4.jar;C:\Users\smishr\.m2\repository\org\apache\tomcat\embed\tomcat-embed-core\10.1.39\tomcat-embed-core-10.1.39.jar;C:\Users\smishr\.m2\repository\org\apache\tomcat\embed\tomcat-embed-websocket\10.1.39\tomcat-embed-websocket-10.1.39.jar;C:\Users\smishr\.m2\repository\org\springframework\spring-web\6.2.5\spring-web-6.2.5.jar;C:\Users\smishr\.m2\repository\io\micrometer\micrometer-observation\1.14.5\micrometer-observation-1.14.5.jar;C:\Users\smishr\.m2\repository\io\micrometer\micrometer-commons\1.14.5\micrometer-commons-1.14.5.jar;C:\Users\smishr\.m2\repository\org\springframework\spring-webmvc\6.2.5\spring-webmvc-6.2.5.jar;C:\Users\smishr\.m2\repository\org\springframework\spring-expression\6.2.5\spring-expression-6.2.5.jar;C:\Users\smishr\.m2\repository\org\springframework\cloud\spring-cloud-starter-netflix-eureka-client\4.2.1\spring-cloud-starter-netflix-eureka-client-4.2.1.jar;C:\Users\smishr\.m2\repository\org\springframework\cloud\spring-cloud-starter\4.2.1\spring-cloud-starter-4.2.1.jar;C:\Users\smishr\.m2\repository\org\springframework\cloud\spring-cloud-context\4.2.1\spring-cloud-context-4.2.1.jar;C:\Users\smishr\.m2\repository\org\bouncycastle\bcprov-jdk18on\1.78.1\bcprov-jdk18on-1.78.1.jar;C:\Users\smishr\.m2\repository\org\springframework\cloud\spring-cloud-netflix-eureka-client\4.2.1\spring-cloud-netflix-eureka-client-4.2.1.jar;C:\Users\smishr\.m2\repository\org\apache\httpcomponents\client5\httpclient5\5.4.2\httpclient5-5.4.2.jar;C:\Users\smishr\.m2\repository\org\apache\httpcomponents\core5\httpcore5\5.3.3\httpcore5-5.3.3.jar;C:\Users\smishr\.m2\repository\org\apache\httpcomponents\core5\httpcore5-h2\5.3.3\httpcore5-h2-5.3.3.jar;C:\Users\smishr\.m2\repository\com\netflix\eureka\eureka-client\2.0.4\eureka-client-2.0.4.jar;C:\Users\smishr\.m2\repository\com\thoughtworks\xstream\xstream\1.4.20\xstream-1.4.20.jar;C:\Users\smishr\.m2\repository\io\github\x-stream\mxparser\1.2.2\mxparser-1.2.2.jar;C:\Users\smishr\.m2\repository\xmlpull\xmlpull\1.1.3.1\xmlpull-1.1.3.1.jar;C:\Users\smishr\.m2\repository\jakarta\ws\rs\jakarta.ws.rs-api\3.1.0\jakarta.ws.rs-api-3.1.0.jar;C:\Users\smishr\.m2\repository\com\netflix\spectator\spectator-api\1.7.3\spectator-api-1.7.3.jar;C:\Users\smishr\.m2\repository\org\apache\httpcomponents\httpclient\4.5.3\httpclient-4.5.3.jar;C:\Users\smishr\.m2\repository\org\apache\httpcomponents\httpcore\4.4.16\httpcore-4.4.16.jar;C:\Users\smishr\.m2\repository\commons-codec\commons-codec\1.17.2\commons-codec-1.17.2.jar;C:\Users\smishr\.m2\repository\commons-configuration\commons-configuration\1.10\commons-configuration-1.10.jar;C:\Users\smishr\.m2\repository\commons-lang\commons-lang\2.6\commons-lang-2.6.jar;C:\Users\smishr\.m2\repository\com\fasterxml\jackson\core\jackson-annotations\2.18.3\jackson-annotations-2.18.3.jar;C:\Users\smishr\.m2\repository\com\fasterxml\jackson\core\jackson-core\2.18.3\jackson-core-2.18.3.jar;C:\Users\smishr\.m2\repository\com\netflix\netflix-commons\netflix-eventbus\0.3.0\netflix-eventbus-0.3.0.jar;C:\Users\smishr\.m2\repository\com\netflix\netflix-commons\netflix-infix\0.3.0\netflix-infix-0.3.0.jar;C:\Users\smishr\.m2\repository\commons-jxpath\commons-jxpath\1.3\commons-jxpath-1.3.jar;C:\Users\smishr\.m2\repository\joda-time\joda-time\2.3\joda-time-2.3.jar;C:\Users\smishr\.m2\repository\org\antlr\antlr-runtime\3.4\antlr-runtime-3.4.jar;C:\Users\smishr\.m2\repository\org\antlr\stringtemplate\3.2.1\stringtemplate-3.2.1.jar;C:\Users\smishr\.m2\repository\antlr\antlr\2.7.7\antlr-2.7.7.jar;C:\Users\smishr\.m2\repository\com\google\guava\guava\14.0.1\guava-14.0.1.jar;C:\Users\smishr\.m2\repository\com\google\code\gson\gson\2.11.0\gson-2.11.0.jar;C:\Users\smishr\.m2\repository\com\google\errorprone\error_prone_annotations\2.27.0\error_prone_annotations-2.27.0.jar;C:\Users\smishr\.m2\repository\com\netflix\servo\servo-core\0.5.3\servo-core-0.5.3.jar;C:\Users\smishr\.m2\repository\org\apache\commons\commons-math\2.2\commons-math-2.2.jar;C:\Users\smishr\.m2\repository\javax\annotation\javax.annotation-api\1.2\javax.annotation-api-1.2.jar;C:\Users\smishr\.m2\repository\org\codehaus\jettison\jettison\1.5.4\jettison-1.5.4.jar;C:\Users\smishr\.m2\repository\org\springframework\cloud\spring-cloud-starter-loadbalancer\4.2.1\spring-cloud-starter-loadbalancer-4.2.1.jar;C:\Users\smishr\.m2\repository\org\springframework\cloud\spring-cloud-loadbalancer\4.2.1\spring-cloud-loadbalancer-4.2.1.jar;C:\Users\smishr\.m2\repository\io\projectreactor\reactor-core\3.7.4\reactor-core-3.7.4.jar;C:\Users\smishr\.m2\repository\org\reactivestreams\reactive-streams\1.0.4\reactive-streams-1.0.4.jar;C:\Users\smishr\.m2\repository\io\projectreactor\addons\reactor-extra\3.5.2\reactor-extra-3.5.2.jar;C:\Users\smishr\.m2\repository\org\springframework\boot\spring-boot-starter-cache\3.4.4\spring-boot-starter-cache-3.4.4.jar;C:\Users\smishr\.m2\repository\org\springframework\spring-context-support\6.2.5\spring-context-support-6.2.5.jar;C:\Users\smishr\.m2\repository\com\stoyanr\evictor\1.0.0\evictor-1.0.0.jar;C:\Users\smishr\.m2\repository\org\springframework\cloud\spring-cloud-starter-openfeign\4.2.1\spring-cloud-starter-openfeign-4.2.1.jar;C:\Users\smishr\.m2\repository\org\springframework\cloud\spring-cloud-openfeign-core\4.2.1\spring-cloud-openfeign-core-4.2.1.jar;C:\Users\smishr\.m2\repository\io\github\openfeign\feign-form-spring\13.5\feign-form-spring-13.5.jar;C:\Users\smishr\.m2\repository\io\github\openfeign\feign-form\13.5\feign-form-13.5.jar;C:\Users\smishr\.m2\repository\commons-fileupload\commons-fileupload\1.5\commons-fileupload-1.5.jar;C:\Users\smishr\.m2\repository\org\springframework\cloud\spring-cloud-commons\4.2.1\spring-cloud-commons-4.2.1.jar;C:\Users\smishr\.m2\repository\org\springframework\security\spring-security-crypto\6.4.4\spring-security-crypto-6.4.4.jar;C:\Users\smishr\.m2\repository\io\github\openfeign\feign-core\13.5\feign-core-13.5.jar;C:\Users\smishr\.m2\repository\io\github\openfeign\feign-slf4j\13.5\feign-slf4j-13.5.jar;C:\Users\smishr\.m2\repository\org\springdoc\springdoc-openapi-starter-webmvc-ui\2.8.8\springdoc-openapi-starter-webmvc-ui-2.8.8.jar;C:\Users\smishr\.m2\repository\org\springdoc\springdoc-openapi-starter-webmvc-api\2.8.8\springdoc-openapi-starter-webmvc-api-2.8.8.jar;C:\Users\smishr\.m2\repository\org\springdoc\springdoc-openapi-starter-common\2.8.8\springdoc-openapi-starter-common-2.8.8.jar;C:\Users\smishr\.m2\repository\io\swagger\core\v3\swagger-core-jakarta\2.2.30\swagger-core-jakarta-2.2.30.jar;C:\Users\smishr\.m2\repository\org\apache\commons\commons-lang3\3.17.0\commons-lang3-3.17.0.jar;C:\Users\smishr\.m2\repository\io\swagger\core\v3\swagger-annotations-jakarta\2.2.30\swagger-annotations-jakarta-2.2.30.jar;C:\Users\smishr\.m2\repository\io\swagger\core\v3\swagger-models-jakarta\2.2.30\swagger-models-jakarta-2.2.30.jar;C:\Users\smishr\.m2\repository\com\fasterxml\jackson\dataformat\jackson-dataformat-yaml\2.18.3\jackson-dataformat-yaml-2.18.3.jar;C:\Users\smishr\.m2\repository\org\webjars\swagger-ui\5.21.0\swagger-ui-5.21.0.jar;C:\Users\smishr\.m2\repository\org\webjars\webjars-locator-lite\1.0.1\webjars-locator-lite-1.0.1.jar;C:\Users\smishr\.m2\repository\org\jspecify\jspecify\1.0.0\jspecify-1.0.0.jar;C:\Users\smishr\.m2\repository\org\springframework\boot\spring-boot-starter-validation\3.4.4\spring-boot-starter-validation-3.4.4.jar;C:\Users\smishr\.m2\repository\org\apache\tomcat\embed\tomcat-embed-el\10.1.39\tomcat-embed-el-10.1.39.jar;C:\Users\smishr\.m2\repository\org\hibernate\validator\hibernate-validator\8.0.2.Final\hibernate-validator-8.0.2.Final.jar;C:\Users\smishr\.m2\repository\jakarta\validation\jakarta.validation-api\3.0.2\jakarta.validation-api-3.0.2.jar;C:\Users\smishr\.m2\repository\com\mysql\mysql-connector-j\9.1.0\mysql-connector-j-9.1.0.jar;C:\Users\smishr\.m2\repository\org\projectlombok\lombok\1.18.38\lombok-1.18.38.jar;C:\Users\smishr\.m2\repository\jakarta\xml\bind\jakarta.xml.bind-api\4.0.2\jakarta.xml.bind-api-4.0.2.jar;C:\Users\smishr\.m2\repository\jakarta\activation\jakarta.activation-api\2.1.3\jakarta.activation-api-2.1.3.jar;C:\Users\smishr\.m2\repository\org\springframework\spring-core\6.2.5\spring-core-6.2.5.jar;C:\Users\smishr\.m2\repository\org\springframework\spring-jcl\6.2.5\spring-jcl-6.2.5.jar
Launcher Type: SUN_STANDARD

[Global flags]
     intx CICompilerCount                          = 4                                         {product} {ergonomic}
     uint ConcGCThreads                            = 3                                         {product} {ergonomic}
     uint G1ConcRefinementThreads                  = 10                                        {product} {ergonomic}
   size_t G1HeapRegionSize                         = 2097152                                   {product} {ergonomic}
   size_t InitialHeapSize                          = 257949696                                 {product} {ergonomic}
   size_t MarkStackSize                            = 4194304                                   {product} {ergonomic}
   size_t MarkStackSizeMax                         = 536870912                                 {product} {ergonomic}
   size_t MaxHeapSize                              = 4102029312                                {product} {ergonomic}
   size_t MaxNewSize                               = 2459959296                                {product} {ergonomic}
   size_t MinHeapDeltaBytes                        = 2097152                                   {product} {ergonomic}
   size_t MinHeapSize                              = 8388608                                   {product} {ergonomic}
    uintx NonNMethodCodeHeapSize                   = 5832704                                {pd product} {ergonomic}
    uintx NonProfiledCodeHeapSize                  = 122945536                              {pd product} {ergonomic}
    uintx ProfiledCodeHeapSize                     = 122880000                              {pd product} {ergonomic}
    uintx ReservedCodeCacheSize                    = 251658240                              {pd product} {ergonomic}
     bool SegmentedCodeCache                       = true                                      {product} {ergonomic}
   size_t SoftMaxHeapSize                          = 4102029312                             {manageable} {ergonomic}
     bool UseCompressedOops                        = true                           {product lp64_product} {ergonomic}
     bool UseG1GC                                  = true                                      {product} {ergonomic}
     bool UseLargePagesIndividualAllocation        = false                                  {pd product} {ergonomic}

Logging:
Log output configuration:
 #0: stdout all=warning uptime,level,tags foldmultilines=false
 #1: stderr all=off uptime,level,tags foldmultilines=false

Environment Variables:
PATH=C:\Python313\Scripts\;C:\Python313\;C:\Program Files\Eclipse Adoptium\jdk-21.0.4.7-hotspot\bin;C:\windows\system32;C:\windows;C:\windows\System32\Wbem;C:\windows\System32\WindowsPowerShell\v1.0\;C:\windows\System32\OpenSSH\;C:\Program Files\WindowsPowerShell\Scripts;C:\Program Files\Git\cmd;C:\Program Files\ServiceNow\agent-client-collector\bin;C:\Program Files\ServiceNow\agent-client-collector\embedded\bin;C:\Program Files\Microsoft VS Code\bin;C:\ProgramData\chocolatey\bin;C:\Program Files\nodejs\;C:\Users\smishr\AppData\Local\Microsoft\WindowsApps;;C:\Program Files\JetBrains\IntelliJ IDEA Community Edition 2025.1.1.1\bin;
USERNAME=smishr
OS=Windows_NT
PROCESSOR_IDENTIFIER=AMD64 Family 25 Model 124 Stepping 0, AuthenticAMD
TMP=C:\Users\smishr\AppData\Local\Temp
TEMP=C:\Users\smishr\AppData\Local\Temp




Periodic native trim disabled

---------------  S Y S T E M  ---------------

OS:
 Windows 11 , 64 bit Build 26100 (10.0.26100.4202)
OS uptime: 1 days 7:29 hours
Hyper-V role detected

CPU: total 12 (initial active 12) (12 cores per cpu, 2 threads per core) family 25 model 124 stepping 0 microcode 0xa70c005, cx8, cmov, fxsr, ht, mmx, 3dnowpref, sse, sse2, sse3, ssse3, sse4a, sse4.1, sse4.2, popcnt, lzcnt, tsc, tscinvbit, avx, avx2, aes, erms, clmul, bmi1, bmi2, adx, avx512f, avx512dq, avx512cd, avx512bw, avx512vl, sha, fma, vzeroupper, avx512_vpopcntdq, avx512_vpclmulqdq, avx512_vaes, avx512_vnni, clflush, clflushopt, avx512_vbmi2, avx512_vbmi, hv, rdtscp, rdpid, fsrm, gfni, avx512_bitalg, f16c, cet_ss, avx512_ifma
Processor Information for the first 12 processors :
  Max Mhz: 3201, Current Mhz: 1981, Mhz Limit: 3201

Memory: 4k page, system-wide physical 15645M (2216M free)
TotalPageFile size 62749M (AvailPageFile size 18M)
current process WorkingSet (physical memory assigned to process): 284M, peak: 323M
current process commit charge ("private bytes"): 371M, peak: 426M

vm_info: OpenJDK 64-Bit Server VM (24.0.1+9-30) for windows-amd64 JRE (24.0.1+9-30), built on 2025-03-05T07:23:45Z with MS VC++ 17.6 (VS2022)

END.
