#
# There is insufficient memory for the Java Runtime Environment to continue.
# Native memory allocation (malloc) failed to allocate 691536 bytes. Error detail: Chunk::new
# Possible reasons:
#   The system is out of physical RAM or swap space
#   This process is running with CompressedOops enabled, and the Java Heap may be blocking the growth of the native heap
# Possible solutions:
#   Reduce memory load on the system
#   Increase physical memory or swap space
#   Check if swap backing store is full
#   Decrease Java heap size (-Xmx/-Xms)
#   Decrease number of Java threads
#   Decrease Java thread stack sizes (-Xss)
#   Set larger code cache with -XX:ReservedCodeCacheSize=
#   JVM is running with Zero Based Compressed Oops mode in which the Java heap is
#     placed in the first 32GB address space. The Java Heap base address is the
#     maximum limit for the native heap growth. Please use -XX:HeapBaseMinAddress
#     to set the Java Heap base and to place the Java Heap above 32GB virtual address.
# This output file may be truncated or incomplete.
#
#  Out of Memory Error (arena.cpp:162), pid=27464, tid=18660
#
# JRE version: OpenJDK Runtime Environment (24.0.1+9) (build 24.0.1+9-30)
# Java VM: OpenJDK 64-Bit Server VM (24.0.1+9-30, mixed mode, sharing, tiered, compressed oops, compressed class ptrs, g1 gc, windows-amd64)
# No core dump will be written. Minidumps are not enabled by default on client versions of Windows
#

---------------  S U M M A R Y ------------

Command Line: -javaagent:C:\Program Files\JetBrains\IntelliJ IDEA Community Edition 2025.1.1.1\lib\idea_rt.jar=57267 -Dfile.encoding=UTF-8 -Dsun.stdout.encoding=UTF-8 -Dsun.stderr.encoding=UTF-8 com.eshoppingzone.userProfileService.ProfileServiceApplication

Host: AMD Ryzen 5 PRO 8540U w/ Radeon 740M Graphics  , 12 cores, 15G,  Windows 11 , 64 bit Build 26100 (10.0.26100.4202)
Time: Tue Jun 24 16:35:09 2025 India Standard Time elapsed time: 24003.862346 seconds (0d 6h 40m 3s)

---------------  T H R E A D  ---------------

Current thread (0x0000015b41016960):  JavaThread "C2 CompilerThread0" daemon [_thread_in_native, id=18660, stack(0x00000013ff800000,0x00000013ff900000) (1024K)]


Current CompileTask:
C2:24003862 17644       4       com.fasterxml.jackson.databind.introspect.AnnotatedClassResolver::_addSuperTypes (103 bytes)

Stack: [0x00000013ff800000,0x00000013ff900000]
Native frames: (J=compiled Java code, j=interpreted, Vv=VM code, C=native code)
V  [jvm.dll+0x730739]  (no source info available)
V  [jvm.dll+0x8d9b23]  (no source info available)
V  [jvm.dll+0x8dc00d]  (no source info available)
V  [jvm.dll+0x8dc683]  (no source info available)
V  [jvm.dll+0x2aa086]  (no source info available)
V  [jvm.dll+0xcedef]  (no source info available)
V  [jvm.dll+0xcf04f]  (no source info available)
V  [jvm.dll+0x3f3702]  (no source info available)
V  [jvm.dll+0x3c0100]  (no source info available)
V  [jvm.dll+0x3bf58a]  (no source info available)
V  [jvm.dll+0x26f777]  (no source info available)
V  [jvm.dll+0x26ea3f]  (no source info available)
V  [jvm.dll+0x1e9d60]  (no source info available)
V  [jvm.dll+0x27e1fb]  (no source info available)
V  [jvm.dll+0x27c49a]  (no source info available)
V  [jvm.dll+0x42f456]  (no source info available)
V  [jvm.dll+0x87d76b]  (no source info available)
V  [jvm.dll+0x72ee55]  (no source info available)
C  [ucrtbase.dll+0x37b0]  (no source info available)
C  [KERNEL32.DLL+0x2e8d7]  (no source info available)
C  [ntdll.dll+0x3c34c]  (no source info available)

Lock stack of current Java thread (top to bottom):


---------------  P R O C E S S  ---------------

Threads class SMR info:
_java_thread_list=0x0000015b6b2da6d0, length=36, elements={
0x0000015b410055f0, 0x0000015b41007d40, 0x0000015b4100d6f0, 0x0000015b4100ebc0,
0x0000015b41010700, 0x0000015b41013760, 0x0000015b41016960, 0x0000015b410187f0,
0x0000015b41241340, 0x0000015b415b1880, 0x0000015b6c201e50, 0x0000015b43cc5060,
0x0000015b43cc6650, 0x0000015b43cc3a70, 0x0000015b43cc4910, 0x0000015b43727400,
0x0000015b437240d0, 0x0000015b43727b50, 0x0000015b437282a0, 0x0000015b437289f0,
0x0000015b43729140, 0x0000015b43729890, 0x0000015b43729fe0, 0x0000015b43cc5f00,
0x0000015b41605360, 0x0000015b41604c10, 0x0000015b41603d70, 0x0000015b41602780,
0x0000015b416044c0, 0x0000015b41602ed0, 0x0000015b41603620, 0x0000015b41602030,
0x0000015b41607f40, 0x0000015b41608690, 0x0000015b41608de0, 0x0000015b41606200
}

Java Threads: ( => current thread )
  0x0000015b410055f0 JavaThread "Reference Handler"          daemon [_thread_blocked, id=18968, stack(0x00000013ff200000,0x00000013ff300000) (1024K)]
  0x0000015b41007d40 JavaThread "Finalizer"                  daemon [_thread_blocked, id=23052, stack(0x00000013ff300000,0x00000013ff400000) (1024K)]
  0x0000015b4100d6f0 JavaThread "Signal Dispatcher"          daemon [_thread_blocked, id=19460, stack(0x00000013ff400000,0x00000013ff500000) (1024K)]
  0x0000015b4100ebc0 JavaThread "Attach Listener"            daemon [_thread_blocked, id=25992, stack(0x00000013ff500000,0x00000013ff600000) (1024K)]
  0x0000015b41010700 JavaThread "Service Thread"             daemon [_thread_blocked, id=28116, stack(0x00000013ff600000,0x00000013ff700000) (1024K)]
  0x0000015b41013760 JavaThread "Monitor Deflation Thread"   daemon [_thread_blocked, id=27476, stack(0x00000013ff700000,0x00000013ff800000) (1024K)]
=>0x0000015b41016960 JavaThread "C2 CompilerThread0"         daemon [_thread_in_native, id=18660, stack(0x00000013ff800000,0x00000013ff900000) (1024K)]
  0x0000015b410187f0 JavaThread "C1 CompilerThread0"         daemon [_thread_blocked, id=28596, stack(0x00000013ff900000,0x00000013ffa00000) (1024K)]
  0x0000015b41241340 JavaThread "Common-Cleaner"             daemon [_thread_blocked, id=18756, stack(0x00000013ffb00000,0x00000013ffc00000) (1024K)]
  0x0000015b415b1880 JavaThread "Notification Thread"        daemon [_thread_blocked, id=10112, stack(0x00000013ffc00000,0x00000013ffd00000) (1024K)]
  0x0000015b6c201e50 JavaThread "mysql-cj-abandoned-connection-cleanup" daemon [_thread_blocked, id=29956, stack(0x0000001380b00000,0x0000001380c00000) (1024K)]
  0x0000015b43cc5060 JavaThread "HikariPool-1 housekeeper"   daemon [_thread_blocked, id=23412, stack(0x0000001380d00000,0x0000001380e00000) (1024K)]
  0x0000015b43cc6650 JavaThread "Catalina-utility-1"                [_thread_blocked, id=30112, stack(0x0000001380c00000,0x0000001380d00000) (1024K)]
  0x0000015b43cc3a70 JavaThread "Catalina-utility-2"                [_thread_blocked, id=28468, stack(0x0000001380f00000,0x0000001381000000) (1024K)]
  0x0000015b43cc4910 JavaThread "container-0"                       [_thread_blocked, id=29876, stack(0x0000001381000000,0x0000001381100000) (1024K)]
  0x0000015b43727400 JavaThread "spectator-gauge-polling-0"  daemon [_thread_blocked, id=29404, stack(0x0000001381100000,0x0000001381200000) (1024K)]
  0x0000015b437240d0 JavaThread "AsyncResolver-bootstrap-%d" daemon [_thread_blocked, id=8120, stack(0x0000001381200000,0x0000001381300000) (1024K)]
  0x0000015b43727b50 JavaThread "DiscoveryClient-%d"         daemon [_thread_blocked, id=3404, stack(0x0000001380300000,0x0000001380400000) (1024K)]
  0x0000015b437282a0 JavaThread "DiscoveryClient-%d"         daemon [_thread_blocked, id=10388, stack(0x0000001381300000,0x0000001381400000) (1024K)]
  0x0000015b437289f0 JavaThread "DiscoveryClient-InstanceInfoReplicator-%d" daemon [_thread_blocked, id=25396, stack(0x0000001381400000,0x0000001381500000) (1024K)]
  0x0000015b43729140 JavaThread "http-nio-8088-exec-1"       daemon [_thread_blocked, id=21544, stack(0x0000001381600000,0x0000001381700000) (1024K)]
  0x0000015b43729890 JavaThread "http-nio-8088-exec-2"       daemon [_thread_blocked, id=18008, stack(0x0000001381700000,0x0000001381800000) (1024K)]
  0x0000015b43729fe0 JavaThread "http-nio-8088-exec-3"       daemon [_thread_blocked, id=10924, stack(0x0000001381800000,0x0000001381900000) (1024K)]
  0x0000015b43cc5f00 JavaThread "http-nio-8088-exec-4"       daemon [_thread_blocked, id=5756, stack(0x0000001381900000,0x0000001381a00000) (1024K)]
  0x0000015b41605360 JavaThread "http-nio-8088-exec-5"       daemon [_thread_blocked, id=23972, stack(0x0000001381a00000,0x0000001381b00000) (1024K)]
  0x0000015b41604c10 JavaThread "http-nio-8088-exec-6"       daemon [_thread_blocked, id=26424, stack(0x0000001381b00000,0x0000001381c00000) (1024K)]
  0x0000015b41603d70 JavaThread "http-nio-8088-exec-7"       daemon [_thread_blocked, id=23200, stack(0x0000001381c00000,0x0000001381d00000) (1024K)]
  0x0000015b41602780 JavaThread "http-nio-8088-exec-8"       daemon [_thread_blocked, id=22888, stack(0x0000001381d00000,0x0000001381e00000) (1024K)]
  0x0000015b416044c0 JavaThread "http-nio-8088-exec-9"       daemon [_thread_blocked, id=23708, stack(0x0000001381e00000,0x0000001381f00000) (1024K)]
  0x0000015b41602ed0 JavaThread "http-nio-8088-exec-10"      daemon [_thread_blocked, id=29224, stack(0x0000001381f00000,0x0000001382000000) (1024K)]
  0x0000015b41603620 JavaThread "http-nio-8088-Poller"       daemon [_thread_in_native, id=29212, stack(0x0000001382000000,0x0000001382100000) (1024K)]
  0x0000015b41602030 JavaThread "http-nio-8088-Acceptor"     daemon [_thread_in_native, id=15392, stack(0x0000001382100000,0x0000001382200000) (1024K)]
  0x0000015b41607f40 JavaThread "DestroyJavaVM"                     [_thread_blocked, id=29668, stack(0x00000013fea00000,0x00000013feb00000) (1024K)]
  0x0000015b41608690 JavaThread "DiscoveryClient-CacheRefreshExecutor-%d" daemon [_thread_blocked, id=20032, stack(0x0000001382300000,0x0000001382400000) (1024K)]
  0x0000015b41608de0 JavaThread "DiscoveryClient-HeartbeatExecutor-%d" daemon [_thread_blocked, id=26672, stack(0x0000001382400000,0x0000001382500000) (1024K)]
  0x0000015b41606200 JavaThread "AsyncResolver-bootstrap-executor-%d" daemon [_thread_blocked, id=30500, stack(0x0000001381500000,0x0000001381600000) (1024K)]
Total: 36

Other Threads:
  0x0000015b65fddb30 VMThread "VM Thread"                           [id=11400, stack(0x00000013ff100000,0x00000013ff200000) (1024K)]
  0x0000015b65fccfd0 WatcherThread "VM Periodic Task Thread"        [id=15220, stack(0x00000013ff000000,0x00000013ff100000) (1024K)]
  0x0000015b44b4e730 WorkerThread "GC Thread#0"                     [id=9376, stack(0x00000013feb00000,0x00000013fec00000) (1024K)]
  0x0000015b422da220 WorkerThread "GC Thread#1"                     [id=30300, stack(0x00000013ffe00000,0x00000013fff00000) (1024K)]
  0x0000015b421ba7f0 WorkerThread "GC Thread#2"                     [id=29056, stack(0x00000013fff00000,0x0000001400000000) (1024K)]
  0x0000015b421baba0 WorkerThread "GC Thread#3"                     [id=29028, stack(0x0000001380000000,0x0000001380100000) (1024K)]
  0x0000015b421bb760 WorkerThread "GC Thread#4"                     [id=1272, stack(0x0000001380100000,0x0000001380200000) (1024K)]
  0x0000015b425a1a50 WorkerThread "GC Thread#5"                     [id=25828, stack(0x0000001380400000,0x0000001380500000) (1024K)]
  0x0000015b425a21b0 WorkerThread "GC Thread#6"                     [id=18560, stack(0x0000001380500000,0x0000001380600000) (1024K)]
  0x0000015b425a2910 WorkerThread "GC Thread#7"                     [id=25756, stack(0x0000001380600000,0x0000001380700000) (1024K)]
  0x0000015b425a1e00 WorkerThread "GC Thread#8"                     [id=5648, stack(0x0000001380700000,0x0000001380800000) (1024K)]
  0x0000015b425a3070 WorkerThread "GC Thread#9"                     [id=25996, stack(0x0000001380800000,0x0000001380900000) (1024K)]
  0x0000015b47065650 ConcurrentGCThread "G1 Main Marker"            [id=24928, stack(0x00000013fec00000,0x00000013fed00000) (1024K)]
  0x0000015b470678b0 WorkerThread "G1 Conc#0"                       [id=27556, stack(0x00000013fed00000,0x00000013fee00000) (1024K)]
  0x0000015b425a2cc0 WorkerThread "G1 Conc#1"                       [id=29512, stack(0x0000001380900000,0x0000001380a00000) (1024K)]
  0x0000015b425a16a0 WorkerThread "G1 Conc#2"                       [id=12196, stack(0x0000001380a00000,0x0000001380b00000) (1024K)]
  0x0000015b4707e9d0 ConcurrentGCThread "G1 Refine#0"               [id=24952, stack(0x00000013fee00000,0x00000013fef00000) (1024K)]
  0x0000015b65e9c600 ConcurrentGCThread "G1 Service"                [id=2072, stack(0x00000013fef00000,0x00000013ff000000) (1024K)]
Total: 18

Threads with active compile tasks:
C2 CompilerThread0  24004067 17644       4       com.fasterxml.jackson.databind.introspect.AnnotatedClassResolver::_addSuperTypes (103 bytes)
Total: 1

VM state: not at safepoint (normal execution)

VM Mutex/Monitor currently owned by a thread: None

Heap address: 0x000000070b800000, size: 3912 MB, Compressed Oops mode: Zero based, Oop shift amount: 3

CDS archive(s) mapped at: [0x0000015b00000000-0x0000015b00d40000-0x0000015b00d40000), size 13893632, SharedBaseAddress: 0x0000015b00000000, ArchiveRelocationMode: 1.
Compressed class space mapped at: 0x0000015b01000000-0x0000015b41000000, reserved size: 1073741824
UseCompressedClassPointers 1, UseCompactObjectHeaders 0
Narrow klass pointer bits 32, Max shift 3
Narrow klass base: 0x0000015b00000000, Narrow klass shift: 0
Encoding Range: [0x0000015b00000000 - 0x0000015c00000000), (4294967296 bytes)
Klass Range:    [0x0000015b00000000 - 0x0000015b41000000), (1090519040 bytes)
Klass ID Range:  [8 - 1090519033) (1090519025)

GC Precious Log:
 CardTable entry size: 512
 Card Set container configuration: InlinePtr #cards 4 size 8 Array Of Cards #cards 16 size 48 Howl #buckets 8 coarsen threshold 3686 Howl Bitmap #cards 512 size 80 coarsen threshold 460 Card regions per heap region 1 cards per card region 4096
 CPUs: 12 total, 12 available
 Memory: 15645M
 Large Page Support: Disabled
 NUMA Support: Disabled
 Compressed Oops: Enabled (Zero based)
 Heap Region Size: 2M
 Heap Min Capacity: 8M
 Heap Initial Capacity: 246M
 Heap Max Capacity: 3912M
 Pre-touch: Disabled
 Parallel Workers: 10
 Concurrent Workers: 3
 Concurrent Refinement Workers: 10
 Periodic GC: Disabled

Heap:
 garbage-first heap   total reserved 4005888K, committed 94208K, used 51396K [0x000000070b800000, 0x0000000800000000)
  region size 2048K, 8 young (16384K), 2 survivors (4096K)
 Metaspace       used 96671K, committed 97408K, reserved 1179648K
  class space    used 10083K, committed 10496K, reserved 1048576K

Heap Regions: E=young(eden), S=young(survivor), O=old, HS=humongous(starts), HC=humongous(continues), CS=collection set, F=free, TAMS=top-at-mark-start, PB=parsable bottom
|   0|0x000000070b800000, 0x000000070ba00000, 0x000000070ba00000|100%| O|  |TAMS 0x000000070b800000| PB 0x000000070b800000| Untracked |  0
|   1|0x000000070ba00000, 0x000000070bc00000, 0x000000070bc00000|100%| O|  |TAMS 0x000000070ba00000| PB 0x000000070ba00000| Untracked |  0
|   2|0x000000070bc00000, 0x000000070bc00000, 0x000000070be00000|  0%| F|  |TAMS 0x000000070bc00000| PB 0x000000070bc00000| Untracked |  0
|   3|0x000000070be00000, 0x000000070c000000, 0x000000070c000000|100%| O|  |TAMS 0x000000070be00000| PB 0x000000070be00000| Untracked |  0
|   4|0x000000070c000000, 0x000000070c200000, 0x000000070c200000|100%| O|  |TAMS 0x000000070c000000| PB 0x000000070c000000| Untracked |  0
|   5|0x000000070c200000, 0x000000070c400000, 0x000000070c400000|100%| O|  |TAMS 0x000000070c200000| PB 0x000000070c200000| Untracked |  0
|   6|0x000000070c400000, 0x000000070c600000, 0x000000070c600000|100%| O|  |TAMS 0x000000070c400000| PB 0x000000070c400000| Untracked |  0
|   7|0x000000070c600000, 0x000000070c800000, 0x000000070c800000|100%| O|  |TAMS 0x000000070c600000| PB 0x000000070c600000| Untracked |  0
|   8|0x000000070c800000, 0x000000070ca00000, 0x000000070ca00000|100%| O|  |TAMS 0x000000070c800000| PB 0x000000070c800000| Untracked |  0
|   9|0x000000070ca00000, 0x000000070ca00000, 0x000000070cc00000|  0%| F|  |TAMS 0x000000070ca00000| PB 0x000000070ca00000| Untracked |  0
|  10|0x000000070cc00000, 0x000000070ce00000, 0x000000070ce00000|100%| O|  |TAMS 0x000000070cc00000| PB 0x000000070cc00000| Untracked |  0
|  11|0x000000070ce00000, 0x000000070ce00000, 0x000000070d000000|  0%| F|  |TAMS 0x000000070ce00000| PB 0x000000070ce00000| Untracked |  0
|  12|0x000000070d000000, 0x000000070d200000, 0x000000070d200000|100%| O|  |TAMS 0x000000070d000000| PB 0x000000070d000000| Untracked |  0
|  13|0x000000070d200000, 0x000000070d200000, 0x000000070d400000|  0%| F|  |TAMS 0x000000070d200000| PB 0x000000070d200000| Untracked |  0
|  14|0x000000070d400000, 0x000000070d400000, 0x000000070d600000|  0%| F|  |TAMS 0x000000070d400000| PB 0x000000070d400000| Untracked |  0
|  15|0x000000070d600000, 0x000000070d600000, 0x000000070d800000|  0%| F|  |TAMS 0x000000070d600000| PB 0x000000070d600000| Untracked |  0
|  16|0x000000070d800000, 0x000000070da00000, 0x000000070da00000|100%| O|  |TAMS 0x000000070d800000| PB 0x000000070d800000| Untracked |  0
|  17|0x000000070da00000, 0x000000070dc00000, 0x000000070dc00000|100%| O|  |TAMS 0x000000070da00000| PB 0x000000070da00000| Untracked |  0
|  18|0x000000070dc00000, 0x000000070de00000, 0x000000070de00000|100%| O|  |TAMS 0x000000070dc00000| PB 0x000000070dc00000| Untracked |  0
|  19|0x000000070de00000, 0x000000070de31340, 0x000000070e000000|  9%| S|CS|TAMS 0x000000070de00000| PB 0x000000070de00000| Complete |  0
|  20|0x000000070e000000, 0x000000070e200000, 0x000000070e200000|100%| S|CS|TAMS 0x000000070e000000| PB 0x000000070e000000| Complete |  0
|  21|0x000000070e200000, 0x000000070e200000, 0x000000070e400000|  0%| F|  |TAMS 0x000000070e200000| PB 0x000000070e200000| Untracked |  0
|  22|0x000000070e400000, 0x000000070e600000, 0x000000070e600000|100%| O|  |TAMS 0x000000070e400000| PB 0x000000070e400000| Untracked |  0
|  23|0x000000070e600000, 0x000000070e800000, 0x000000070e800000|100%| O|  |TAMS 0x000000070e600000| PB 0x000000070e600000| Untracked |  0
|  24|0x000000070e800000, 0x000000070e800000, 0x000000070ea00000|  0%| F|  |TAMS 0x000000070e800000| PB 0x000000070e800000| Untracked |  0
|  25|0x000000070ea00000, 0x000000070ea00000, 0x000000070ec00000|  0%| F|  |TAMS 0x000000070ea00000| PB 0x000000070ea00000| Untracked |  0
|  26|0x000000070ec00000, 0x000000070ec00000, 0x000000070ee00000|  0%| F|  |TAMS 0x000000070ec00000| PB 0x000000070ec00000| Untracked |  0
|  27|0x000000070ee00000, 0x000000070ee00000, 0x000000070f000000|  0%| F|  |TAMS 0x000000070ee00000| PB 0x000000070ee00000| Untracked |  0
|  28|0x000000070f000000, 0x000000070f000000, 0x000000070f200000|  0%| F|  |TAMS 0x000000070f000000| PB 0x000000070f000000| Untracked |  0
|  29|0x000000070f200000, 0x000000070f200000, 0x000000070f400000|  0%| F|  |TAMS 0x000000070f200000| PB 0x000000070f200000| Untracked |  0
|  30|0x000000070f400000, 0x000000070f400000, 0x000000070f600000|  0%| F|  |TAMS 0x000000070f400000| PB 0x000000070f400000| Untracked |  0
|  31|0x000000070f600000, 0x000000070f600000, 0x000000070f800000|  0%| F|  |TAMS 0x000000070f600000| PB 0x000000070f600000| Untracked |  0
|  32|0x000000070f800000, 0x000000070f800000, 0x000000070fa00000|  0%| F|  |TAMS 0x000000070f800000| PB 0x000000070f800000| Untracked |  0
|  33|0x000000070fa00000, 0x000000070fa00000, 0x000000070fc00000|  0%| F|  |TAMS 0x000000070fa00000| PB 0x000000070fa00000| Untracked |  0
|  34|0x000000070fc00000, 0x000000070fc00000, 0x000000070fe00000|  0%| F|  |TAMS 0x000000070fc00000| PB 0x000000070fc00000| Untracked |  0
|  89|0x0000000716a00000, 0x0000000716a00000, 0x0000000716c00000|  0%| F|  |TAMS 0x0000000716a00000| PB 0x0000000716a00000| Untracked |  0
|  90|0x0000000716c00000, 0x0000000716dd0d60, 0x0000000716e00000| 90%| E|  |TAMS 0x0000000716c00000| PB 0x0000000716c00000| Complete |  0
|  91|0x0000000716e00000, 0x0000000717000000, 0x0000000717000000|100%| E|CS|TAMS 0x0000000716e00000| PB 0x0000000716e00000| Complete |  0
|  92|0x0000000717000000, 0x0000000717200000, 0x0000000717200000|100%| E|CS|TAMS 0x0000000717000000| PB 0x0000000717000000| Complete |  0
|  93|0x0000000717200000, 0x0000000717400000, 0x0000000717400000|100%| E|CS|TAMS 0x0000000717200000| PB 0x0000000717200000| Complete |  0
| 122|0x000000071ac00000, 0x000000071ae00000, 0x000000071ae00000|100%| E|CS|TAMS 0x000000071ac00000| PB 0x000000071ac00000| Complete |  0
|1951|0x00000007ff600000, 0x00000007ff800000, 0x00000007ff800000|100%| O|  |TAMS 0x00000007ff600000| PB 0x00000007ff600000| Untracked |  0
|1952|0x00000007ff800000, 0x00000007ffa00000, 0x00000007ffa00000|100%| O|  |TAMS 0x00000007ff800000| PB 0x00000007ff800000| Untracked |  0
|1953|0x00000007ffa00000, 0x00000007ffc00000, 0x00000007ffc00000|100%| O|  |TAMS 0x00000007ffa00000| PB 0x00000007ffa00000| Untracked |  0
|1954|0x00000007ffc00000, 0x00000007ffe00000, 0x00000007ffe00000|100%| O|  |TAMS 0x00000007ffc00000| PB 0x00000007ffc00000| Untracked |  0
|1955|0x00000007ffe00000, 0x0000000800000000, 0x0000000800000000|100%| E|CS|TAMS 0x00000007ffe00000| PB 0x00000007ffe00000| Complete |  0

Card table byte_map: [0x0000015b5f680000,0x0000015b5fe30000] _byte_map_base: 0x0000015b5be24000

Marking Bits: (CMBitMap*) 0x0000015b47051b70
 Bits: [0x0000015b5fe30000, 0x0000015b63b50000)

Polling page: 0x0000015b44e20000

Metaspace:

Usage:
  Non-class:     84.56 MB used.
      Class:      9.85 MB used.
       Both:     94.41 MB used.

Virtual space:
  Non-class space:      128.00 MB reserved,      84.88 MB ( 66%) committed,  2 nodes.
      Class space:        1.00 GB reserved,      10.25 MB (  1%) committed,  1 nodes.
             Both:        1.12 GB reserved,      95.12 MB (  8%) committed. 

Chunk freelists:
   Non-Class:  10.81 MB
       Class:  5.90 MB
        Both:  16.71 MB

MaxMetaspaceSize: unlimited
CompressedClassSpaceSize: 1.00 GB
Initial GC threshold: 21.00 MB
Current GC threshold: 157.00 MB
CDS: on
 - commit_granule_bytes: 65536.
 - commit_granule_words: 8192.
 - virtual_space_node_default_size: 8388608.
 - enlarge_chunks_in_place: 1.
UseCompressedClassPointers 1, UseCompactObjectHeaders 0
Narrow klass pointer bits 32, Max shift 3
Narrow klass base: 0x0000015b00000000, Narrow klass shift: 0
Encoding Range: [0x0000015b00000000 - 0x0000015c00000000), (4294967296 bytes)
Klass Range:    [0x0000015b00000000 - 0x0000015b41000000), (1090519040 bytes)
Klass ID Range:  [8 - 1090519033) (1090519025)


Internal statistics:

num_allocs_failed_limit: 11.
num_arena_births: 1156.
num_arena_deaths: 330.
num_vsnodes_births: 3.
num_vsnodes_deaths: 0.
num_space_committed: 1522.
num_space_uncommitted: 0.
num_chunks_returned_to_freelist: 349.
num_chunks_taken_from_freelist: 4693.
num_chunk_merges: 89.
num_chunk_splits: 3276.
num_chunks_enlarged: 2667.
num_inconsistent_stats: 0.

CodeHeap 'non-profiled nmethods': size=120064Kb used=6965Kb max_used=6965Kb free=113098Kb
 bounds [0x0000015b57320000, 0x0000015b579f0000, 0x0000015b5e860000]
CodeHeap 'profiled nmethods': size=120000Kb used=23827Kb max_used=24221Kb free=96172Kb
 bounds [0x0000015b4f860000, 0x0000015b51030000, 0x0000015b56d90000]
CodeHeap 'non-nmethods': size=5696Kb used=1843Kb max_used=1983Kb free=3853Kb
 bounds [0x0000015b56d90000, 0x0000015b57000000, 0x0000015b57320000]
CodeCache: size=245760Kb, used=32635Kb, max_used=33169Kb, free=213123Kb
 total_blobs=13654, nmethods=12856, adapters=702, full_count=0
Compilation: enabled, stopped_count=0, restarted_count=0

Compilation events (20 events):
Event: 24001.782 Thread 0x0000015b410187f0 nmethod 17638 0x0000015b50480a08 code [0x0000015b50480ba0, 0x0000015b50481388]
Event: 24001.782 Thread 0x0000015b410187f0 17637       3       org.apache.hc.core5.http.message.MessageSupport::headerOfTokens (45 bytes)
Event: 24001.783 Thread 0x0000015b410187f0 nmethod 17637 0x0000015b5047ff08 code [0x0000015b504800e0, 0x0000015b504809b8]
Event: 24001.783 Thread 0x0000015b410187f0 17639       3       org.apache.hc.client5.http.impl.io.PoolingHttpClientConnectionManagerBuilder::build (123 bytes)
Event: 24001.784 Thread 0x0000015b410187f0 nmethod 17639 0x0000015b5068da08 code [0x0000015b5068dbc0, 0x0000015b5068e420]
Event: 24001.784 Thread 0x0000015b410187f0 17640       3       org.apache.hc.client5.http.ssl.HttpsSupport::getDefaultHostnameVerifier (11 bytes)
Event: 24001.785 Thread 0x0000015b410187f0 nmethod 17640 0x0000015b5020e708 code [0x0000015b5020e840, 0x0000015b5020ead8]
Event: 24001.785 Thread 0x0000015b410187f0 17641       3       org.apache.hc.client5.http.protocol.RequestExpectContinue::<init> (5 bytes)
Event: 24001.785 Thread 0x0000015b410187f0 nmethod 17641 0x0000015b4fd0c508 code [0x0000015b4fd0c620, 0x0000015b4fd0c780]
Event: 24001.785 Thread 0x0000015b410187f0 17642       3       org.apache.hc.client5.http.impl.classic.HttpClientBuilder::<init> (5 bytes)
Event: 24001.785 Thread 0x0000015b410187f0 nmethod 17642 0x0000015b4fd0c208 code [0x0000015b4fd0c320, 0x0000015b4fd0c480]
Event: 24001.787 Thread 0x0000015b410187f0 17643       3       com.fasterxml.jackson.databind.deser.BasicDeserializerFactory::_addImplicitDelegatingConstructors (200 bytes)
Event: 24001.789 Thread 0x0000015b410187f0 nmethod 17643 0x0000015b4ff9fe88 code [0x0000015b4ffa0120, 0x0000015b4ffa18f0]
Event: 24001.789 Thread 0x0000015b410187f0 17645       3       java.util.concurrent.ConcurrentSkipListMap::cpr (26 bytes)
Event: 24001.789 Thread 0x0000015b41016960 17644       4       com.fasterxml.jackson.databind.introspect.AnnotatedClassResolver::_addSuperTypes (103 bytes)
Event: 24001.789 Thread 0x0000015b410187f0 nmethod 17645 0x0000015b5068d488 code [0x0000015b5068d5c0, 0x0000015b5068d990]
Event: 24001.808 Thread 0x0000015b410187f0 17648  s    1       java.lang.StringBuffer::length (5 bytes)
Event: 24001.808 Thread 0x0000015b410187f0 nmethod 17648 0x0000015b579ed308 code [0x0000015b579ed420, 0x0000015b579ed630]
Event: 24001.808 Thread 0x0000015b410187f0 17649       3       java.time.LocalTime::<init> (29 bytes)
Event: 24001.809 Thread 0x0000015b410187f0 nmethod 17649 0x0000015b4fd0bf08 code [0x0000015b4fd0c020, 0x0000015b4fd0c190]

GC Heap History (20 events):
Event: 7001.620 GC heap before
{Heap before GC invocations=18 (full 0):
 garbage-first heap   total reserved 4005888K, committed 92160K, used 76300K [0x000000070b800000, 0x0000000800000000)
  region size 2048K, 16 young (32768K), 2 survivors (4096K)
 Metaspace       used 92119K, committed 92928K, reserved 1179648K
  class space    used 10119K, committed 10496K, reserved 1048576K
}
Event: 7001.646 GC heap after
{Heap after GC invocations=19 (full 0):
 garbage-first heap   total reserved 4005888K, committed 92160K, used 51125K [0x000000070b800000, 0x0000000800000000)
  region size 2048K, 1 young (2048K), 1 survivors (2048K)
 Metaspace       used 92119K, committed 92928K, reserved 1179648K
  class space    used 10119K, committed 10496K, reserved 1048576K
}
Event: 8070.853 GC heap before
{Heap before GC invocations=20 (full 0):
 garbage-first heap   total reserved 4005888K, committed 92160K, used 79797K [0x000000070b800000, 0x0000000800000000)
  region size 2048K, 16 young (32768K), 1 survivors (2048K)
 Metaspace       used 92353K, committed 93184K, reserved 1179648K
  class space    used 10037K, committed 10496K, reserved 1048576K
}
Event: 8070.862 GC heap after
{Heap after GC invocations=21 (full 0):
 garbage-first heap   total reserved 4005888K, committed 92160K, used 51413K [0x000000070b800000, 0x0000000800000000)
  region size 2048K, 1 young (2048K), 1 survivors (2048K)
 Metaspace       used 92353K, committed 93184K, reserved 1179648K
  class space    used 10037K, committed 10496K, reserved 1048576K
}
Event: 9374.880 GC heap before
{Heap before GC invocations=21 (full 0):
 garbage-first heap   total reserved 4005888K, committed 92160K, used 82133K [0x000000070b800000, 0x0000000800000000)
  region size 2048K, 16 young (32768K), 1 survivors (2048K)
 Metaspace       used 93144K, committed 93888K, reserved 1179648K
  class space    used 10047K, committed 10496K, reserved 1048576K
}
Event: 9374.903 GC heap after
{Heap after GC invocations=22 (full 0):
 garbage-first heap   total reserved 4005888K, committed 92160K, used 46223K [0x000000070b800000, 0x0000000800000000)
  region size 2048K, 1 young (2048K), 1 survivors (2048K)
 Metaspace       used 93144K, committed 93888K, reserved 1179648K
  class space    used 10047K, committed 10496K, reserved 1048576K
}
Event: 10058.821 GC heap before
{Heap before GC invocations=22 (full 0):
 garbage-first heap   total reserved 4005888K, committed 92160K, used 81039K [0x000000070b800000, 0x0000000800000000)
  region size 2048K, 19 young (38912K), 1 survivors (2048K)
 Metaspace       used 93671K, committed 94400K, reserved 1179648K
  class space    used 10052K, committed 10496K, reserved 1048576K
}
Event: 10058.850 GC heap after
{Heap after GC invocations=23 (full 0):
 garbage-first heap   total reserved 4005888K, committed 94208K, used 43220K [0x000000070b800000, 0x0000000800000000)
  region size 2048K, 1 young (2048K), 1 survivors (2048K)
 Metaspace       used 93671K, committed 94400K, reserved 1179648K
  class space    used 10052K, committed 10496K, reserved 1048576K
}
Event: 14390.196 GC heap before
{Heap before GC invocations=23 (full 0):
 garbage-first heap   total reserved 4005888K, committed 94208K, used 82132K [0x000000070b800000, 0x0000000800000000)
  region size 2048K, 21 young (43008K), 1 survivors (2048K)
 Metaspace       used 94270K, committed 95040K, reserved 1179648K
  class space    used 10053K, committed 10496K, reserved 1048576K
}
Event: 14390.212 GC heap after
{Heap after GC invocations=24 (full 0):
 garbage-first heap   total reserved 4005888K, committed 94208K, used 43493K [0x000000070b800000, 0x0000000800000000)
  region size 2048K, 1 young (2048K), 1 survivors (2048K)
 Metaspace       used 94270K, committed 95040K, reserved 1179648K
  class space    used 10053K, committed 10496K, reserved 1048576K
}
Event: 16086.954 GC heap before
{Heap before GC invocations=25 (full 0):
 garbage-first heap   total reserved 4005888K, committed 94208K, used 84453K [0x000000070b800000, 0x0000000800000000)
  region size 2048K, 21 young (43008K), 1 survivors (2048K)
 Metaspace       used 94614K, committed 95360K, reserved 1179648K
  class space    used 10061K, committed 10496K, reserved 1048576K
}
Event: 16086.966 GC heap after
{Heap after GC invocations=26 (full 0):
 garbage-first heap   total reserved 4005888K, committed 94208K, used 43397K [0x000000070b800000, 0x0000000800000000)
  region size 2048K, 1 young (2048K), 1 survivors (2048K)
 Metaspace       used 94614K, committed 95360K, reserved 1179648K
  class space    used 10061K, committed 10496K, reserved 1048576K
}
Event: 17587.590 GC heap before
{Heap before GC invocations=26 (full 0):
 garbage-first heap   total reserved 4005888K, committed 94208K, used 82309K [0x000000070b800000, 0x0000000800000000)
  region size 2048K, 21 young (43008K), 1 survivors (2048K)
 Metaspace       used 95398K, committed 96128K, reserved 1179648K
  class space    used 10063K, committed 10496K, reserved 1048576K
}
Event: 17587.615 GC heap after
{Heap after GC invocations=27 (full 0):
 garbage-first heap   total reserved 4005888K, committed 94208K, used 42166K [0x000000070b800000, 0x0000000800000000)
  region size 2048K, 2 young (4096K), 2 survivors (4096K)
 Metaspace       used 95398K, committed 96128K, reserved 1179648K
  class space    used 10063K, committed 10496K, reserved 1048576K
}
Event: 19926.230 GC heap before
{Heap before GC invocations=27 (full 0):
 garbage-first heap   total reserved 4005888K, committed 94208K, used 79030K [0x000000070b800000, 0x0000000800000000)
  region size 2048K, 21 young (43008K), 2 survivors (4096K)
 Metaspace       used 95660K, committed 96448K, reserved 1179648K
  class space    used 10064K, committed 10496K, reserved 1048576K
}
Event: 19926.245 GC heap after
{Heap after GC invocations=28 (full 0):
 garbage-first heap   total reserved 4005888K, committed 94208K, used 42729K [0x000000070b800000, 0x0000000800000000)
  region size 2048K, 2 young (4096K), 2 survivors (4096K)
 Metaspace       used 95660K, committed 96448K, reserved 1179648K
  class space    used 10064K, committed 10496K, reserved 1048576K
}
Event: 23021.208 GC heap before
{Heap before GC invocations=29 (full 0):
 garbage-first heap   total reserved 4005888K, committed 94208K, used 79593K [0x000000070b800000, 0x0000000800000000)
  region size 2048K, 21 young (43008K), 2 survivors (4096K)
 Metaspace       used 95982K, committed 96704K, reserved 1179648K
  class space    used 10065K, committed 10496K, reserved 1048576K
}
Event: 23021.219 GC heap after
{Heap after GC invocations=30 (full 0):
 garbage-first heap   total reserved 4005888K, committed 94208K, used 42224K [0x000000070b800000, 0x0000000800000000)
  region size 2048K, 2 young (4096K), 2 survivors (4096K)
 Metaspace       used 95982K, committed 96704K, reserved 1179648K
  class space    used 10065K, committed 10496K, reserved 1048576K
}
Event: 23761.487 GC heap before
{Heap before GC invocations=30 (full 0):
 garbage-first heap   total reserved 4005888K, committed 94208K, used 81136K [0x000000070b800000, 0x0000000800000000)
  region size 2048K, 21 young (43008K), 2 survivors (4096K)
 Metaspace       used 96567K, committed 97344K, reserved 1179648K
  class space    used 10082K, committed 10496K, reserved 1048576K
}
Event: 23761.515 GC heap after
{Heap after GC invocations=31 (full 0):
 garbage-first heap   total reserved 4005888K, committed 94208K, used 41156K [0x000000070b800000, 0x0000000800000000)
  region size 2048K, 2 young (4096K), 2 survivors (4096K)
 Metaspace       used 96567K, committed 97344K, reserved 1179648K
  class space    used 10082K, committed 10496K, reserved 1048576K
}

Dll operation events (13 events):
Event: 0.099 Loaded shared library C:\Users\smishr\.jdks\openjdk-24.0.1\bin\java.dll
Event: 0.183 Loaded shared library C:\Users\smishr\.jdks\openjdk-24.0.1\bin\jsvml.dll
Event: 1.008 Loaded shared library C:\Users\smishr\.jdks\openjdk-24.0.1\bin\zip.dll
Event: 1.018 Loaded shared library C:\Users\smishr\.jdks\openjdk-24.0.1\bin\instrument.dll
Event: 1.034 Loaded shared library C:\Users\smishr\.jdks\openjdk-24.0.1\bin\net.dll
Event: 1.049 Loaded shared library C:\Users\smishr\.jdks\openjdk-24.0.1\bin\nio.dll
Event: 1.060 Loaded shared library C:\Users\smishr\.jdks\openjdk-24.0.1\bin\zip.dll
Event: 1.506 Loaded shared library C:\Users\smishr\.jdks\openjdk-24.0.1\bin\extnet.dll
Event: 1.582 Loaded shared library C:\Users\smishr\.jdks\openjdk-24.0.1\bin\jimage.dll
Event: 5.900 Loaded shared library C:\Users\smishr\.jdks\openjdk-24.0.1\bin\sunmscapi.dll
Event: 14.479 Loaded shared library C:\Users\smishr\.jdks\openjdk-24.0.1\bin\management.dll
Event: 14.492 Loaded shared library C:\Users\smishr\.jdks\openjdk-24.0.1\bin\management_ext.dll
Event: 16.475 Loaded shared library C:\Users\smishr\.jdks\openjdk-24.0.1\bin\verify.dll

Deoptimization events (20 events):
Event: 23250.723 Thread 0x0000015b41608690 Uncommon trap: trap_request=0xffffff4d fr.pc=0x0000015b5742a5d4 relative=0x0000000000000054
Event: 23250.723 Thread 0x0000015b41608690 Uncommon trap: reason=unstable_if action=reinterpret pc=0x0000015b5742a5d4 method=java.net.Socket.isClosed(I)Z @ 4 c2
Event: 23250.723 Thread 0x0000015b41608690 DEOPT PACKING pc=0x0000015b5742a5d4 sp=0x00000013823fcbd0
Event: 23250.723 Thread 0x0000015b41608690 DEOPT UNPACKING pc=0x0000015b56eb6902 sp=0x00000013823fcb00 mode 2
Event: 23250.761 Thread 0x0000015b41608de0 Uncommon trap: trap_request=0xfffffff4 fr.pc=0x0000015b574d5d50 relative=0x0000000000001ab0
Event: 23250.761 Thread 0x0000015b41608de0 Uncommon trap: reason=null_check action=make_not_entrant pc=0x0000015b574d5d50 method=java.lang.Class.reflectionData()Ljava/lang/Class$ReflectionData; @ 18 c2
Event: 23250.761 Thread 0x0000015b41608de0 DEOPT PACKING pc=0x0000015b574d5d50 sp=0x00000013824f9850
Event: 23250.761 Thread 0x0000015b41608de0 DEOPT UNPACKING pc=0x0000015b56eb6902 sp=0x00000013824f9720 mode 2
Event: 23250.765 Thread 0x0000015b41608690 Uncommon trap: trap_request=0xffffff66 fr.pc=0x0000015b573e18dc relative=0x000000000000039c
Event: 23250.765 Thread 0x0000015b41608690 Uncommon trap: reason=speculate_class_check action=maybe_recompile pc=0x0000015b573e18dc method=java.lang.String.<init>(Ljava/lang/AbstractStringBuilder;Ljava/lang/Void;)V @ 10 c2
Event: 23250.765 Thread 0x0000015b41608690 DEOPT PACKING pc=0x0000015b573e18dc sp=0x00000013823fe370
Event: 23250.765 Thread 0x0000015b41608690 DEOPT UNPACKING pc=0x0000015b56eb6902 sp=0x00000013823fe340 mode 2
Event: 23257.123 Thread 0x0000015b43727400 Uncommon trap: trap_request=0xffffff4d fr.pc=0x0000015b5763e6a4 relative=0x0000000000000084
Event: 23257.123 Thread 0x0000015b43727400 Uncommon trap: reason=unstable_if action=reinterpret pc=0x0000015b5763e6a4 method=java.util.concurrent.ConcurrentSkipListMap.size()I @ 4 c2
Event: 23257.123 Thread 0x0000015b43727400 DEOPT PACKING pc=0x0000015b5763e6a4 sp=0x00000013811ff560
Event: 23257.123 Thread 0x0000015b43727400 DEOPT UNPACKING pc=0x0000015b56eb6902 sp=0x00000013811ff420 mode 2
Event: 23257.123 Thread 0x0000015b43727400 Uncommon trap: trap_request=0xffffff4d fr.pc=0x0000015b57640194 relative=0x0000000000000074
Event: 23257.123 Thread 0x0000015b43727400 Uncommon trap: reason=unstable_if action=reinterpret pc=0x0000015b57640194 method=java.util.concurrent.ConcurrentSkipListMap.size()I @ 4 c2
Event: 23257.123 Thread 0x0000015b43727400 DEOPT PACKING pc=0x0000015b57640194 sp=0x00000013811ff4f0
Event: 23257.123 Thread 0x0000015b43727400 DEOPT UNPACKING pc=0x0000015b56eb6902 sp=0x00000013811ff420 mode 2

Classes loaded (20 events):
Event: 4686.815 Loading class java/util/stream/LongStream
Event: 4686.816 Loading class java/util/stream/LongStream done
Event: 4686.825 Loading class com/sun/crypto/provider/HmacCore$HmacSHA256
Event: 4686.825 Loading class com/sun/crypto/provider/HmacCore$HmacSHA256 done
Event: 4771.322 Loading class java/util/zip/DeflaterOutputStream
Event: 4771.322 Loading class java/util/zip/DeflaterOutputStream done
Event: 4771.325 Loading class java/util/zip/GZIPOutputStream
Event: 4771.325 Loading class java/util/zip/GZIPOutputStream done
Event: 5607.924 Loading class java/util/concurrent/locks/ReentrantReadWriteLock$Sync$HoldCounter
Event: 5607.925 Loading class java/util/concurrent/locks/ReentrantReadWriteLock$Sync$HoldCounter done
Event: 6216.121 Loading class java/lang/classfile/CodeModel
Event: 6216.123 Loading class java/lang/classfile/CodeModel done
Event: 23250.667 Loading class sun/net/util/SocketExceptions
Event: 23250.672 Loading class sun/net/util/SocketExceptions done
Event: 23250.673 Loading class sun/security/util/SecurityProperties
Event: 23250.685 Loading class sun/security/util/SecurityProperties done
Event: 23250.763 Loading class java/lang/Throwable$WrappedPrintWriter
Event: 23250.763 Loading class java/lang/Throwable$PrintStreamOrWriter
Event: 23250.763 Loading class java/lang/Throwable$PrintStreamOrWriter done
Event: 23250.763 Loading class java/lang/Throwable$WrappedPrintWriter done

Classes unloaded (20 events):
Event: 7001.868 Thread 0x0000015b65fddb30 Unloading class 0x0000015b01351800 'java/lang/invoke/LambdaForm$DMH+0x0000015b01351800'
Event: 7001.868 Thread 0x0000015b65fddb30 Unloading class 0x0000015b01351000 'java/lang/invoke/LambdaForm$DMH+0x0000015b01351000'
Event: 7001.868 Thread 0x0000015b65fddb30 Unloading class 0x0000015b01350000 'java/lang/invoke/LambdaForm$DMH+0x0000015b01350000'
Event: 7001.868 Thread 0x0000015b65fddb30 Unloading class 0x0000015b01334000 'java/lang/invoke/LambdaForm$DMH+0x0000015b01334000'
Event: 7001.868 Thread 0x0000015b65fddb30 Unloading class 0x0000015b012c0000 'java/lang/invoke/LambdaForm$DMH+0x0000015b012c0000'
Event: 7001.868 Thread 0x0000015b65fddb30 Unloading class 0x0000015b01290c00 'java/lang/invoke/LambdaForm$DMH+0x0000015b01290c00'
Event: 7001.868 Thread 0x0000015b65fddb30 Unloading class 0x0000015b01290000 'java/lang/invoke/LambdaForm$MH+0x0000015b01290000'
Event: 7001.868 Thread 0x0000015b65fddb30 Unloading class 0x0000015b01250400 'java/lang/invoke/LambdaForm$DMH+0x0000015b01250400'
Event: 7001.868 Thread 0x0000015b65fddb30 Unloading class 0x0000015b011b8000 'java/lang/invoke/LambdaForm$MH+0x0000015b011b8000'
Event: 7001.868 Thread 0x0000015b65fddb30 Unloading class 0x0000015b010f8c00 'java/lang/invoke/LambdaForm$MH+0x0000015b010f8c00'
Event: 7001.868 Thread 0x0000015b65fddb30 Unloading class 0x0000015b010f8800 'java/lang/invoke/LambdaForm$MH+0x0000015b010f8800'
Event: 7001.868 Thread 0x0000015b65fddb30 Unloading class 0x0000015b010e8000 'java/lang/invoke/LambdaForm$DMH+0x0000015b010e8000'
Event: 7001.869 Thread 0x0000015b65fddb30 Unloading class 0x0000015b01010c00 'java/lang/invoke/LambdaForm$BMH+0x0000015b01010c00'
Event: 7001.869 Thread 0x0000015b65fddb30 Unloading class 0x0000015b01002400 'java/lang/invoke/LambdaForm$MH+0x0000015b01002400'
Event: 7001.869 Thread 0x0000015b65fddb30 Unloading class 0x0000015b01002000 'java/lang/invoke/LambdaForm$MH+0x0000015b01002000'
Event: 7001.869 Thread 0x0000015b65fddb30 Unloading class 0x0000015b01001c00 'java/lang/invoke/LambdaForm$MH+0x0000015b01001c00'
Event: 7001.869 Thread 0x0000015b65fddb30 Unloading class 0x0000015b01001400 'java/lang/invoke/LambdaForm$MH+0x0000015b01001400'
Event: 14390.416 Thread 0x0000015b65fddb30 Unloading class 0x0000015b0199cc00 'java/lang/invoke/LambdaForm$BMH+0x0000015b0199cc00'
Event: 19926.404 Thread 0x0000015b65fddb30 Unloading class 0x0000015b01989800 'java/lang/invoke/LambdaForm$MH+0x0000015b01989800'
Event: 19926.404 Thread 0x0000015b65fddb30 Unloading class 0x0000015b0196c400 'java/lang/invoke/LambdaForm$MH+0x0000015b0196c400'

Classes redefined (0 events):
No events

Internal exceptions (20 events):
Event: 23971.760 Thread 0x0000015b41608690 Exception <a 'java/net/ConnectException'{0x0000000716ff19f0}: Connection refused: getsockopt> (0x0000000716ff19f0) 
thrown [s\open\src\hotspot\share\prims\jni.cpp, line 536]
Event: 23971.763 Thread 0x0000015b41608690 Exception <a 'java/net/ConnectException'{0x0000000716ff2570}: Connection refused: getsockopt> (0x0000000716ff2570) 
thrown [s\open\src\hotspot\share\prims\jni.cpp, line 536]
Event: 23971.765 Thread 0x0000015b41608690 Exception <a 'java/io/IOException'{0x0000000716c11fa8}> (0x0000000716c11fa8) 
thrown [s\open\src\hotspot\share\prims\jni.cpp, line 518]
Event: 23971.765 Thread 0x0000015b41608690 Exception <a 'java/io/IOException'{0x0000000716c13b28}> (0x0000000716c13b28) 
thrown [s\open\src\hotspot\share\prims\jni.cpp, line 518]
Event: 23971.766 Thread 0x0000015b41608690 Exception <a 'java/io/IOException'{0x0000000716c1bf78}> (0x0000000716c1bf78) 
thrown [s\open\src\hotspot\share\prims\jni.cpp, line 518]
Event: 23971.768 Thread 0x0000015b41608de0 Exception <a 'java/net/ConnectException'{0x0000000716fc7760}: Connection refused: getsockopt> (0x0000000716fc7760) 
thrown [s\open\src\hotspot\share\prims\jni.cpp, line 536]
Event: 23971.770 Thread 0x0000015b41608de0 Exception <a 'java/net/ConnectException'{0x0000000716fc82e0}: Connection refused: getsockopt> (0x0000000716fc82e0) 
thrown [s\open\src\hotspot\share\prims\jni.cpp, line 536]
Event: 23971.772 Thread 0x0000015b41608de0 Exception <a 'java/io/IOException'{0x0000000716c2d948}> (0x0000000716c2d948) 
thrown [s\open\src\hotspot\share\prims\jni.cpp, line 518]
Event: 23971.772 Thread 0x0000015b41608de0 Exception <a 'java/io/IOException'{0x0000000716c2f3f0}> (0x0000000716c2f3f0) 
thrown [s\open\src\hotspot\share\prims\jni.cpp, line 518]
Event: 23971.773 Thread 0x0000015b41608de0 Exception <a 'java/io/IOException'{0x0000000716c35f10}> (0x0000000716c35f10) 
thrown [s\open\src\hotspot\share\prims\jni.cpp, line 518]
Event: 24001.794 Thread 0x0000015b41608690 Exception <a 'java/net/ConnectException'{0x0000000716d33d48}: Connection refused: getsockopt> (0x0000000716d33d48) 
thrown [s\open\src\hotspot\share\prims\jni.cpp, line 536]
Event: 24001.794 Thread 0x0000015b41608690 Exception <a 'java/net/ConnectException'{0x0000000716d540d0}: Connection refused: getsockopt> (0x0000000716d540d0) 
thrown [s\open\src\hotspot\share\prims\jni.cpp, line 536]
Event: 24001.796 Thread 0x0000015b41608690 Exception <a 'java/io/IOException'{0x0000000716d73630}> (0x0000000716d73630) 
thrown [s\open\src\hotspot\share\prims\jni.cpp, line 518]
Event: 24001.796 Thread 0x0000015b41608690 Exception <a 'java/io/IOException'{0x0000000716d75300}> (0x0000000716d75300) 
thrown [s\open\src\hotspot\share\prims\jni.cpp, line 518]
Event: 24001.796 Thread 0x0000015b41608690 Exception <a 'java/io/IOException'{0x0000000716d7d8e8}> (0x0000000716d7d8e8) 
thrown [s\open\src\hotspot\share\prims\jni.cpp, line 518]
Event: 24001.805 Thread 0x0000015b41608de0 Exception <a 'java/net/ConnectException'{0x0000000716d46d38}: Connection refused: getsockopt> (0x0000000716d46d38) 
thrown [s\open\src\hotspot\share\prims\jni.cpp, line 536]
Event: 24001.806 Thread 0x0000015b41608de0 Exception <a 'java/net/ConnectException'{0x0000000716d478b8}: Connection refused: getsockopt> (0x0000000716d478b8) 
thrown [s\open\src\hotspot\share\prims\jni.cpp, line 536]
Event: 24001.808 Thread 0x0000015b41608de0 Exception <a 'java/io/IOException'{0x0000000716daaf80}> (0x0000000716daaf80) 
thrown [s\open\src\hotspot\share\prims\jni.cpp, line 518]
Event: 24001.809 Thread 0x0000015b41608de0 Exception <a 'java/io/IOException'{0x0000000716daca28}> (0x0000000716daca28) 
thrown [s\open\src\hotspot\share\prims\jni.cpp, line 518]
Event: 24001.809 Thread 0x0000015b41608de0 Exception <a 'java/io/IOException'{0x0000000716db37a0}> (0x0000000716db37a0) 
thrown [s\open\src\hotspot\share\prims\jni.cpp, line 518]

VM Operations (20 events):
Event: 23685.256 Executing VM operation: RendezvousGCThreads
Event: 23685.256 Executing VM operation: RendezvousGCThreads done
Event: 23745.408 Executing VM operation: HandshakeAllThreads (HandshakeForDeflation)
Event: 23745.408 Executing VM operation: HandshakeAllThreads (HandshakeForDeflation) done
Event: 23745.408 Executing VM operation: RendezvousGCThreads
Event: 23745.408 Executing VM operation: RendezvousGCThreads done
Event: 23761.487 Executing VM operation: G1CollectForAllocation (G1 Evacuation Pause)
Event: 23761.515 Executing VM operation: G1CollectForAllocation (G1 Evacuation Pause) done
Event: 23805.571 Executing VM operation: HandshakeAllThreads (HandshakeForDeflation)
Event: 23805.571 Executing VM operation: HandshakeAllThreads (HandshakeForDeflation) done
Event: 23805.571 Executing VM operation: RendezvousGCThreads
Event: 23805.571 Executing VM operation: RendezvousGCThreads done
Event: 23865.727 Executing VM operation: HandshakeAllThreads (HandshakeForDeflation)
Event: 23865.727 Executing VM operation: HandshakeAllThreads (HandshakeForDeflation) done
Event: 23865.727 Executing VM operation: RendezvousGCThreads
Event: 23865.727 Executing VM operation: RendezvousGCThreads done
Event: 23986.052 Executing VM operation: HandshakeAllThreads (HandshakeForDeflation)
Event: 23986.052 Executing VM operation: HandshakeAllThreads (HandshakeForDeflation) done
Event: 23986.052 Executing VM operation: RendezvousGCThreads
Event: 23986.052 Executing VM operation: RendezvousGCThreads done

Memory protections (0 events):
No events

Nmethod flushes (20 events):
Event: 19926.558 Thread 0x0000015b65fddb30 flushing  nmethod 0x0000015b50490908
Event: 19926.558 Thread 0x0000015b65fddb30 flushing  nmethod 0x0000015b50490d08
Event: 19926.558 Thread 0x0000015b65fddb30 flushing  nmethod 0x0000015b50494f08
Event: 19926.558 Thread 0x0000015b65fddb30 flushing  nmethod 0x0000015b50499888
Event: 19926.558 Thread 0x0000015b65fddb30 flushing  nmethod 0x0000015b504a3308
Event: 19926.558 Thread 0x0000015b65fddb30 flushing  nmethod 0x0000015b504b9988
Event: 19926.558 Thread 0x0000015b65fddb30 flushing  nmethod 0x0000015b504be688
Event: 19926.559 Thread 0x0000015b65fddb30 flushing  nmethod 0x0000015b50540788
Event: 19926.559 Thread 0x0000015b65fddb30 flushing  nmethod 0x0000015b506cf108
Event: 19926.559 Thread 0x0000015b65fddb30 flushing  nmethod 0x0000015b506cf988
Event: 19926.559 Thread 0x0000015b65fddb30 flushing  nmethod 0x0000015b506d3488
Event: 19926.559 Thread 0x0000015b65fddb30 flushing  nmethod 0x0000015b506e6c88
Event: 19926.559 Thread 0x0000015b65fddb30 flushing  nmethod 0x0000015b5072d188
Event: 19926.559 Thread 0x0000015b65fddb30 flushing  nmethod 0x0000015b5072d688
Event: 19926.559 Thread 0x0000015b65fddb30 flushing  nmethod 0x0000015b5072e088
Event: 19926.559 Thread 0x0000015b65fddb30 flushing  nmethod 0x0000015b5072ed88
Event: 19926.559 Thread 0x0000015b65fddb30 flushing  nmethod 0x0000015b5072ff08
Event: 19926.559 Thread 0x0000015b65fddb30 flushing  nmethod 0x0000015b50730208
Event: 19926.559 Thread 0x0000015b65fddb30 flushing  nmethod 0x0000015b50732408
Event: 19926.559 Thread 0x0000015b65fddb30 flushing  nmethod 0x0000015b50921988

Events (20 events):
Event: 21685.834 Thread 0x0000015b43cc41c0 Thread exited: 0x0000015b43cc41c0
Event: 21686.893 Thread 0x0000015b43cc5060 Thread added: 0x0000015b43cc6da0
Event: 21686.897 Thread 0x0000015b43cc6da0 Thread added: 0x0000015b43cc41c0
Event: 21691.902 Thread 0x0000015b43cc6da0 Thread exited: 0x0000015b43cc6da0
Event: 21691.963 Thread 0x0000015b43cc41c0 Thread exited: 0x0000015b43cc41c0
Event: 23233.831 Thread 0x0000015b415b1140 Thread exited: 0x0000015b415b1140
Event: 23431.374 Thread 0x0000015b43cc5060 Thread added: 0x0000015b43cc41c0
Event: 23431.378 Thread 0x0000015b43cc41c0 Thread added: 0x0000015b43724820
Event: 23436.378 Thread 0x0000015b43cc41c0 Thread exited: 0x0000015b43cc41c0
Event: 23436.437 Thread 0x0000015b43724820 Thread exited: 0x0000015b43724820
Event: 23444.964 Thread 0x0000015b43cc5060 Thread added: 0x0000015b43724820
Event: 23444.969 Thread 0x0000015b43724820 Thread added: 0x0000015b43cc41c0
Event: 23464.999 Thread 0x0000015b43724820 Thread exited: 0x0000015b43724820
Event: 23465.049 Thread 0x0000015b43cc41c0 Thread exited: 0x0000015b43cc41c0
Event: 23473.002 Thread 0x0000015b43cc5060 Thread added: 0x0000015b43cc41c0
Event: 23473.005 Thread 0x0000015b43cc41c0 Thread added: 0x0000015b43724820
Event: 23478.005 Thread 0x0000015b43cc41c0 Thread exited: 0x0000015b43cc41c0
Event: 23478.057 Thread 0x0000015b43724820 Thread exited: 0x0000015b43724820
Event: 23482.366 Thread 0x0000015b43729890 Thread added: 0x0000015b43724820
Event: 23487.369 Thread 0x0000015b43724820 Thread exited: 0x0000015b43724820


Dynamic libraries:
0x00007ff7df9d0000 - 0x00007ff7df9de000 	C:\Users\smishr\.jdks\openjdk-24.0.1\bin\java.exe
0x00007ffd6a1a0000 - 0x00007ffd6a405000 	C:\windows\SYSTEM32\ntdll.dll
0x00007ffd68a60000 - 0x00007ffd68b29000 	C:\windows\System32\KERNEL32.DLL
0x00007ffd67850000 - 0x00007ffd67c38000 	C:\windows\System32\KERNELBASE.dll
0x00007ffd67640000 - 0x00007ffd6778b000 	C:\windows\System32\ucrtbase.dll
0x00007ffd41e70000 - 0x00007ffd41e8b000 	C:\Users\smishr\.jdks\openjdk-24.0.1\bin\VCRUNTIME140.dll
0x00007ffd43d20000 - 0x00007ffd43d36000 	C:\Users\smishr\.jdks\openjdk-24.0.1\bin\jli.dll
0x00007ffd69f90000 - 0x00007ffd6a15a000 	C:\windows\System32\USER32.dll
0x00007ffd67c40000 - 0x00007ffd67c67000 	C:\windows\System32\win32u.dll
0x00007ffd52850000 - 0x00007ffd52aea000 	C:\windows\WinSxS\amd64_microsoft.windows.common-controls_6595b64144ccf1df_6.0.26100.4202_none_3e0698d4e335f517\COMCTL32.dll
0x00007ffd68950000 - 0x00007ffd6897b000 	C:\windows\System32\GDI32.dll
0x00007ffd69d70000 - 0x00007ffd69e19000 	C:\windows\System32\msvcrt.dll
0x00007ffd67380000 - 0x00007ffd674b7000 	C:\windows\System32\gdi32full.dll
0x00007ffd67c70000 - 0x00007ffd67d13000 	C:\windows\System32\msvcp_win.dll
0x00007ffd68a00000 - 0x00007ffd68a30000 	C:\windows\System32\IMM32.DLL
0x0000015b44de0000 - 0x0000015b44df6000 	C:\windows\System32\umppc19706.dll
0x00007ffd66fc0000 - 0x00007ffd67113000 	C:\Program Files\Avecto\Privilege Guard Client\PGHook.dll
0x00007ffd69140000 - 0x00007ffd691f3000 	C:\windows\System32\ADVAPI32.dll
0x00007ffd68810000 - 0x00007ffd688b6000 	C:\windows\System32\sechost.dll
0x00007ffd68be0000 - 0x00007ffd68cf5000 	C:\windows\System32\RPCRT4.dll
0x00007ffd55b20000 - 0x00007ffd55b2c000 	C:\Users\smishr\.jdks\openjdk-24.0.1\bin\vcruntime140_1.dll
0x00007ffd2fec0000 - 0x00007ffd2ff4e000 	C:\Users\smishr\.jdks\openjdk-24.0.1\bin\msvcp140.dll
0x00007ffcf71f0000 - 0x00007ffcf7f92000 	C:\Users\smishr\.jdks\openjdk-24.0.1\bin\server\jvm.dll
0x00007ffd68790000 - 0x00007ffd68804000 	C:\windows\System32\WS2_32.dll
0x00007ffd67140000 - 0x00007ffd6719e000 	C:\windows\SYSTEM32\POWRPROF.dll
0x00007ffd5bb40000 - 0x00007ffd5bb75000 	C:\windows\SYSTEM32\WINMM.dll
0x00007ffd578e0000 - 0x00007ffd578eb000 	C:\windows\SYSTEM32\VERSION.dll
0x00007ffd67120000 - 0x00007ffd67134000 	C:\windows\SYSTEM32\UMPDC.dll
0x00007ffd65de0000 - 0x00007ffd65dfb000 	C:\windows\SYSTEM32\kernel.appcore.dll
0x00007ffd51040000 - 0x00007ffd5104a000 	C:\Users\smishr\.jdks\openjdk-24.0.1\bin\jimage.dll
0x00007ffd64650000 - 0x00007ffd64891000 	C:\windows\SYSTEM32\DBGHELP.DLL
0x00007ffd683f0000 - 0x00007ffd68775000 	C:\windows\System32\combase.dll
0x00007ffd68ec0000 - 0x00007ffd68fa1000 	C:\windows\System32\OLEAUT32.dll
0x00007ffd41760000 - 0x00007ffd41799000 	C:\windows\SYSTEM32\dbgcore.DLL
0x00007ffd67d20000 - 0x00007ffd67db9000 	C:\windows\System32\bcryptPrimitives.dll
0x00007ffd5a4d0000 - 0x00007ffd5a4df000 	C:\Users\smishr\.jdks\openjdk-24.0.1\bin\instrument.dll
0x00007ffd45700000 - 0x00007ffd4571e000 	C:\Users\smishr\.jdks\openjdk-24.0.1\bin\java.dll
0x00007ffd693e0000 - 0x00007ffd6957e000 	C:\windows\System32\ole32.dll
0x00007ffd69620000 - 0x00007ffd69d62000 	C:\windows\System32\SHELL32.dll
0x00007ffd67dc0000 - 0x00007ffd67f34000 	C:\windows\System32\wintypes.dll
0x00007ffd64a70000 - 0x00007ffd652c8000 	C:\windows\SYSTEM32\windows.storage.dll
0x00007ffd68dc0000 - 0x00007ffd68eb1000 	C:\windows\System32\SHCORE.dll
0x00007ffd68d00000 - 0x00007ffd68d6a000 	C:\windows\System32\shlwapi.dll
0x00007ffd67200000 - 0x00007ffd6722f000 	C:\windows\SYSTEM32\profapi.dll
0x00007ffd22350000 - 0x00007ffd22427000 	C:\Users\smishr\.jdks\openjdk-24.0.1\bin\jsvml.dll
0x00007ffd44ce0000 - 0x00007ffd44cf7000 	C:\Users\smishr\.jdks\openjdk-24.0.1\bin\zip.dll
0x00007ffd4b090000 - 0x00007ffd4b0a0000 	C:\Users\smishr\.jdks\openjdk-24.0.1\bin\net.dll
0x00007ffd66460000 - 0x00007ffd664ca000 	C:\windows\system32\mswsock.dll
0x00007ffd3bf30000 - 0x00007ffd3bf46000 	C:\Users\smishr\.jdks\openjdk-24.0.1\bin\nio.dll
0x00007ffd455e0000 - 0x00007ffd455e9000 	C:\Users\smishr\.jdks\openjdk-24.0.1\bin\extnet.dll
0x00007ffd65690000 - 0x00007ffd656c3000 	C:\windows\SYSTEM32\IPHLPAPI.DLL
0x00007ffd69030000 - 0x00007ffd6903a000 	C:\windows\System32\NSI.dll
0x00007ffd656d0000 - 0x00007ffd657f7000 	C:\windows\SYSTEM32\DNSAPI.dll
0x00007ffd5fe20000 - 0x00007ffd5fe2b000 	C:\Windows\System32\rasadhlp.dll
0x00007ffd5b9d0000 - 0x00007ffd5ba56000 	C:\windows\System32\fwpuclnt.dll
0x00007ffd44020000 - 0x00007ffd4402e000 	C:\Users\smishr\.jdks\openjdk-24.0.1\bin\sunmscapi.dll
0x00007ffd674c0000 - 0x00007ffd67637000 	C:\windows\System32\CRYPT32.dll
0x00007ffd66990000 - 0x00007ffd669c0000 	C:\windows\SYSTEM32\ncrypt.dll
0x00007ffd66940000 - 0x00007ffd6697f000 	C:\windows\SYSTEM32\NTASN1.dll
0x00007ffd66840000 - 0x00007ffd6685b000 	C:\windows\SYSTEM32\CRYPTSP.dll
0x00007ffd65d40000 - 0x00007ffd65d7a000 	C:\windows\system32\rsaenh.dll
0x00007ffd66500000 - 0x00007ffd6652b000 	C:\windows\SYSTEM32\USERENV.dll
0x00007ffd671d0000 - 0x00007ffd671f6000 	C:\windows\SYSTEM32\bcrypt.dll
0x00007ffd666a0000 - 0x00007ffd666ac000 	C:\windows\SYSTEM32\CRYPTBASE.dll
0x00007ffd30d90000 - 0x00007ffd30d9a000 	C:\Users\smishr\.jdks\openjdk-24.0.1\bin\management.dll
0x00007ffd30c80000 - 0x00007ffd30c8b000 	C:\Users\smishr\.jdks\openjdk-24.0.1\bin\management_ext.dll
0x00007ffd68a50000 - 0x00007ffd68a58000 	C:\windows\System32\PSAPI.DLL
0x00007ffd2f690000 - 0x00007ffd2f6a0000 	C:\Users\smishr\.jdks\openjdk-24.0.1\bin\verify.dll
0x00007ffd3b0e0000 - 0x00007ffd3b0e8000 	C:\windows\system32\wshunix.dll

JVMTI agents:
C:\Program Files\JetBrains\IntelliJ IDEA Community Edition 2025.1.1.1\lib\idea_rt.jar path:C:\Users\smishr\.jdks\openjdk-24.0.1\bin\instrument.dll, loaded, initialized, instrumentlib options:57267

dbghelp: loaded successfully - version: 4.0.5 - missing functions: none
symbol engine: initialized successfully - sym options: 0x614 - pdb path: .;C:\Users\smishr\.jdks\openjdk-24.0.1\bin;C:\windows\SYSTEM32;C:\windows\WinSxS\amd64_microsoft.windows.common-controls_6595b64144ccf1df_6.0.26100.4202_none_3e0698d4e335f517;C:\Program Files\Avecto\Privilege Guard Client;C:\Users\smishr\.jdks\openjdk-24.0.1\bin\server

VM Arguments:
jvm_args: -javaagent:C:\Program Files\JetBrains\IntelliJ IDEA Community Edition 2025.1.1.1\lib\idea_rt.jar=57267 -Dfile.encoding=UTF-8 -Dsun.stdout.encoding=UTF-8 -Dsun.stderr.encoding=UTF-8 
java_command: com.eshoppingzone.userProfileService.ProfileServiceApplication
java_class_path (initial): C:\Users\smishr\Desktop\Ecomerce\Profile-service\target\classes;C:\Users\smishr\.m2\repository\org\springdoc\springdoc-openapi-starter-webmvc-ui\2.8.8\springdoc-openapi-starter-webmvc-ui-2.8.8.jar;C:\Users\smishr\.m2\repository\org\springdoc\springdoc-openapi-starter-webmvc-api\2.8.8\springdoc-openapi-starter-webmvc-api-2.8.8.jar;C:\Users\smishr\.m2\repository\org\springdoc\springdoc-openapi-starter-common\2.8.8\springdoc-openapi-starter-common-2.8.8.jar;C:\Users\smishr\.m2\repository\org\springframework\boot\spring-boot-starter-validation\3.4.4\spring-boot-starter-validation-3.4.4.jar;C:\Users\smishr\.m2\repository\org\hibernate\validator\hibernate-validator\8.0.2.Final\hibernate-validator-8.0.2.Final.jar;C:\Users\smishr\.m2\repository\io\swagger\core\v3\swagger-core-jakarta\2.2.30\swagger-core-jakarta-2.2.30.jar;C:\Users\smishr\.m2\repository\org\apache\commons\commons-lang3\3.17.0\commons-lang3-3.17.0.jar;C:\Users\smishr\.m2\repository\io\swagger\core\v3\swagger-annotations-jakarta\2.2.30\swagger-annotations-jakarta-2.2.30.jar;C:\Users\smishr\.m2\repository\io\swagger\core\v3\swagger-models-jakarta\2.2.30\swagger-models-jakarta-2.2.30.jar;C:\Users\smishr\.m2\repository\com\fasterxml\jackson\dataformat\jackson-dataformat-yaml\2.18.3\jackson-dataformat-yaml-2.18.3.jar;C:\Users\smishr\.m2\repository\org\webjars\swagger-ui\5.21.0\swagger-ui-5.21.0.jar;C:\Users\smishr\.m2\repository\org\webjars\webjars-locator-lite\1.0.1\webjars-locator-lite-1.0.1.jar;C:\Users\smishr\.m2\repository\org\jspecify\jspecify\1.0.0\jspecify-1.0.0.jar;C:\Users\smishr\.m2\repository\org\springframework\boot\spring-boot-starter-data-jpa\3.4.4\spring-boot-starter-data-jpa-3.4.4.jar;C:\Users\smishr\.m2\repository\org\springframework\boot\spring-boot-starter\3.4.4\spring-boot-starter-3.4.4.jar;C:\Users\smishr\.m2\repository\org\springframework\boot\spring-boot\3.4.4\spring-boot-3.4.4.jar;C:\Users\smishr\.m2\repository\org\springframework\boot\spring-boot-autoconfigure\3.4.4\spring-boot-autoconfigure-3.4.4.jar;C:\Users\smishr\.m2\repository\org\springframework\boot\spring-boot-starter-logging\3.4.4\spring-boot-starter-logging-3.4.4.jar;C:\Users\smishr\.m2\repository\ch\qos\logback\logback-classic\1.5.18\logback-classic-1.5.18.jar;C:\Users\smishr\.m2\repository\ch\qos\logback\logback-core\1.5.18\logback-core-1.5.18.jar;C:\Users\smishr\.m2\repository\org\apache\logging\log4j\log4j-to-slf4j\2.24.3\log4j-to-slf4j-2.24.3.jar;C:\Users\smishr\.m2\repository\org\apache\logging\log4j\log4j-api\2.24.3\log4j-api-2.24.3.jar;C:\Users\smishr\.m2\repository\org\slf4j\jul-to-slf4j\2.0.17\jul-to-slf4j-2.0.17.jar;C:\Users\smishr\.m2\repository\jakarta\annotation\jakarta.annotation-api\2.1.1\jakarta.annotation-api-2.1.1.jar;C:\Users\smishr\.m2\repository\org\yaml\snakeyaml\2.3\snakeyaml-2.3.jar;C:\Users\smishr\.m2\repository\org\springframework\boot\spring-boot-starter-jdbc\3.4.4\spring-boot-starter-jdbc-3.4.4.jar;C:\Users\smishr\.m2\repository\com\zaxxer\HikariCP\5.1.0\HikariCP-5.1.0.jar;C:\Users\smishr\.m2\repository\org\springframework\spring-jdbc\6.2.5\spring-jdbc-6.2.5.jar;C:\Users\smishr\.m2\repository\org\hibernate\orm\hibernate-core\6.6.11.Final\hibernate-core-6.6.11.Final.jar;C:\Users\smishr\.m2\repository\jakarta\persistence\jakarta.persistence-api\3.1.0\jakarta.persistence-api-3.1.0.jar;C:\Users\smishr\.m2\repository\jakarta\transaction\jakarta.transaction-api\2.0.1\jakarta.transaction-api-2.0.1.jar;C:\Users\smishr\.m2\repository\org\jboss\logging\jboss-logging\3.6.1.Final\jboss-logging-3.6.1.Final.jar;C:\Users\smishr\.m2\repository\org\hibernate\common\hibernate-commons-annotations\7.0.3.Final\hibernate-commons-annotations-7.0.3.Final.jar;C:\Users\smishr\.m2\repository\io\smallrye\jandex\3.2.0\jandex-3.2.0.jar;C:\Users\smishr\.m2\repository\com\fasterxml\classmate\1.7.0\classmate-1.7.0.jar;C:\Users\smishr\.m2\repository\net\bytebuddy\byte-buddy\1.15.11\byte-buddy-1.15.11.jar;C:\Users\smishr\.m2\repository\org\glassfish\jaxb\jaxb-runtime\4.0.5\jaxb-runtime-4.0.5.jar;C:\Users\smishr\.m2\repository\org\glassfish\jaxb\jaxb-core\4.0.5\jaxb-core-4.0.5.jar;C:\Users\smishr\.m2\repository\org\eclipse\angus\angus-activation\2.0.2\angus-activation-2.0.2.jar;C:\Users\smishr\.m2\repository\org\glassfish\jaxb\txw2\4.0.5\txw2-4.0.5.jar;C:\Users\smishr\.m2\repository\com\sun\istack\istack-commons-runtime\4.1.2\istack-commons-runtime-4.1.2.jar;C:\Users\smishr\.m2\repository\jakarta\inject\jakarta.inject-api\2.0.1\jakarta.inject-api-2.0.1.jar;C:\Users\smishr\.m2\repository\org\antlr\antlr4-runtime\4.13.0\antlr4-runtime-4.13.0.jar;C:\Users\smishr\.m2\repository\org\springframework\data\spring-data-jpa\3.4.4\spring-data-jpa-3.4.4.jar;C:\Users\smishr\.m2\repository\org\springframework\data\spring-data-commons\3.4.4\spring-data-commons-3.4.4.jar;C:\Users\smishr\.m2\repository\org\springframework\spring-orm\6.2.5\spring-orm-6.2.5.jar;C:\Users\smishr\.m2\repository\org\springframework\spring-context\6.2.5\spring-context-6.2.5.jar;C:\Users\smishr\.m2\repository\org\springframework\spring-tx\6.2.5\spring-tx-6.2.5.jar;C:\Users\smishr\.m2\repository\org\springframework\spring-beans\6.2.5\spring-beans-6.2.5.jar;C:\Users\smishr\.m2\repository\org\slf4j\slf4j-api\2.0.17\slf4j-api-2.0.17.jar;C:\Users\smishr\.m2\repository\org\springframework\spring-aspects\6.2.5\spring-aspects-6.2.5.jar;C:\Users\smishr\.m2\repository\org\aspectj\aspectjweaver\1.9.23\aspectjweaver-1.9.23.jar;C:\Users\smishr\.m2\repository\org\springframework\boot\spring-boot-starter-security\3.4.4\spring-boot-starter-security-3.4.4.jar;C:\Users\smishr\.m2\repository\org\springframework\spring-aop\6.2.5\spring-aop-6.2.5.jar;C:\Users\smishr\.m2\repository\org\springframework\security\spring-security-config\6.4.4\spring-security-config-6.4.4.jar;C:\Users\smishr\.m2\repository\org\springframework\security\spring-security-web\6.4.4\spring-security-web-6.4.4.jar;C:\Users\smishr\.m2\repository\org\springframework\spring-expression\6.2.5\spring-expression-6.2.5.jar;C:\Users\smishr\.m2\repository\org\springframework\boot\spring-boot-starter-web\3.4.4\spring-boot-starter-web-3.4.4.jar;C:\Users\smishr\.m2\repository\org\springframework\boot\spring-boot-starter-json\3.4.4\spring-boot-starter-json-3.4.4.jar;C:\Users\smishr\.m2\repository\com\fasterxml\jackson\datatype\jackson-datatype-jdk8\2.18.3\jackson-datatype-jdk8-2.18.3.jar;C:\Users\smishr\.m2\repository\com\fasterxml\jackson\datatype\jackson-datatype-jsr310\2.18.3\jackson-datatype-jsr310-2.18.3.jar;C:\Users\smishr\.m2\repository\com\fasterxml\jackson\module\jackson-module-parameter-names\2.18.3\jackson-module-parameter-names-2.18.3.jar;C:\Users\smishr\.m2\repository\org\springframework\boot\spring-boot-starter-tomcat\3.4.4\spring-boot-starter-tomcat-3.4.4.jar;C:\Users\smishr\.m2\repository\org\apache\tomcat\embed\tomcat-embed-core\10.1.39\tomcat-embed-core-10.1.39.jar;C:\Users\smishr\.m2\repository\org\apache\tomcat\embed\tomcat-embed-el\10.1.39\tomcat-embed-el-10.1.39.jar;C:\Users\smishr\.m2\repository\org\apache\tomcat\embed\tomcat-embed-websocket\10.1.39\tomcat-embed-websocket-10.1.39.jar;C:\Users\smishr\.m2\repository\org\springframework\spring-web\6.2.5\spring-web-6.2.5.jar;C:\Users\smishr\.m2\repository\io\micrometer\micrometer-observation\1.14.5\micrometer-observation-1.14.5.jar;C:\Users\smishr\.m2\repository\io\micrometer\micrometer-commons\1.14.5\micrometer-commons-1.14.5.jar;C:\Users\smishr\.m2\repository\org\springframework\spring-webmvc\6.2.5\spring-webmvc-6.2.5.jar;C:\Users\smishr\.m2\repository\org\springframework\cloud\spring-cloud-starter-netflix-eureka-client\4.2.1\spring-cloud-starter-netflix-eureka-client-4.2.1.jar;C:\Users\smishr\.m2\repository\org\springframework\cloud\spring-cloud-starter\4.2.1\spring-cloud-starter-4.2.1.jar;C:\Users\smishr\.m2\repository\org\springframework\cloud\spring-cloud-context\4.2.1\spring-cloud-context-4.2.1.jar;C:\Users\smishr\.m2\repository\org\springframework\cloud\spring-cloud-commons\4.2.1\spring-cloud-commons-4.2.1.jar;C:\Users\smishr\.m2\repository\org\bouncycastle\bcprov-jdk18on\1.78.1\bcprov-jdk18on-1.78.1.jar;C:\Users\smishr\.m2\repository\org\springframework\cloud\spring-cloud-netflix-eureka-client\4.2.1\spring-cloud-netflix-eureka-client-4.2.1.jar;C:\Users\smishr\.m2\repository\org\apache\httpcomponents\client5\httpclient5\5.4.2\httpclient5-5.4.2.jar;C:\Users\smishr\.m2\repository\org\apache\httpcomponents\core5\httpcore5\5.3.3\httpcore5-5.3.3.jar;C:\Users\smishr\.m2\repository\org\apache\httpcomponents\core5\httpcore5-h2\5.3.3\httpcore5-h2-5.3.3.jar;C:\Users\smishr\.m2\repository\com\netflix\eureka\eureka-client\2.0.4\eureka-client-2.0.4.jar;C:\Users\smishr\.m2\repository\com\thoughtworks\xstream\xstream\1.4.20\xstream-1.4.20.jar;C:\Users\smishr\.m2\repository\io\github\x-stream\mxparser\1.2.2\mxparser-1.2.2.jar;C:\Users\smishr\.m2\repository\xmlpull\xmlpull\1.1.3.1\xmlpull-1.1.3.1.jar;C:\Users\smishr\.m2\repository\jakarta\ws\rs\jakarta.ws.rs-api\3.1.0\jakarta.ws.rs-api-3.1.0.jar;C:\Users\smishr\.m2\repository\com\netflix\spectator\spectator-api\1.7.3\spectator-api-1.7.3.jar;C:\Users\smishr\.m2\repository\org\apache\httpcomponents\httpclient\4.5.3\httpclient-4.5.3.jar;C:\Users\smishr\.m2\repository\org\apache\httpcomponents\httpcore\4.4.16\httpcore-4.4.16.jar;C:\Users\smishr\.m2\repository\commons-codec\commons-codec\1.17.2\commons-codec-1.17.2.jar;C:\Users\smishr\.m2\repository\commons-configuration\commons-configuration\1.10\commons-configuration-1.10.jar;C:\Users\smishr\.m2\repository\commons-lang\commons-lang\2.6\commons-lang-2.6.jar;C:\Users\smishr\.m2\repository\com\fasterxml\jackson\core\jackson-annotations\2.18.3\jackson-annotations-2.18.3.jar;C:\Users\smishr\.m2\repository\com\fasterxml\jackson\core\jackson-core\2.18.3\jackson-core-2.18.3.jar;C:\Users\smishr\.m2\repository\com\netflix\netflix-commons\netflix-eventbus\0.3.0\netflix-eventbus-0.3.0.jar;C:\Users\smishr\.m2\repository\com\netflix\netflix-commons\netflix-infix\0.3.0\netflix-infix-0.3.0.jar;C:\Users\smishr\.m2\repository\commons-jxpath\commons-jxpath\1.3\commons-jxpath-1.3.jar;C:\Users\smishr\.m2\repository\joda-time\joda-time\2.3\joda-time-2.3.jar;C:\Users\smishr\.m2\repository\org\antlr\antlr-runtime\3.4\antlr-runtime-3.4.jar;C:\Users\smishr\.m2\repository\org\antlr\stringtemplate\3.2.1\stringtemplate-3.2.1.jar;C:\Users\smishr\.m2\repository\antlr\antlr\2.7.7\antlr-2.7.7.jar;C:\Users\smishr\.m2\repository\com\google\guava\guava\14.0.1\guava-14.0.1.jar;C:\Users\smishr\.m2\repository\com\google\code\gson\gson\2.11.0\gson-2.11.0.jar;C:\Users\smishr\.m2\repository\com\google\errorprone\error_prone_annotations\2.27.0\error_prone_annotations-2.27.0.jar;C:\Users\smishr\.m2\repository\com\netflix\servo\servo-core\0.5.3\servo-core-0.5.3.jar;C:\Users\smishr\.m2\repository\org\apache\commons\commons-math\2.2\commons-math-2.2.jar;C:\Users\smishr\.m2\repository\javax\annotation\javax.annotation-api\1.2\javax.annotation-api-1.2.jar;C:\Users\smishr\.m2\repository\org\codehaus\jettison\jettison\1.5.4\jettison-1.5.4.jar;C:\Users\smishr\.m2\repository\org\springframework\cloud\spring-cloud-starter-loadbalancer\4.2.1\spring-cloud-starter-loadbalancer-4.2.1.jar;C:\Users\smishr\.m2\repository\org\springframework\cloud\spring-cloud-loadbalancer\4.2.1\spring-cloud-loadbalancer-4.2.1.jar;C:\Users\smishr\.m2\repository\io\projectreactor\reactor-core\3.7.4\reactor-core-3.7.4.jar;C:\Users\smishr\.m2\repository\org\reactivestreams\reactive-streams\1.0.4\reactive-streams-1.0.4.jar;C:\Users\smishr\.m2\repository\io\projectreactor\addons\reactor-extra\3.5.2\reactor-extra-3.5.2.jar;C:\Users\smishr\.m2\repository\org\springframework\boot\spring-boot-starter-cache\3.4.4\spring-boot-starter-cache-3.4.4.jar;C:\Users\smishr\.m2\repository\org\springframework\spring-context-support\6.2.5\spring-context-support-6.2.5.jar;C:\Users\smishr\.m2\repository\com\stoyanr\evictor\1.0.0\evictor-1.0.0.jar;C:\Users\smishr\.m2\repository\jakarta\validation\jakarta.validation-api\3.0.2\jakarta.validation-api-3.0.2.jar;C:\Users\smishr\.m2\repository\org\springframework\boot\spring-boot-starter-oauth2-client\3.4.4\spring-boot-starter-oauth2-client-3.4.4.jar;C:\Users\smishr\.m2\repository\org\springframework\security\spring-security-core\6.4.4\spring-security-core-6.4.4.jar;C:\Users\smishr\.m2\repository\org\springframework\security\spring-security-crypto\6.4.4\spring-security-crypto-6.4.4.jar;C:\Users\smishr\.m2\repository\org\springframework\security\spring-security-oauth2-client\6.4.4\spring-security-oauth2-client-6.4.4.jar;C:\Users\smishr\.m2\repository\org\springframework\security\spring-security-oauth2-core\6.4.4\spring-security-oauth2-core-6.4.4.jar;C:\Users\smishr\.m2\repository\com\nimbusds\oauth2-oidc-sdk\9.43.6\oauth2-oidc-sdk-9.43.6.jar;C:\Users\smishr\.m2\repository\com\github\stephenc\jcip\jcip-annotations\1.0-1\jcip-annotations-1.0-1.jar;C:\Users\smishr\.m2\repository\com\nimbusds\content-type\2.2\content-type-2.2.jar;C:\Users\smishr\.m2\repository\com\nimbusds\lang-tag\1.7\lang-tag-1.7.jar;C:\Users\smishr\.m2\repository\org\springframework\security\spring-security-oauth2-jose\6.4.4\spring-security-oauth2-jose-6.4.4.jar;C:\Users\smishr\.m2\repository\com\nimbusds\nimbus-jose-jwt\9.37.3\nimbus-jose-jwt-9.37.3.jar;C:\Users\smishr\.m2\repository\io\jsonwebtoken\jjwt-api\0.11.5\jjwt-api-0.11.5.jar;C:\Users\smishr\.m2\repository\io\jsonwebtoken\jjwt-impl\0.11.5\jjwt-impl-0.11.5.jar;C:\Users\smishr\.m2\repository\io\jsonwebtoken\jjwt-jackson\0.11.5\jjwt-jackson-0.11.5.jar;C:\Users\smishr\.m2\repository\com\fasterxml\jackson\core\jackson-databind\2.18.3\jackson-databind-2.18.3.jar;C:\Users\smishr\.m2\repository\com\mysql\mysql-connector-j\9.1.0\mysql-connector-j-9.1.0.jar;C:\Users\smishr\.m2\repository\org\projectlombok\lombok\1.18.38\lombok-1.18.38.jar;C:\Users\smishr\.m2\repository\jakarta\xml\bind\jakarta.xml.bind-api\4.0.2\jakarta.xml.bind-api-4.0.2.jar;C:\Users\smishr\.m2\repository\jakarta\activation\jakarta.activation-api\2.1.3\jakarta.activation-api-2.1.3.jar;C:\Users\smishr\.m2\repository\net\minidev\json-smart\2.5.2\json-smart-2.5.2.jar;C:\Users\smishr\.m2\repository\net\minidev\accessors-smart\2.5.2\accessors-smart-2.5.2.jar;C:\Users\smishr\.m2\repository\org\ow2\asm\asm\9.7.1\asm-9.7.1.jar;C:\Users\smishr\.m2\repository\org\springframework\spring-core\6.2.5\spring-core-6.2.5.jar;C:\Users\smishr\.m2\repository\org\springframework\spring-jcl\6.2.5\spring-jcl-6.2.5.jar
Launcher Type: SUN_STANDARD

[Global flags]
     intx CICompilerCount                          = 4                                         {product} {ergonomic}
     uint ConcGCThreads                            = 3                                         {product} {ergonomic}
     uint G1ConcRefinementThreads                  = 10                                        {product} {ergonomic}
   size_t G1HeapRegionSize                         = 2097152                                   {product} {ergonomic}
   size_t InitialHeapSize                          = 257949696                                 {product} {ergonomic}
   size_t MarkStackSize                            = 4194304                                   {product} {ergonomic}
   size_t MarkStackSizeMax                         = 536870912                                 {product} {ergonomic}
   size_t MaxHeapSize                              = 4102029312                                {product} {ergonomic}
   size_t MaxNewSize                               = 2459959296                                {product} {ergonomic}
   size_t MinHeapDeltaBytes                        = 2097152                                   {product} {ergonomic}
   size_t MinHeapSize                              = 8388608                                   {product} {ergonomic}
    uintx NonNMethodCodeHeapSize                   = 5832704                                {pd product} {ergonomic}
    uintx NonProfiledCodeHeapSize                  = 122945536                              {pd product} {ergonomic}
    uintx ProfiledCodeHeapSize                     = 122880000                              {pd product} {ergonomic}
    uintx ReservedCodeCacheSize                    = 251658240                              {pd product} {ergonomic}
     bool SegmentedCodeCache                       = true                                      {product} {ergonomic}
   size_t SoftMaxHeapSize                          = 4102029312                             {manageable} {ergonomic}
     bool UseCompressedOops                        = true                           {product lp64_product} {ergonomic}
     bool UseG1GC                                  = true                                      {product} {ergonomic}
     bool UseLargePagesIndividualAllocation        = false                                  {pd product} {ergonomic}

Logging:
Log output configuration:
 #0: stdout all=warning uptime,level,tags foldmultilines=false
 #1: stderr all=off uptime,level,tags foldmultilines=false

Environment Variables:
PATH=C:\Python313\Scripts\;C:\Python313\;C:\Program Files\Eclipse Adoptium\jdk-21.0.4.7-hotspot\bin;C:\windows\system32;C:\windows;C:\windows\System32\Wbem;C:\windows\System32\WindowsPowerShell\v1.0\;C:\windows\System32\OpenSSH\;C:\Program Files\WindowsPowerShell\Scripts;C:\Program Files\Git\cmd;C:\Program Files\ServiceNow\agent-client-collector\bin;C:\Program Files\ServiceNow\agent-client-collector\embedded\bin;C:\Program Files\Microsoft VS Code\bin;C:\ProgramData\chocolatey\bin;C:\Program Files\nodejs\;C:\Users\smishr\AppData\Local\Microsoft\WindowsApps;;C:\Program Files\JetBrains\IntelliJ IDEA Community Edition 2025.1.1.1\bin;
USERNAME=smishr
OS=Windows_NT
PROCESSOR_IDENTIFIER=AMD64 Family 25 Model 124 Stepping 0, AuthenticAMD
TMP=C:\Users\smishr\AppData\Local\Temp
TEMP=C:\Users\smishr\AppData\Local\Temp




Periodic native trim disabled

---------------  S Y S T E M  ---------------

OS:
 Windows 11 , 64 bit Build 26100 (10.0.26100.4202)
OS uptime: 1 days 7:21 hours
Hyper-V role detected

CPU: total 12 (initial active 12) (12 cores per cpu, 2 threads per core) family 25 model 124 stepping 0 microcode 0xa70c005, cx8, cmov, fxsr, ht, mmx, 3dnowpref, sse, sse2, sse3, ssse3, sse4a, sse4.1, sse4.2, popcnt, lzcnt, tsc, tscinvbit, avx, avx2, aes, erms, clmul, bmi1, bmi2, adx, avx512f, avx512dq, avx512cd, avx512bw, avx512vl, sha, fma, vzeroupper, avx512_vpopcntdq, avx512_vpclmulqdq, avx512_vaes, avx512_vnni, clflush, clflushopt, avx512_vbmi2, avx512_vbmi, hv, rdtscp, rdpid, fsrm, gfni, avx512_bitalg, f16c, cet_ss, avx512_ifma
Processor Information for the first 12 processors :
  Max Mhz: 3201, Current Mhz: 1981, Mhz Limit: 3201

Memory: 4k page, system-wide physical 15645M (817M free)
TotalPageFile size 62749M (AvailPageFile size 26M)
current process WorkingSet (physical memory assigned to process): 217M, peak: 325M
current process commit charge ("private bytes"): 378M, peak: 401M

vm_info: OpenJDK 64-Bit Server VM (24.0.1+9-30) for windows-amd64 JRE (24.0.1+9-30), built on 2025-03-05T07:23:45Z with MS VC++ 17.6 (VS2022)

END.
